[ 2015-09-28T12:34:07+08:00 ] 127.0.0.1 /library/library/
INFO: [ app_init ] --START--
INFO: Run Behavior\BuildLiteBehavior [ RunTime:0.000021s ]
INFO: [ app_init ] --END-- [ RunTime:0.000728s ]
INFO: [ app_begin ] --START--
INFO: Run Behavior\ReadHtmlCacheBehavior [ RunTime:0.000819s ]
INFO: [ app_begin ] --END-- [ RunTime:0.000883s ]
INFO: [ view_parse ] --START--
INFO: Run Behavior\ParseTemplateBehavior [ RunTime:0.084746s ]
INFO: [ view_parse ] --END-- [ RunTime:0.084861s ]
INFO: [ view_filter ] --START--
INFO: Run Behavior\WriteHtmlCacheBehavior [ RunTime:0.005372s ]
INFO: [ view_filter ] --END-- [ RunTime:0.005435s ]
INFO: [ app_end ] --START--
INFO: Run Behavior\ShowPageTraceBehavior [ RunTime:0.004066s ]
INFO: [ app_end ] --END-- [ RunTime:0.004152s ]

[ 2015-09-28T12:34:29+08:00 ] 127.0.0.1 /library/library/index.php/Images/line.gif
INFO: [ app_init ] --START--
INFO: Run Behavior\BuildLiteBehavior [ RunTime:0.000019s ]
INFO: [ app_init ] --END-- [ RunTime:0.000437s ]

[ 2015-09-28T12:34:32+08:00 ] 127.0.0.1 /library/library/index.php/Images/item_over.gif
INFO: [ app_init ] --START--
INFO: Run Behavior\BuildLiteBehavior [ RunTime:0.000018s ]
INFO: [ app_init ] --END-- [ RunTime:0.000402s ]

[ 2015-09-28T12:34:32+08:00 ] 127.0.0.1 /library/library/index.php/Images/item_over.gif
INFO: [ app_init ] --START--
INFO: Run Behavior\BuildLiteBehavior [ RunTime:0.000018s ]
INFO: [ app_init ] --END-- [ RunTime:0.000391s ]

[ 2015-09-28T12:34:32+08:00 ] 127.0.0.1 /library/library/index.php/Images/item_over.gif
INFO: [ app_init ] --START--
INFO: Run Behavior\BuildLiteBehavior [ RunTime:0.000018s ]
INFO: [ app_init ] --END-- [ RunTime:0.000444s ]

[ 2015-09-28T12:34:32+08:00 ] 127.0.0.1 /library/library/index.php/.Images/item_out.gif
INFO: [ app_init ] --START--
INFO: Run Behavior\BuildLiteBehavior [ RunTime:0.000019s ]
INFO: [ app_init ] --END-- [ RunTime:0.000449s ]

[ 2015-09-28T12:34:32+08:00 ] 127.0.0.1 /library/library/index.php/.Images/item_out.gif
INFO: [ app_init ] --START--
INFO: Run Behavior\BuildLiteBehavior [ RunTime:0.000021s ]
INFO: [ app_init ] --END-- [ RunTime:0.000407s ]

[ 2015-09-28T12:34:32+08:00 ] 127.0.0.1 /library/library/index.php/Images/item_over.gif
INFO: [ app_init ] --START--
INFO: Run Behavior\BuildLiteBehavior [ RunTime:0.000018s ]
INFO: [ app_init ] --END-- [ RunTime:0.000406s ]

[ 2015-09-28T12:34:32+08:00 ] 127.0.0.1 /library/library/index.php/Images/item_over.gif
INFO: [ app_init ] --START--
INFO: Run Behavior\BuildLiteBehavior [ RunTime:0.000017s ]
INFO: [ app_init ] --END-- [ RunTime:0.000532s ]

[ 2015-09-28T12:34:32+08:00 ] 127.0.0.1 /library/library/index.php/.Images/item_out.gif
INFO: [ app_init ] --START--
INFO: Run Behavior\BuildLiteBehavior [ RunTime:0.000017s ]
INFO: [ app_init ] --END-- [ RunTime:0.000395s ]

[ 2015-09-28T12:34:32+08:00 ] 127.0.0.1 /library/library/index.php/Images/item_over.gif
INFO: [ app_init ] --START--
INFO: Run Behavior\BuildLiteBehavior [ RunTime:0.000018s ]
INFO: [ app_init ] --END-- [ RunTime:0.000390s ]

[ 2015-09-28T12:34:33+08:00 ] 127.0.0.1 /library/library/index.php/Images/item_over.gif
INFO: [ app_init ] --START--
INFO: Run Behavior\BuildLiteBehavior [ RunTime:0.000015s ]
INFO: [ app_init ] --END-- [ RunTime:0.000355s ]

[ 2015-09-28T12:34:33+08:00 ] 127.0.0.1 /library/library/index.php/.Images/item_out.gif
INFO: [ app_init ] --START--
INFO: Run Behavior\BuildLiteBehavior [ RunTime:0.000030s ]
INFO: [ app_init ] --END-- [ RunTime:0.000552s ]

[ 2015-09-28T12:34:33+08:00 ] 127.0.0.1 /library/library/index.php/Images/item_over.gif
INFO: [ app_init ] --START--
INFO: Run Behavior\BuildLiteBehavior [ RunTime:0.000025s ]
INFO: [ app_init ] --END-- [ RunTime:0.000626s ]

[ 2015-09-28T12:34:33+08:00 ] 127.0.0.1 /library/library/index.php/Images/item_over.gif
INFO: [ app_init ] --START--
INFO: Run Behavior\BuildLiteBehavior [ RunTime:0.000018s ]
INFO: [ app_init ] --END-- [ RunTime:0.000439s ]

[ 2015-09-28T12:34:33+08:00 ] 127.0.0.1 /library/library/index.php/.Images/item_out.gif
INFO: [ app_init ] --START--
INFO: Run Behavior\BuildLiteBehavior [ RunTime:0.000019s ]
INFO: [ app_init ] --END-- [ RunTime:0.000466s ]

[ 2015-09-28T12:34:33+08:00 ] 127.0.0.1 /library/library/index.php/Images/item_over.gif
INFO: [ app_init ] --START--
INFO: Run Behavior\BuildLiteBehavior [ RunTime:0.000017s ]
INFO: [ app_init ] --END-- [ RunTime:0.000371s ]

[ 2015-09-28T12:34:33+08:00 ] 127.0.0.1 /library/library/index.php/Images/item_over.gif
INFO: [ app_init ] --START--
INFO: Run Behavior\BuildLiteBehavior [ RunTime:0.000017s ]
INFO: [ app_init ] --END-- [ RunTime:0.000338s ]

[ 2015-09-28T12:34:33+08:00 ] 127.0.0.1 /library/library/index.php/.Images/item_out.gif
INFO: [ app_init ] --START--
INFO: Run Behavior\BuildLiteBehavior [ RunTime:0.000017s ]
INFO: [ app_init ] --END-- [ RunTime:0.000378s ]

[ 2015-09-28T12:34:33+08:00 ] 127.0.0.1 /library/library/index.php/booktype.html
INFO: [ app_init ] --START--
INFO: Run Behavior\BuildLiteBehavior [ RunTime:0.000016s ]
INFO: [ app_init ] --END-- [ RunTime:0.000357s ]
INFO: [ app_begin ] --START--
INFO: Run Behavior\ReadHtmlCacheBehavior [ RunTime:0.000496s ]
INFO: [ app_begin ] --END-- [ RunTime:0.000563s ]
ERR: 无法加载控制器:Booktype

[ 2015-09-28T12:34:47+08:00 ] 127.0.0.1 /library/library/index.php/Images/item_over.gif
INFO: [ app_init ] --START--
INFO: Run Behavior\BuildLiteBehavior [ RunTime:0.000023s ]
INFO: [ app_init ] --END-- [ RunTime:0.000438s ]

[ 2015-09-28T12:34:47+08:00 ] 127.0.0.1 /library/library/index.php/Images/item_over.gif
INFO: [ app_init ] --START--
INFO: Run Behavior\BuildLiteBehavior [ RunTime:0.000018s ]
INFO: [ app_init ] --END-- [ RunTime:0.000425s ]

[ 2015-09-28T12:34:47+08:00 ] 127.0.0.1 /library/library/index.php/.Images/item_out.gif
INFO: [ app_init ] --START--
INFO: Run Behavior\BuildLiteBehavior [ RunTime:0.000021s ]
INFO: [ app_init ] --END-- [ RunTime:0.000705s ]

[ 2015-09-28T12:34:47+08:00 ] 127.0.0.1 /library/library/index.php/Images/item_over.gif
INFO: [ app_init ] --START--
INFO: Run Behavior\BuildLiteBehavior [ RunTime:0.000019s ]
INFO: [ app_init ] --END-- [ RunTime:0.000384s ]

[ 2015-09-28T12:34:47+08:00 ] 127.0.0.1 /library/library/index.php/.Images/item_out.gif
INFO: [ app_init ] --START--
INFO: Run Behavior\BuildLiteBehavior [ RunTime:0.000019s ]
INFO: [ app_init ] --END-- [ RunTime:0.000407s ]

[ 2015-09-28T12:34:47+08:00 ] 127.0.0.1 /library/library/index.php/Images/item_over.gif
INFO: [ app_init ] --START--
INFO: Run Behavior\BuildLiteBehavior [ RunTime:0.000018s ]
INFO: [ app_init ] --END-- [ RunTime:0.000396s ]

[ 2015-09-28T12:34:47+08:00 ] 127.0.0.1 /library/library/index.php/.Images/item_out.gif
INFO: [ app_init ] --START--
INFO: Run Behavior\BuildLiteBehavior [ RunTime:0.000018s ]
INFO: [ app_init ] --END-- [ RunTime:0.000386s ]

[ 2015-09-28T12:34:47+08:00 ] 127.0.0.1 /library/library/index.php/Images/item_over.gif
INFO: [ app_init ] --START--
INFO: Run Behavior\BuildLiteBehavior [ RunTime:0.000017s ]
INFO: [ app_init ] --END-- [ RunTime:0.000368s ]

[ 2015-09-28T12:34:47+08:00 ] 127.0.0.1 /library/library/index.php/Images/item_over.gif
INFO: [ app_init ] --START--
INFO: Run Behavior\BuildLiteBehavior [ RunTime:0.000018s ]
INFO: [ app_init ] --END-- [ RunTime:0.000408s ]

[ 2015-09-28T12:34:47+08:00 ] 127.0.0.1 /library/library/index.php/.Images/item_out.gif
INFO: [ app_init ] --START--
INFO: Run Behavior\BuildLiteBehavior [ RunTime:0.000019s ]
INFO: [ app_init ] --END-- [ RunTime:0.000462s ]

[ 2015-09-28T12:34:47+08:00 ] 127.0.0.1 /library/library/index.php/Images/item_over.gif
INFO: [ app_init ] --START--
INFO: Run Behavior\BuildLiteBehavior [ RunTime:0.000015s ]
INFO: [ app_init ] --END-- [ RunTime:0.000354s ]

[ 2015-09-28T12:34:48+08:00 ] 127.0.0.1 /library/library/index.php/Images/item_over.gif
INFO: [ app_init ] --START--
INFO: Run Behavior\BuildLiteBehavior [ RunTime:0.000018s ]
INFO: [ app_init ] --END-- [ RunTime:0.000381s ]

[ 2015-09-28T12:34:48+08:00 ] 127.0.0.1 /library/library/index.php/.Images/item_out.gif
INFO: [ app_init ] --START--
INFO: Run Behavior\BuildLiteBehavior [ RunTime:0.000015s ]
INFO: [ app_init ] --END-- [ RunTime:0.000372s ]

[ 2015-09-28T12:34:54+08:00 ] 127.0.0.1 /library/library/index.php/.Images/item_out.gif
INFO: [ app_init ] --START--
INFO: Run Behavior\BuildLiteBehavior [ RunTime:0.000017s ]
INFO: [ app_init ] --END-- [ RunTime:0.000385s ]

[ 2015-09-28T12:34:54+08:00 ] 127.0.0.1 /library/library/index.php/booktype.html
INFO: [ app_init ] --START--
INFO: Run Behavior\BuildLiteBehavior [ RunTime:0.000017s ]
INFO: [ app_init ] --END-- [ RunTime:0.000383s ]
INFO: [ app_begin ] --START--
INFO: Run Behavior\ReadHtmlCacheBehavior [ RunTime:0.000579s ]
INFO: [ app_begin ] --END-- [ RunTime:0.000683s ]
ERR: 无法加载控制器:Booktype

[ 2015-09-28T12:38:16+08:00 ] 127.0.0.1 /library/library/index.php/Images/line.gif
INFO: [ app_init ] --START--
INFO: Run Behavior\BuildLiteBehavior [ RunTime:0.000029s ]
INFO: [ app_init ] --END-- [ RunTime:0.000583s ]

[ 2015-09-28T12:38:17+08:00 ] 127.0.0.1 /library/library/index.php/Images/item_over.gif
INFO: [ app_init ] --START--
INFO: Run Behavior\BuildLiteBehavior [ RunTime:0.000018s ]
INFO: [ app_init ] --END-- [ RunTime:0.000386s ]

[ 2015-09-28T12:38:17+08:00 ] 127.0.0.1 /library/library/index.php/Images/item_over.gif
INFO: [ app_init ] --START--
INFO: Run Behavior\BuildLiteBehavior [ RunTime:0.000017s ]
INFO: [ app_init ] --END-- [ RunTime:0.000378s ]

[ 2015-09-28T12:38:17+08:00 ] 127.0.0.1 /library/library/index.php/.Images/item_out.gif
INFO: [ app_init ] --START--
INFO: Run Behavior\BuildLiteBehavior [ RunTime:0.000018s ]
INFO: [ app_init ] --END-- [ RunTime:0.000732s ]

[ 2015-09-28T12:38:18+08:00 ] 127.0.0.1 /library/library/index.php/Images/item_over.gif
INFO: [ app_init ] --START--
INFO: Run Behavior\BuildLiteBehavior [ RunTime:0.000030s ]
INFO: [ app_init ] --END-- [ RunTime:0.000439s ]

[ 2015-09-28T12:38:18+08:00 ] 127.0.0.1 /library/library/index.php/Images/item_over.gif
INFO: [ app_init ] --START--
INFO: Run Behavior\BuildLiteBehavior [ RunTime:0.000019s ]
INFO: [ app_init ] --END-- [ RunTime:0.000462s ]

[ 2015-09-28T12:38:18+08:00 ] 127.0.0.1 /library/library/index.php/.Images/item_out.gif
INFO: [ app_init ] --START--
INFO: Run Behavior\BuildLiteBehavior [ RunTime:0.000018s ]
INFO: [ app_init ] --END-- [ RunTime:0.000509s ]

[ 2015-09-28T12:38:41+08:00 ] 127.0.0.1 /library/library/index.php/Images/line.gif
INFO: [ app_init ] --START--
INFO: Run Behavior\BuildLiteBehavior [ RunTime:0.000028s ]
INFO: [ app_init ] --END-- [ RunTime:0.000439s ]

[ 2015-09-28T12:38:42+08:00 ] 127.0.0.1 /library/library/index.php/Images/item_over.gif
INFO: [ app_init ] --START--
INFO: Run Behavior\BuildLiteBehavior [ RunTime:0.000017s ]
INFO: [ app_init ] --END-- [ RunTime:0.000365s ]

[ 2015-09-28T12:38:42+08:00 ] 127.0.0.1 /library/library/index.php/Images/item_over.gif
INFO: [ app_init ] --START--
INFO: Run Behavior\BuildLiteBehavior [ RunTime:0.000018s ]
INFO: [ app_init ] --END-- [ RunTime:0.000426s ]

[ 2015-09-28T12:38:42+08:00 ] 127.0.0.1 /library/library/index.php/.Images/item_out.gif
INFO: [ app_init ] --START--
INFO: Run Behavior\BuildLiteBehavior [ RunTime:0.000016s ]
INFO: [ app_init ] --END-- [ RunTime:0.000365s ]

[ 2015-09-28T12:38:42+08:00 ] 127.0.0.1 /library/library/index.php/Images/item_over.gif
INFO: [ app_init ] --START--
INFO: Run Behavior\BuildLiteBehavior [ RunTime:0.000019s ]
INFO: [ app_init ] --END-- [ RunTime:0.000412s ]

[ 2015-09-28T12:38:42+08:00 ] 127.0.0.1 /library/library/index.php/.Images/item_out.gif
INFO: [ app_init ] --START--
INFO: Run Behavior\BuildLiteBehavior [ RunTime:0.000020s ]
INFO: [ app_init ] --END-- [ RunTime:0.000551s ]

[ 2015-09-28T12:38:42+08:00 ] 127.0.0.1 /library/library/index.php/Images/item_over.gif
INFO: [ app_init ] --START--
INFO: Run Behavior\BuildLiteBehavior [ RunTime:0.000014s ]
INFO: [ app_init ] --END-- [ RunTime:0.000413s ]

[ 2015-09-28T12:38:42+08:00 ] 127.0.0.1 /library/library/index.php/.Images/item_out.gif
INFO: [ app_init ] --START--
INFO: Run Behavior\BuildLiteBehavior [ RunTime:0.000019s ]
INFO: [ app_init ] --END-- [ RunTime:0.000701s ]

[ 2015-09-28T12:38:42+08:00 ] 127.0.0.1 /library/library/index.php/Images/item_over.gif
INFO: [ app_init ] --START--
INFO: Run Behavior\BuildLiteBehavior [ RunTime:0.000017s ]
INFO: [ app_init ] --END-- [ RunTime:0.000385s ]

[ 2015-09-28T12:38:42+08:00 ] 127.0.0.1 /library/library/index.php/Images/item_over.gif
INFO: [ app_init ] --START--
INFO: Run Behavior\BuildLiteBehavior [ RunTime:0.000022s ]
INFO: [ app_init ] --END-- [ RunTime:0.000541s ]

[ 2015-09-28T12:38:42+08:00 ] 127.0.0.1 /library/library/index.php/.Images/item_out.gif
INFO: [ app_init ] --START--
INFO: Run Behavior\BuildLiteBehavior [ RunTime:0.000026s ]
INFO: [ app_init ] --END-- [ RunTime:0.000658s ]

[ 2015-09-28T12:38:43+08:00 ] 127.0.0.1 /library/library/index.php/.Images/item_out.gif
INFO: [ app_init ] --START--
INFO: Run Behavior\BuildLiteBehavior [ RunTime:0.000018s ]
INFO: [ app_init ] --END-- [ RunTime:0.000401s ]

[ 2015-09-28T12:38:43+08:00 ] 127.0.0.1 /library/library/index.php/Images/item_over.gif
INFO: [ app_init ] --START--
INFO: Run Behavior\BuildLiteBehavior [ RunTime:0.000019s ]
INFO: [ app_init ] --END-- [ RunTime:0.000587s ]

[ 2015-09-28T12:38:45+08:00 ] 127.0.0.1 /library/library/index.php/booktype.html
INFO: [ app_init ] --START--
INFO: Run Behavior\BuildLiteBehavior [ RunTime:0.000018s ]
INFO: [ app_init ] --END-- [ RunTime:0.000461s ]
INFO: [ app_begin ] --START--
INFO: Run Behavior\ReadHtmlCacheBehavior [ RunTime:0.000514s ]
INFO: [ app_begin ] --END-- [ RunTime:0.000588s ]
ERR: 无法加载控制器:Booktype

[ 2015-09-28T12:38:45+08:00 ] 127.0.0.1 /library/library/index.php/.Images/item_out.gif
INFO: [ app_init ] --START--
INFO: Run Behavior\BuildLiteBehavior [ RunTime:0.000018s ]
INFO: [ app_init ] --END-- [ RunTime:0.000382s ]

[ 2015-09-28T12:40:15+08:00 ] 127.0.0.1 /library/library/index.php/Images/line.gif
INFO: [ app_init ] --START--
INFO: Run Behavior\BuildLiteBehavior [ RunTime:0.000016s ]
INFO: [ app_init ] --END-- [ RunTime:0.000340s ]

[ 2015-09-28T12:40:16+08:00 ] 127.0.0.1 /library/library/index.php/Images/item_over.gif
INFO: [ app_init ] --START--
INFO: Run Behavior\BuildLiteBehavior [ RunTime:0.000018s ]
INFO: [ app_init ] --END-- [ RunTime:0.000395s ]

[ 2015-09-28T12:40:16+08:00 ] 127.0.0.1 /library/library/index.php/Images/item_over.gif
INFO: [ app_init ] --START--
INFO: Run Behavior\BuildLiteBehavior [ RunTime:0.000044s ]
INFO: [ app_init ] --END-- [ RunTime:0.000633s ]

[ 2015-09-28T12:40:16+08:00 ] 127.0.0.1 /library/library/index.php/.Images/item_out.gif
INFO: [ app_init ] --START--
INFO: Run Behavior\BuildLiteBehavior [ RunTime:0.000023s ]
INFO: [ app_init ] --END-- [ RunTime:0.000444s ]

[ 2015-09-28T12:40:16+08:00 ] 127.0.0.1 /library/library/index.php/Images/item_over.gif
INFO: [ app_init ] --START--
INFO: Run Behavior\BuildLiteBehavior [ RunTime:0.000018s ]
INFO: [ app_init ] --END-- [ RunTime:0.000424s ]

[ 2015-09-28T12:40:16+08:00 ] 127.0.0.1 /library/library/index.php/.Images/item_out.gif
INFO: [ app_init ] --START--
INFO: Run Behavior\BuildLiteBehavior [ RunTime:0.000028s ]
INFO: [ app_init ] --END-- [ RunTime:0.000579s ]

[ 2015-09-28T12:40:16+08:00 ] 127.0.0.1 /library/library/index.php/Images/item_over.gif
INFO: [ app_init ] --START--
INFO: Run Behavior\BuildLiteBehavior [ RunTime:0.000019s ]
INFO: [ app_init ] --END-- [ RunTime:0.000492s ]

[ 2015-09-28T12:40:16+08:00 ] 127.0.0.1 /library/library/index.php/Images/item_over.gif
INFO: [ app_init ] --START--
INFO: Run Behavior\BuildLiteBehavior [ RunTime:0.000017s ]
INFO: [ app_init ] --END-- [ RunTime:0.000378s ]

[ 2015-09-28T12:40:16+08:00 ] 127.0.0.1 /library/library/index.php/.Images/item_out.gif
INFO: [ app_init ] --START--
INFO: Run Behavior\BuildLiteBehavior [ RunTime:0.000017s ]
INFO: [ app_init ] --END-- [ RunTime:0.000378s ]

[ 2015-09-28T12:40:16+08:00 ] 127.0.0.1 /library/library/index.php/Images/item_over.gif
INFO: [ app_init ] --START--
INFO: Run Behavior\BuildLiteBehavior [ RunTime:0.000015s ]
INFO: [ app_init ] --END-- [ RunTime:0.000329s ]

[ 2015-09-28T12:40:38+08:00 ] 127.0.0.1 /library/library/index.php/.Images/item_out.gif
INFO: [ app_init ] --START--
INFO: Run Behavior\BuildLiteBehavior [ RunTime:0.000018s ]
INFO: [ app_init ] --END-- [ RunTime:0.000418s ]

[ 2015-09-28T12:43:49+08:00 ] 127.0.0.1 /library/library/index.php/Images/item_over.gif
INFO: [ app_init ] --START--
INFO: Run Behavior\BuildLiteBehavior [ RunTime:0.000020s ]
INFO: [ app_init ] --END-- [ RunTime:0.000466s ]

[ 2015-09-28T12:43:49+08:00 ] 127.0.0.1 /library/library/index.php/Images/item_over.gif
INFO: [ app_init ] --START--
INFO: Run Behavior\BuildLiteBehavior [ RunTime:0.000022s ]
INFO: [ app_init ] --END-- [ RunTime:0.001768s ]

[ 2015-09-28T12:43:49+08:00 ] 127.0.0.1 /library/library/index.php/.Images/item_out.gif
INFO: [ app_init ] --START--
INFO: Run Behavior\BuildLiteBehavior [ RunTime:0.000026s ]
INFO: [ app_init ] --END-- [ RunTime:0.000566s ]

[ 2015-09-28T12:43:49+08:00 ] 127.0.0.1 /library/library/index.php/Images/item_over.gif
INFO: [ app_init ] --START--
INFO: Run Behavior\BuildLiteBehavior [ RunTime:0.000018s ]
INFO: [ app_init ] --END-- [ RunTime:0.000419s ]

[ 2015-09-28T12:43:49+08:00 ] 127.0.0.1 /library/library/index.php/.Images/item_out.gif
INFO: [ app_init ] --START--
INFO: Run Behavior\BuildLiteBehavior [ RunTime:0.000016s ]
INFO: [ app_init ] --END-- [ RunTime:0.000343s ]

[ 2015-09-28T12:43:51+08:00 ] 127.0.0.1 /library/library/index.php/Images/item_over.gif
INFO: [ app_init ] --START--
INFO: Run Behavior\BuildLiteBehavior [ RunTime:0.000018s ]
INFO: [ app_init ] --END-- [ RunTime:0.000381s ]

[ 2015-09-28T12:43:51+08:00 ] 127.0.0.1 /library/library/index.php/.Images/item_out.gif
INFO: [ app_init ] --START--
INFO: Run Behavior\BuildLiteBehavior [ RunTime:0.000017s ]
INFO: [ app_init ] --END-- [ RunTime:0.000371s ]

[ 2015-09-28T12:43:51+08:00 ] 127.0.0.1 /library/library/index.php/Images/item_over.gif
INFO: [ app_init ] --START--
INFO: Run Behavior\BuildLiteBehavior [ RunTime:0.000017s ]
INFO: [ app_init ] --END-- [ RunTime:0.000344s ]

[ 2015-09-28T12:43:52+08:00 ] 127.0.0.1 /library/library/index.php/Images/item_over.gif
INFO: [ app_init ] --START--
INFO: Run Behavior\BuildLiteBehavior [ RunTime:0.000017s ]
INFO: [ app_init ] --END-- [ RunTime:0.000362s ]

[ 2015-09-28T12:43:52+08:00 ] 127.0.0.1 /library/library/index.php/.Images/item_out.gif
INFO: [ app_init ] --START--
INFO: Run Behavior\BuildLiteBehavior [ RunTime:0.000028s ]
INFO: [ app_init ] --END-- [ RunTime:0.000604s ]

[ 2015-09-28T12:43:52+08:00 ] 127.0.0.1 /library/library/index.php/Images/item_over.gif
INFO: [ app_init ] --START--
INFO: Run Behavior\BuildLiteBehavior [ RunTime:0.000027s ]
INFO: [ app_init ] --END-- [ RunTime:0.000372s ]

[ 2015-09-28T12:43:54+08:00 ] 127.0.0.1 /library/library/index.php/Images/item_over.gif
INFO: [ app_init ] --START--
INFO: Run Behavior\BuildLiteBehavior [ RunTime:0.000019s ]
INFO: [ app_init ] --END-- [ RunTime:0.000383s ]

[ 2015-09-28T12:43:54+08:00 ] 127.0.0.1 /library/library/index.php/.Images/item_out.gif
INFO: [ app_init ] --START--
INFO: Run Behavior\BuildLiteBehavior [ RunTime:0.000024s ]
INFO: [ app_init ] --END-- [ RunTime:0.000604s ]

[ 2015-09-28T12:44:17+08:00 ] 127.0.0.1 /library/library/index.php/Images/line.gif
INFO: [ app_init ] --START--
INFO: Run Behavior\BuildLiteBehavior [ RunTime:0.000018s ]
INFO: [ app_init ] --END-- [ RunTime:0.000381s ]

[ 2015-09-28T12:44:18+08:00 ] 127.0.0.1 /library/library/index.php/Images/item_over.gif
INFO: [ app_init ] --START--
INFO: Run Behavior\BuildLiteBehavior [ RunTime:0.000018s ]
INFO: [ app_init ] --END-- [ RunTime:0.000383s ]

[ 2015-09-28T12:44:18+08:00 ] 127.0.0.1 /library/library/index.php/Images/item_over.gif
INFO: [ app_init ] --START--
INFO: Run Behavior\BuildLiteBehavior [ RunTime:0.000028s ]
INFO: [ app_init ] --END-- [ RunTime:0.000565s ]

[ 2015-09-28T12:44:18+08:00 ] 127.0.0.1 /library/library/index.php/.Images/item_out.gif
INFO: [ app_init ] --START--
INFO: Run Behavior\BuildLiteBehavior [ RunTime:0.000020s ]
INFO: [ app_init ] --END-- [ RunTime:0.000489s ]

[ 2015-09-28T12:44:19+08:00 ] 127.0.0.1 /library/library/index.php/.Images/item_out.gif
INFO: [ app_init ] --START--
INFO: Run Behavior\BuildLiteBehavior [ RunTime:0.000019s ]
INFO: [ app_init ] --END-- [ RunTime:0.000456s ]

[ 2015-09-28T12:44:19+08:00 ] 127.0.0.1 /library/library/index.php/Images/item_over.gif
INFO: [ app_init ] --START--
INFO: Run Behavior\BuildLiteBehavior [ RunTime:0.000018s ]
INFO: [ app_init ] --END-- [ RunTime:0.000434s ]

[ 2015-09-28T12:44:19+08:00 ] 127.0.0.1 /library/library/index.php/Images/item_over.gif
INFO: [ app_init ] --START--
INFO: Run Behavior\BuildLiteBehavior [ RunTime:0.000018s ]
INFO: [ app_init ] --END-- [ RunTime:0.000380s ]

[ 2015-09-28T12:44:19+08:00 ] 127.0.0.1 /library/library/index.php/Images/item_over.gif
INFO: [ app_init ] --START--
INFO: Run Behavior\BuildLiteBehavior [ RunTime:0.000017s ]
INFO: [ app_init ] --END-- [ RunTime:0.000435s ]

[ 2015-09-28T12:44:19+08:00 ] 127.0.0.1 /library/library/index.php/.Images/item_out.gif
INFO: [ app_init ] --START--
INFO: Run Behavior\BuildLiteBehavior [ RunTime:0.000018s ]
INFO: [ app_init ] --END-- [ RunTime:0.000446s ]

[ 2015-09-28T12:44:19+08:00 ] 127.0.0.1 /library/library/index.php/Images/item_over.gif
INFO: [ app_init ] --START--
INFO: Run Behavior\BuildLiteBehavior [ RunTime:0.000017s ]
INFO: [ app_init ] --END-- [ RunTime:0.000386s ]

[ 2015-09-28T12:44:20+08:00 ] 127.0.0.1 /library/library/index.php/.Images/item_out.gif
INFO: [ app_init ] --START--
INFO: Run Behavior\BuildLiteBehavior [ RunTime:0.000028s ]
INFO: [ app_init ] --END-- [ RunTime:0.000573s ]

[ 2015-09-28T12:44:20+08:00 ] 127.0.0.1 /library/library/index.php/Images/item_over.gif
INFO: [ app_init ] --START--
INFO: Run Behavior\BuildLiteBehavior [ RunTime:0.000028s ]
INFO: [ app_init ] --END-- [ RunTime:0.000467s ]

[ 2015-09-28T12:44:22+08:00 ] 127.0.0.1 /library/library/index.php/Images/item_over.gif
INFO: [ app_init ] --START--
INFO: Run Behavior\BuildLiteBehavior [ RunTime:0.000018s ]
INFO: [ app_init ] --END-- [ RunTime:0.000374s ]

[ 2015-09-28T12:44:22+08:00 ] 127.0.0.1 /library/library/index.php/Images/item_over.gif
INFO: [ app_init ] --START--
INFO: Run Behavior\BuildLiteBehavior [ RunTime:0.000017s ]
INFO: [ app_init ] --END-- [ RunTime:0.000380s ]

[ 2015-09-28T12:44:22+08:00 ] 127.0.0.1 /library/library/index.php/.Images/item_out.gif
INFO: [ app_init ] --START--
INFO: Run Behavior\BuildLiteBehavior [ RunTime:0.000021s ]
INFO: [ app_init ] --END-- [ RunTime:0.000375s ]

[ 2015-09-28T12:44:31+08:00 ] 127.0.0.1 /library/library/index.php/Images/line.gif
INFO: [ app_init ] --START--
INFO: Run Behavior\BuildLiteBehavior [ RunTime:0.000018s ]
INFO: [ app_init ] --END-- [ RunTime:0.000406s ]

[ 2015-09-28T12:44:32+08:00 ] 127.0.0.1 /library/library/index.php/Images/item_over.gif
INFO: [ app_init ] --START--
INFO: Run Behavior\BuildLiteBehavior [ RunTime:0.000018s ]
INFO: [ app_init ] --END-- [ RunTime:0.000393s ]

[ 2015-09-28T12:44:32+08:00 ] 127.0.0.1 /library/library/index.php/.Images/item_out.gif
INFO: [ app_init ] --START--
INFO: Run Behavior\BuildLiteBehavior [ RunTime:0.000018s ]
INFO: [ app_init ] --END-- [ RunTime:0.000460s ]

[ 2015-09-28T12:44:32+08:00 ] 127.0.0.1 /library/library/index.php/Images/item_over.gif
INFO: [ app_init ] --START--
INFO: Run Behavior\BuildLiteBehavior [ RunTime:0.000018s ]
INFO: [ app_init ] --END-- [ RunTime:0.000401s ]

[ 2015-09-28T12:44:32+08:00 ] 127.0.0.1 /library/library/index.php/Images/item_over.gif
INFO: [ app_init ] --START--
INFO: Run Behavior\BuildLiteBehavior [ RunTime:0.000018s ]
INFO: [ app_init ] --END-- [ RunTime:0.000471s ]

[ 2015-09-28T12:44:32+08:00 ] 127.0.0.1 /library/library/index.php/.Images/item_out.gif
INFO: [ app_init ] --START--
INFO: Run Behavior\BuildLiteBehavior [ RunTime:0.000027s ]
INFO: [ app_init ] --END-- [ RunTime:0.000364s ]

[ 2015-09-28T12:44:32+08:00 ] 127.0.0.1 /library/library/index.php/Images/item_over.gif
INFO: [ app_init ] --START--
INFO: Run Behavior\BuildLiteBehavior [ RunTime:0.000019s ]
INFO: [ app_init ] --END-- [ RunTime:0.000477s ]

[ 2015-09-28T12:44:32+08:00 ] 127.0.0.1 /library/library/index.php/.Images/item_out.gif
INFO: [ app_init ] --START--
INFO: Run Behavior\BuildLiteBehavior [ RunTime:0.000018s ]
INFO: [ app_init ] --END-- [ RunTime:0.000407s ]

[ 2015-09-28T12:44:32+08:00 ] 127.0.0.1 /library/library/index.php/Images/item_over.gif
INFO: [ app_init ] --START--
INFO: Run Behavior\BuildLiteBehavior [ RunTime:0.000018s ]
INFO: [ app_init ] --END-- [ RunTime:0.000434s ]

[ 2015-09-28T12:44:32+08:00 ] 127.0.0.1 /library/library/index.php/.Images/item_out.gif
INFO: [ app_init ] --START--
INFO: Run Behavior\BuildLiteBehavior [ RunTime:0.000017s ]
INFO: [ app_init ] --END-- [ RunTime:0.000402s ]

[ 2015-09-28T12:44:33+08:00 ] 127.0.0.1 /library/library/index.php/Images/item_over.gif
INFO: [ app_init ] --START--
INFO: Run Behavior\BuildLiteBehavior [ RunTime:0.000017s ]
INFO: [ app_init ] --END-- [ RunTime:0.000388s ]

[ 2015-09-28T12:44:33+08:00 ] 127.0.0.1 /library/library/index.php/.Images/item_out.gif
INFO: [ app_init ] --START--
INFO: Run Behavior\BuildLiteBehavior [ RunTime:0.000016s ]
INFO: [ app_init ] --END-- [ RunTime:0.000431s ]

[ 2015-09-28T12:44:33+08:00 ] 127.0.0.1 /library/library/index.php/.Images/item_out.gif
INFO: [ app_init ] --START--
INFO: Run Behavior\BuildLiteBehavior [ RunTime:0.000018s ]
INFO: [ app_init ] --END-- [ RunTime:0.000536s ]

[ 2015-09-28T12:46:08+08:00 ] 127.0.0.1 /library/library/index.php/Images/item_over.gif
INFO: [ app_init ] --START--
INFO: Run Behavior\BuildLiteBehavior [ RunTime:0.000017s ]
INFO: [ app_init ] --END-- [ RunTime:0.000388s ]

[ 2015-09-28T12:46:08+08:00 ] 127.0.0.1 /library/library/index.php/.Images/item_out.gif
INFO: [ app_init ] --START--
INFO: Run Behavior\BuildLiteBehavior [ RunTime:0.000017s ]
INFO: [ app_init ] --END-- [ RunTime:0.000408s ]

[ 2015-09-28T12:46:08+08:00 ] 127.0.0.1 /library/library/index.php/Images/item_over.gif
INFO: [ app_init ] --START--
INFO: Run Behavior\BuildLiteBehavior [ RunTime:0.000018s ]
INFO: [ app_init ] --END-- [ RunTime:0.000399s ]

[ 2015-09-28T12:46:08+08:00 ] 127.0.0.1 /library/library/index.php/Images/item_over.gif
INFO: [ app_init ] --START--
INFO: Run Behavior\BuildLiteBehavior [ RunTime:0.000018s ]
INFO: [ app_init ] --END-- [ RunTime:0.000404s ]

[ 2015-09-28T12:46:08+08:00 ] 127.0.0.1 /library/library/index.php/.Images/item_out.gif
INFO: [ app_init ] --START--
INFO: Run Behavior\BuildLiteBehavior [ RunTime:0.000019s ]
INFO: [ app_init ] --END-- [ RunTime:0.000392s ]

[ 2015-09-28T12:46:08+08:00 ] 127.0.0.1 /library/library/index.php/.Images/item_out.gif
INFO: [ app_init ] --START--
INFO: Run Behavior\BuildLiteBehavior [ RunTime:0.000018s ]
INFO: [ app_init ] --END-- [ RunTime:0.000379s ]

[ 2015-09-28T12:46:08+08:00 ] 127.0.0.1 /library/library/index.php/Images/item_over.gif
INFO: [ app_init ] --START--
INFO: Run Behavior\BuildLiteBehavior [ RunTime:0.000016s ]
INFO: [ app_init ] --END-- [ RunTime:0.000352s ]

[ 2015-09-28T12:46:08+08:00 ] 127.0.0.1 /library/library/index.php/Images/item_over.gif
INFO: [ app_init ] --START--
INFO: Run Behavior\BuildLiteBehavior [ RunTime:0.000017s ]
INFO: [ app_init ] --END-- [ RunTime:0.000407s ]

[ 2015-09-28T12:46:08+08:00 ] 127.0.0.1 /library/library/index.php/.Images/item_out.gif
INFO: [ app_init ] --START--
INFO: Run Behavior\BuildLiteBehavior [ RunTime:0.000017s ]
INFO: [ app_init ] --END-- [ RunTime:0.000365s ]

[ 2015-09-28T12:46:08+08:00 ] 127.0.0.1 /library/library/index.php/Images/item_over.gif
INFO: [ app_init ] --START--
INFO: Run Behavior\BuildLiteBehavior [ RunTime:0.000017s ]
INFO: [ app_init ] --END-- [ RunTime:0.000343s ]

[ 2015-09-28T12:46:08+08:00 ] 127.0.0.1 /library/library/index.php/.Images/item_out.gif
INFO: [ app_init ] --START--
INFO: Run Behavior\BuildLiteBehavior [ RunTime:0.000026s ]
INFO: [ app_init ] --END-- [ RunTime:0.000523s ]

[ 2015-09-28T12:46:08+08:00 ] 127.0.0.1 /library/library/index.php/Images/item_over.gif
INFO: [ app_init ] --START--
INFO: Run Behavior\BuildLiteBehavior [ RunTime:0.000018s ]
INFO: [ app_init ] --END-- [ RunTime:0.000376s ]

[ 2015-09-28T12:46:08+08:00 ] 127.0.0.1 /library/library/index.php/bookcase.html
INFO: [ app_init ] --START--
INFO: Run Behavior\BuildLiteBehavior [ RunTime:0.000019s ]
INFO: [ app_init ] --END-- [ RunTime:0.000391s ]
INFO: [ app_begin ] --START--
INFO: Run Behavior\ReadHtmlCacheBehavior [ RunTime:0.000637s ]
INFO: [ app_begin ] --END-- [ RunTime:0.000708s ]
ERR: 无法加载控制器:Bookcase

[ 2015-09-28T12:46:08+08:00 ] 127.0.0.1 /library/library/index.php/.Images/item_out.gif
INFO: [ app_init ] --START--
INFO: Run Behavior\BuildLiteBehavior [ RunTime:0.000018s ]
INFO: [ app_init ] --END-- [ RunTime:0.000390s ]

[ 2015-09-28T12:46:24+08:00 ] 127.0.0.1 /library/library/index.php/readerType.html
INFO: [ app_init ] --START--
INFO: Run Behavior\BuildLiteBehavior [ RunTime:0.000017s ]
INFO: [ app_init ] --END-- [ RunTime:0.000411s ]
INFO: [ app_begin ] --START--
INFO: Run Behavior\ReadHtmlCacheBehavior [ RunTime:0.000517s ]
INFO: [ app_begin ] --END-- [ RunTime:0.000590s ]
ERR: 无法加载控制器:ReaderType

[ 2015-09-28T12:46:24+08:00 ] 127.0.0.1 /library/library/index.php/.Images/item_out.gif
INFO: [ app_init ] --START--
INFO: Run Behavior\BuildLiteBehavior [ RunTime:0.000019s ]
INFO: [ app_init ] --END-- [ RunTime:0.000378s ]

[ 2015-09-28T12:46:52+08:00 ] 127.0.0.1 /library/library/index.php/Home/Index/index
INFO: [ app_init ] --START--
INFO: Run Behavior\BuildLiteBehavior [ RunTime:0.000018s ]
INFO: [ app_init ] --END-- [ RunTime:0.000472s ]
INFO: [ app_begin ] --START--
INFO: Run Behavior\ReadHtmlCacheBehavior [ RunTime:0.000725s ]
INFO: [ app_begin ] --END-- [ RunTime:0.000798s ]
INFO: [ view_parse ] --START--
INFO: Run Behavior\ParseTemplateBehavior [ RunTime:0.012822s ]
INFO: [ view_parse ] --END-- [ RunTime:0.012910s ]
INFO: [ view_filter ] --START--
INFO: Run Behavior\WriteHtmlCacheBehavior [ RunTime:0.000333s ]
INFO: [ view_filter ] --END-- [ RunTime:0.000394s ]
INFO: [ app_end ] --START--
INFO: Run Behavior\ShowPageTraceBehavior [ RunTime:0.000808s ]
INFO: [ app_end ] --END-- [ RunTime:0.000892s ]

[ 2015-09-28T12:46:52+08:00 ] 127.0.0.1 /library/library/index.php/Home/Index/%3C?php%20echo%20$rs[photo]%20?%3E
INFO: [ app_init ] --START--
INFO: Run Behavior\BuildLiteBehavior [ RunTime:0.000018s ]
INFO: [ app_init ] --END-- [ RunTime:0.000433s ]
INFO: [ app_begin ] --START--
INFO: Run Behavior\ReadHtmlCacheBehavior [ RunTime:0.000656s ]
INFO: [ app_begin ] --END-- [ RunTime:0.000740s ]
ERR: 非法操作:

[ 2015-09-28T12:46:52+08:00 ] 127.0.0.1 /library/library/index.php/Home/Index/Images/line.gif
INFO: [ app_init ] --START--
INFO: Run Behavior\BuildLiteBehavior [ RunTime:0.000017s ]
INFO: [ app_init ] --END-- [ RunTime:0.000374s ]

[ 2015-09-28T12:46:53+08:00 ] 127.0.0.1 /library/library/index.php/Home/Index/index
INFO: [ app_init ] --START--
INFO: Run Behavior\BuildLiteBehavior [ RunTime:0.000017s ]
INFO: [ app_init ] --END-- [ RunTime:0.000391s ]
INFO: [ app_begin ] --START--
INFO: Run Behavior\ReadHtmlCacheBehavior [ RunTime:0.000512s ]
INFO: [ app_begin ] --END-- [ RunTime:0.000584s ]
INFO: [ view_parse ] --START--
INFO: Run Behavior\ParseTemplateBehavior [ RunTime:0.010787s ]
INFO: [ view_parse ] --END-- [ RunTime:0.010875s ]
INFO: [ view_filter ] --START--
INFO: Run Behavior\WriteHtmlCacheBehavior [ RunTime:0.000274s ]
INFO: [ view_filter ] --END-- [ RunTime:0.000370s ]
INFO: [ app_end ] --START--
INFO: Run Behavior\ShowPageTraceBehavior [ RunTime:0.000697s ]
INFO: [ app_end ] --END-- [ RunTime:0.000784s ]

[ 2015-09-28T12:46:53+08:00 ] 127.0.0.1 /library/library/index.php/Home/Index/%3C?php%20echo%20$rs[photo]%20?%3E
INFO: [ app_init ] --START--
INFO: Run Behavior\BuildLiteBehavior [ RunTime:0.000018s ]
INFO: [ app_init ] --END-- [ RunTime:0.000366s ]
INFO: [ app_begin ] --START--
INFO: Run Behavior\ReadHtmlCacheBehavior [ RunTime:0.000489s ]
INFO: [ app_begin ] --END-- [ RunTime:0.000559s ]
ERR: 非法操作:

[ 2015-09-28T12:46:53+08:00 ] 127.0.0.1 /library/library/index.php/Home/Index/Images/line.gif
INFO: [ app_init ] --START--
INFO: Run Behavior\BuildLiteBehavior [ RunTime:0.000028s ]
INFO: [ app_init ] --END-- [ RunTime:0.000516s ]

[ 2015-09-28T12:46:55+08:00 ] 127.0.0.1 /library/library/index.php/Home/Index/index
INFO: [ app_init ] --START--
INFO: Run Behavior\BuildLiteBehavior [ RunTime:0.000017s ]
INFO: [ app_init ] --END-- [ RunTime:0.000520s ]
INFO: [ app_begin ] --START--
INFO: Run Behavior\ReadHtmlCacheBehavior [ RunTime:0.000599s ]
INFO: [ app_begin ] --END-- [ RunTime:0.000668s ]
INFO: [ view_parse ] --START--
INFO: Run Behavior\ParseTemplateBehavior [ RunTime:0.011447s ]
INFO: [ view_parse ] --END-- [ RunTime:0.011536s ]
INFO: [ view_filter ] --START--
INFO: Run Behavior\WriteHtmlCacheBehavior [ RunTime:0.000249s ]
INFO: [ view_filter ] --END-- [ RunTime:0.000308s ]
INFO: [ app_end ] --START--
INFO: Run Behavior\ShowPageTraceBehavior [ RunTime:0.000606s ]
INFO: [ app_end ] --END-- [ RunTime:0.000687s ]

[ 2015-09-28T12:46:55+08:00 ] 127.0.0.1 /library/library/index.php/Home/Index/%3C?php%20echo%20$rs[photo]%20?%3E
INFO: [ app_init ] --START--
INFO: Run Behavior\BuildLiteBehavior [ RunTime:0.000018s ]
INFO: [ app_init ] --END-- [ RunTime:0.000364s ]
INFO: [ app_begin ] --START--
INFO: Run Behavior\ReadHtmlCacheBehavior [ RunTime:0.000498s ]
INFO: [ app_begin ] --END-- [ RunTime:0.000568s ]
ERR: 非法操作:

[ 2015-09-28T12:46:55+08:00 ] 127.0.0.1 /library/library/index.php/Home/Index/Images/line.gif
INFO: [ app_init ] --START--
INFO: Run Behavior\BuildLiteBehavior [ RunTime:0.000018s ]
INFO: [ app_init ] --END-- [ RunTime:0.000403s ]

[ 2015-09-28T12:46:56+08:00 ] 127.0.0.1 /library/library/index.php/Home/Index/index
INFO: [ app_init ] --START--
INFO: Run Behavior\BuildLiteBehavior [ RunTime:0.000017s ]
INFO: [ app_init ] --END-- [ RunTime:0.000385s ]
INFO: [ app_begin ] --START--
INFO: Run Behavior\ReadHtmlCacheBehavior [ RunTime:0.000533s ]
INFO: [ app_begin ] --END-- [ RunTime:0.000606s ]
INFO: [ view_parse ] --START--
INFO: Run Behavior\ParseTemplateBehavior [ RunTime:0.011683s ]
INFO: [ view_parse ] --END-- [ RunTime:0.011795s ]
INFO: [ view_filter ] --START--
INFO: Run Behavior\WriteHtmlCacheBehavior [ RunTime:0.000287s ]
INFO: [ view_filter ] --END-- [ RunTime:0.000350s ]
INFO: [ app_end ] --START--
INFO: Run Behavior\ShowPageTraceBehavior [ RunTime:0.000612s ]
INFO: [ app_end ] --END-- [ RunTime:0.000727s ]

[ 2015-09-28T12:46:56+08:00 ] 127.0.0.1 /library/library/index.php/Home/Index/%3C?php%20echo%20$rs[photo]%20?%3E
INFO: [ app_init ] --START--
INFO: Run Behavior\BuildLiteBehavior [ RunTime:0.000018s ]
INFO: [ app_init ] --END-- [ RunTime:0.000373s ]
INFO: [ app_begin ] --START--
INFO: Run Behavior\ReadHtmlCacheBehavior [ RunTime:0.000546s ]
INFO: [ app_begin ] --END-- [ RunTime:0.000636s ]
ERR: 非法操作:

[ 2015-09-28T12:46:56+08:00 ] 127.0.0.1 /library/library/index.php/Home/Index/Images/line.gif
INFO: [ app_init ] --START--
INFO: Run Behavior\BuildLiteBehavior [ RunTime:0.000017s ]
INFO: [ app_init ] --END-- [ RunTime:0.000345s ]

[ 2015-09-28T12:46:57+08:00 ] 127.0.0.1 /library/library/index.php/Home/Index/index
INFO: [ app_init ] --START--
INFO: Run Behavior\BuildLiteBehavior [ RunTime:0.000017s ]
INFO: [ app_init ] --END-- [ RunTime:0.000470s ]
INFO: [ app_begin ] --START--
INFO: Run Behavior\ReadHtmlCacheBehavior [ RunTime:0.000526s ]
INFO: [ app_begin ] --END-- [ RunTime:0.000598s ]
INFO: [ view_parse ] --START--
INFO: Run Behavior\ParseTemplateBehavior [ RunTime:0.011462s ]
INFO: [ view_parse ] --END-- [ RunTime:0.011575s ]
INFO: [ view_filter ] --START--
INFO: Run Behavior\WriteHtmlCacheBehavior [ RunTime:0.000243s ]
INFO: [ view_filter ] --END-- [ RunTime:0.000302s ]
INFO: [ app_end ] --START--
INFO: Run Behavior\ShowPageTraceBehavior [ RunTime:0.000574s ]
INFO: [ app_end ] --END-- [ RunTime:0.000652s ]

[ 2015-09-28T12:46:57+08:00 ] 127.0.0.1 /library/library/index.php/Home/Index/%3C?php%20echo%20$rs[photo]%20?%3E
INFO: [ app_init ] --START--
INFO: Run Behavior\BuildLiteBehavior [ RunTime:0.000032s ]
INFO: [ app_init ] --END-- [ RunTime:0.000489s ]
INFO: [ app_begin ] --START--
INFO: Run Behavior\ReadHtmlCacheBehavior [ RunTime:0.000554s ]
INFO: [ app_begin ] --END-- [ RunTime:0.000634s ]
ERR: 非法操作:

[ 2015-09-28T12:46:57+08:00 ] 127.0.0.1 /library/library/index.php/Home/Index/Images/line.gif
INFO: [ app_init ] --START--
INFO: Run Behavior\BuildLiteBehavior [ RunTime:0.000016s ]
INFO: [ app_init ] --END-- [ RunTime:0.000371s ]

[ 2015-09-28T12:46:59+08:00 ] 127.0.0.1 /library/library/index.php/Home/Index/index
INFO: [ app_init ] --START--
INFO: Run Behavior\BuildLiteBehavior [ RunTime:0.000016s ]
INFO: [ app_init ] --END-- [ RunTime:0.000365s ]
INFO: [ app_begin ] --START--
INFO: Run Behavior\ReadHtmlCacheBehavior [ RunTime:0.000530s ]
INFO: [ app_begin ] --END-- [ RunTime:0.000612s ]
INFO: [ view_parse ] --START--
INFO: Run Behavior\ParseTemplateBehavior [ RunTime:0.010961s ]
INFO: [ view_parse ] --END-- [ RunTime:0.011043s ]
INFO: [ view_filter ] --START--
INFO: Run Behavior\WriteHtmlCacheBehavior [ RunTime:0.000236s ]
INFO: [ view_filter ] --END-- [ RunTime:0.000295s ]
INFO: [ app_end ] --START--
INFO: Run Behavior\ShowPageTraceBehavior [ RunTime:0.000563s ]
INFO: [ app_end ] --END-- [ RunTime:0.000640s ]

[ 2015-09-28T12:46:59+08:00 ] 127.0.0.1 /library/library/index.php/Home/Index/%3C?php%20echo%20$rs[photo]%20?%3E
INFO: [ app_init ] --START--
INFO: Run Behavior\BuildLiteBehavior [ RunTime:0.000018s ]
INFO: [ app_init ] --END-- [ RunTime:0.000385s ]
INFO: [ app_begin ] --START--
INFO: Run Behavior\ReadHtmlCacheBehavior [ RunTime:0.000509s ]
INFO: [ app_begin ] --END-- [ RunTime:0.000582s ]
ERR: 非法操作:

[ 2015-09-28T12:47:00+08:00 ] 127.0.0.1 /library/library/index.php/Home/Index/Images/line.gif
INFO: [ app_init ] --START--
INFO: Run Behavior\BuildLiteBehavior [ RunTime:0.000018s ]
INFO: [ app_init ] --END-- [ RunTime:0.000386s ]

[ 2015-09-28T12:47:14+08:00 ] 127.0.0.1 /library/library/index.php/Home/Index/book_Query.html
INFO: [ app_init ] --START--
INFO: Run Behavior\BuildLiteBehavior [ RunTime:0.000018s ]
INFO: [ app_init ] --END-- [ RunTime:0.000497s ]
INFO: [ app_begin ] --START--
INFO: Run Behavior\ReadHtmlCacheBehavior [ RunTime:0.000510s ]
INFO: [ app_begin ] --END-- [ RunTime:0.000576s ]
INFO: [ view_parse ] --START--
INFO: Run Behavior\ParseTemplateBehavior [ RunTime:0.038501s ]
INFO: [ view_parse ] --END-- [ RunTime:0.038585s ]
INFO: [ view_filter ] --START--
INFO: Run Behavior\WriteHtmlCacheBehavior [ RunTime:0.000242s ]
INFO: [ view_filter ] --END-- [ RunTime:0.000302s ]
INFO: [ app_end ] --START--
INFO: Run Behavior\ShowPageTraceBehavior [ RunTime:0.000625s ]
INFO: [ app_end ] --END-- [ RunTime:0.000691s ]

[ 2015-09-28T12:47:14+08:00 ] 127.0.0.1 /library/library/index.php/Home/Index/Images/line.gif
INFO: [ app_init ] --START--
INFO: Run Behavior\BuildLiteBehavior [ RunTime:0.000018s ]
INFO: [ app_init ] --END-- [ RunTime:0.000473s ]

[ 2015-09-28T12:47:17+08:00 ] 127.0.0.1 /library/library/index.php/Home/Index/book_tuijian.html
INFO: [ app_init ] --START--
INFO: Run Behavior\BuildLiteBehavior [ RunTime:0.000018s ]
INFO: [ app_init ] --END-- [ RunTime:0.000378s ]
INFO: [ app_begin ] --START--
INFO: Run Behavior\ReadHtmlCacheBehavior [ RunTime:0.000520s ]
INFO: [ app_begin ] --END-- [ RunTime:0.000588s ]
INFO: [ view_parse ] --START--
INFO: Run Behavior\ParseTemplateBehavior [ RunTime:0.043805s ]
INFO: [ view_parse ] --END-- [ RunTime:0.043888s ]
INFO: [ view_filter ] --START--
INFO: Run Behavior\WriteHtmlCacheBehavior [ RunTime:0.000279s ]
INFO: [ view_filter ] --END-- [ RunTime:0.000337s ]
INFO: [ app_end ] --START--
INFO: Run Behavior\ShowPageTraceBehavior [ RunTime:0.000608s ]
INFO: [ app_end ] --END-- [ RunTime:0.000667s ]

[ 2015-09-28T12:47:17+08:00 ] 127.0.0.1 /library/library/index.php/Home/Index/Images/line.gif
INFO: [ app_init ] --START--
INFO: Run Behavior\BuildLiteBehavior [ RunTime:0.000016s ]
INFO: [ app_init ] --END-- [ RunTime:0.000362s ]

[ 2015-09-28T12:47:17+08:00 ] 127.0.0.1 /library/library/index.php/Home/Index/Images/dangan.gif
INFO: [ app_init ] --START--
INFO: Run Behavior\BuildLiteBehavior [ RunTime:0.000030s ]
INFO: [ app_init ] --END-- [ RunTime:0.000572s ]

[ 2015-09-28T12:47:19+08:00 ] 127.0.0.1 /library/library/index.php/Home/Index/book_bidu.html
INFO: [ app_init ] --START--
INFO: Run Behavior\BuildLiteBehavior [ RunTime:0.000017s ]
INFO: [ app_init ] --END-- [ RunTime:0.000372s ]
INFO: [ app_begin ] --START--
INFO: Run Behavior\ReadHtmlCacheBehavior [ RunTime:0.000535s ]
INFO: [ app_begin ] --END-- [ RunTime:0.000613s ]
INFO: [ view_parse ] --START--
INFO: Run Behavior\ParseTemplateBehavior [ RunTime:0.036693s ]
INFO: [ view_parse ] --END-- [ RunTime:0.036777s ]
INFO: [ view_filter ] --START--
INFO: Run Behavior\WriteHtmlCacheBehavior [ RunTime:0.000283s ]
INFO: [ view_filter ] --END-- [ RunTime:0.000337s ]
INFO: [ app_end ] --START--
INFO: Run Behavior\ShowPageTraceBehavior [ RunTime:0.000608s ]
INFO: [ app_end ] --END-- [ RunTime:0.000666s ]

[ 2015-09-28T12:47:19+08:00 ] 127.0.0.1 /library/library/index.php/Home/Index/Images/dangan.gif
INFO: [ app_init ] --START--
INFO: Run Behavior\BuildLiteBehavior [ RunTime:0.000017s ]
INFO: [ app_init ] --END-- [ RunTime:0.000372s ]

[ 2015-09-28T12:47:19+08:00 ] 127.0.0.1 /library/library/index.php/Home/Index/Images/line.gif
INFO: [ app_init ] --START--
INFO: Run Behavior\BuildLiteBehavior [ RunTime:0.000016s ]
INFO: [ app_init ] --END-- [ RunTime:0.000351s ]

[ 2015-09-28T12:47:30+08:00 ] 127.0.0.1 /library/library/
INFO: [ app_init ] --START--
INFO: Run Behavior\BuildLiteBehavior [ RunTime:0.000017s ]
INFO: [ app_init ] --END-- [ RunTime:0.000560s ]
INFO: [ app_begin ] --START--
INFO: Run Behavior\ReadHtmlCacheBehavior [ RunTime:0.000721s ]
INFO: [ app_begin ] --END-- [ RunTime:0.000792s ]
INFO: [ view_parse ] --START--
INFO: Run Behavior\ParseTemplateBehavior [ RunTime:0.013615s ]
INFO: [ view_parse ] --END-- [ RunTime:0.013712s ]
INFO: [ view_filter ] --START--
INFO: Run Behavior\WriteHtmlCacheBehavior [ RunTime:0.000361s ]
INFO: [ view_filter ] --END-- [ RunTime:0.000421s ]
INFO: [ app_end ] --START--
INFO: Run Behavior\ShowPageTraceBehavior [ RunTime:0.004082s ]
INFO: [ app_end ] --END-- [ RunTime:0.004178s ]

[ 2015-09-28T12:47:35+08:00 ] 127.0.0.1 /library/library/index.php/Home/Index/index
INFO: [ app_init ] --START--
INFO: Run Behavior\BuildLiteBehavior [ RunTime:0.000017s ]
INFO: [ app_init ] --END-- [ RunTime:0.000398s ]
INFO: [ app_begin ] --START--
INFO: Run Behavior\ReadHtmlCacheBehavior [ RunTime:0.000532s ]
INFO: [ app_begin ] --END-- [ RunTime:0.000603s ]
INFO: [ view_parse ] --START--
INFO: Run Behavior\ParseTemplateBehavior [ RunTime:0.011489s ]
INFO: [ view_parse ] --END-- [ RunTime:0.011579s ]
INFO: [ view_filter ] --START--
INFO: Run Behavior\WriteHtmlCacheBehavior [ RunTime:0.000247s ]
INFO: [ view_filter ] --END-- [ RunTime:0.000305s ]
INFO: [ app_end ] --START--
INFO: Run Behavior\ShowPageTraceBehavior [ RunTime:0.003008s ]
INFO: [ app_end ] --END-- [ RunTime:0.003096s ]

[ 2015-09-28T12:47:35+08:00 ] 127.0.0.1 /library/library/index.php/Home/Index/%3C?php%20echo%20$rs[photo]%20?%3E
INFO: [ app_init ] --START--
INFO: Run Behavior\BuildLiteBehavior [ RunTime:0.000024s ]
INFO: [ app_init ] --END-- [ RunTime:0.000566s ]
INFO: [ app_begin ] --START--
INFO: Run Behavior\ReadHtmlCacheBehavior [ RunTime:0.000784s ]
INFO: [ app_begin ] --END-- [ RunTime:0.000911s ]
ERR: 非法操作:

[ 2015-09-28T12:47:35+08:00 ] 127.0.0.1 /library/library/index.php/Home/Index/Images/line.gif
INFO: [ app_init ] --START--
INFO: Run Behavior\BuildLiteBehavior [ RunTime:0.000018s ]
INFO: [ app_init ] --END-- [ RunTime:0.000393s ]

[ 2015-09-28T12:47:36+08:00 ] 127.0.0.1 /library/library/index.php/Home/Index/book_Query.html
INFO: [ app_init ] --START--
INFO: Run Behavior\BuildLiteBehavior [ RunTime:0.000018s ]
INFO: [ app_init ] --END-- [ RunTime:0.000401s ]
INFO: [ app_begin ] --START--
INFO: Run Behavior\ReadHtmlCacheBehavior [ RunTime:0.000501s ]
INFO: [ app_begin ] --END-- [ RunTime:0.000568s ]
INFO: [ view_parse ] --START--
INFO: Run Behavior\ParseTemplateBehavior [ RunTime:0.010881s ]
INFO: [ view_parse ] --END-- [ RunTime:0.010966s ]
INFO: [ view_filter ] --START--
INFO: Run Behavior\WriteHtmlCacheBehavior [ RunTime:0.000246s ]
INFO: [ view_filter ] --END-- [ RunTime:0.000307s ]
INFO: [ app_end ] --START--
INFO: Run Behavior\ShowPageTraceBehavior [ RunTime:0.000527s ]
INFO: [ app_end ] --END-- [ RunTime:0.000598s ]

[ 2015-09-28T12:47:37+08:00 ] 127.0.0.1 /library/library/index.php/Home/Index/Images/line.gif
INFO: [ app_init ] --START--
INFO: Run Behavior\BuildLiteBehavior [ RunTime:0.000018s ]
INFO: [ app_init ] --END-- [ RunTime:0.000407s ]

[ 2015-09-28T12:47:38+08:00 ] 127.0.0.1 /library/library/index.php/Home/Index/book_tuijian.html
INFO: [ app_init ] --START--
INFO: Run Behavior\BuildLiteBehavior [ RunTime:0.000017s ]
INFO: [ app_init ] --END-- [ RunTime:0.000397s ]
INFO: [ app_begin ] --START--
INFO: Run Behavior\ReadHtmlCacheBehavior [ RunTime:0.000537s ]
INFO: [ app_begin ] --END-- [ RunTime:0.000616s ]
INFO: [ view_parse ] --START--
INFO: Run Behavior\ParseTemplateBehavior [ RunTime:0.010936s ]
INFO: [ view_parse ] --END-- [ RunTime:0.011059s ]
INFO: [ view_filter ] --START--
INFO: Run Behavior\WriteHtmlCacheBehavior [ RunTime:0.000247s ]
INFO: [ view_filter ] --END-- [ RunTime:0.000307s ]
INFO: [ app_end ] --START--
INFO: Run Behavior\ShowPageTraceBehavior [ RunTime:0.000545s ]
INFO: [ app_end ] --END-- [ RunTime:0.000607s ]

[ 2015-09-28T12:47:38+08:00 ] 127.0.0.1 /library/library/index.php/Home/Index/Images/line.gif
INFO: [ app_init ] --START--
INFO: Run Behavior\BuildLiteBehavior [ RunTime:0.000018s ]
INFO: [ app_init ] --END-- [ RunTime:0.000464s ]

[ 2015-09-28T12:47:38+08:00 ] 127.0.0.1 /library/library/index.php/Home/Index/Images/dangan.gif
INFO: [ app_init ] --START--
INFO: Run Behavior\BuildLiteBehavior [ RunTime:0.000017s ]
INFO: [ app_init ] --END-- [ RunTime:0.000431s ]

[ 2015-09-28T12:47:39+08:00 ] 127.0.0.1 /library/library/index.php/Home/Index/book_bidu.html
INFO: [ app_init ] --START--
INFO: Run Behavior\BuildLiteBehavior [ RunTime:0.000018s ]
INFO: [ app_init ] --END-- [ RunTime:0.000449s ]
INFO: [ app_begin ] --START--
INFO: Run Behavior\ReadHtmlCacheBehavior [ RunTime:0.000720s ]
INFO: [ app_begin ] --END-- [ RunTime:0.000816s ]
INFO: [ view_parse ] --START--
INFO: Run Behavior\ParseTemplateBehavior [ RunTime:0.012808s ]
INFO: [ view_parse ] --END-- [ RunTime:0.012910s ]
INFO: [ view_filter ] --START--
INFO: Run Behavior\WriteHtmlCacheBehavior [ RunTime:0.000249s ]
INFO: [ view_filter ] --END-- [ RunTime:0.000308s ]
INFO: [ app_end ] --START--
INFO: Run Behavior\ShowPageTraceBehavior [ RunTime:0.000556s ]
INFO: [ app_end ] --END-- [ RunTime:0.000616s ]

[ 2015-09-28T12:47:39+08:00 ] 127.0.0.1 /library/library/index.php/Home/Index/Images/line.gif
INFO: [ app_init ] --START--
INFO: Run Behavior\BuildLiteBehavior [ RunTime:0.000023s ]
INFO: [ app_init ] --END-- [ RunTime:0.000561s ]

[ 2015-09-28T12:47:39+08:00 ] 127.0.0.1 /library/library/index.php/Home/Index/Images/dangan.gif
INFO: [ app_init ] --START--
INFO: Run Behavior\BuildLiteBehavior [ RunTime:0.000044s ]
INFO: [ app_init ] --END-- [ RunTime:0.000830s ]

[ 2015-09-28T12:47:41+08:00 ] 127.0.0.1 /library/library/index.php/Home/Index/Images/item_over.gif
INFO: [ app_init ] --START--
INFO: Run Behavior\BuildLiteBehavior [ RunTime:0.000016s ]
INFO: [ app_init ] --END-- [ RunTime:0.000442s ]

[ 2015-09-28T12:47:41+08:00 ] 127.0.0.1 /library/library/index.php/Home/Index/Images/item_over.gif
INFO: [ app_init ] --START--
INFO: Run Behavior\BuildLiteBehavior [ RunTime:0.000016s ]
INFO: [ app_init ] --END-- [ RunTime:0.000470s ]

[ 2015-09-28T12:47:42+08:00 ] 127.0.0.1 /library/library/index.php/Home/Index/.Images/item_out.gif
INFO: [ app_init ] --START--
INFO: Run Behavior\BuildLiteBehavior [ RunTime:0.000015s ]
INFO: [ app_init ] --END-- [ RunTime:0.000434s ]

[ 2015-09-28T12:47:42+08:00 ] 127.0.0.1 /library/library/index.php/Home/Index/userborrowreglist.html
INFO: [ app_init ] --START--
INFO: Run Behavior\BuildLiteBehavior [ RunTime:0.000026s ]
INFO: [ app_init ] --END-- [ RunTime:0.000753s ]
INFO: [ app_begin ] --START--
INFO: Run Behavior\ReadHtmlCacheBehavior [ RunTime:0.000943s ]
INFO: [ app_begin ] --END-- [ RunTime:0.001062s ]
INFO: [ view_parse ] --START--
INFO: Run Behavior\ParseTemplateBehavior [ RunTime:0.045143s ]
INFO: [ view_parse ] --END-- [ RunTime:0.045261s ]
INFO: [ view_filter ] --START--
INFO: Run Behavior\WriteHtmlCacheBehavior [ RunTime:0.000260s ]
INFO: [ view_filter ] --END-- [ RunTime:0.000338s ]
INFO: [ app_end ] --START--
INFO: Run Behavior\ShowPageTraceBehavior [ RunTime:0.000504s ]
INFO: [ app_end ] --END-- [ RunTime:0.000560s ]

[ 2015-09-28T12:47:42+08:00 ] 127.0.0.1 /library/library/index.php/Home/Index/Images/line.gif
INFO: [ app_init ] --START--
INFO: Run Behavior\BuildLiteBehavior [ RunTime:0.000015s ]
INFO: [ app_init ] --END-- [ RunTime:0.000344s ]

[ 2015-09-28T12:47:43+08:00 ] 127.0.0.1 /library/library/index.php/Home/Index/Images/item_over.gif
INFO: [ app_init ] --START--
INFO: Run Behavior\BuildLiteBehavior [ RunTime:0.000020s ]
INFO: [ app_init ] --END-- [ RunTime:0.000443s ]

[ 2015-09-28T12:47:43+08:00 ] 127.0.0.1 /library/library/index.php/Home/Index/Images/item_over.gif
INFO: [ app_init ] --START--
INFO: Run Behavior\BuildLiteBehavior [ RunTime:0.000018s ]
INFO: [ app_init ] --END-- [ RunTime:0.000427s ]

[ 2015-09-28T12:47:43+08:00 ] 127.0.0.1 /library/library/index.php/Home/Index/.Images/item_out.gif
INFO: [ app_init ] --START--
INFO: Run Behavior\BuildLiteBehavior [ RunTime:0.000025s ]
INFO: [ app_init ] --END-- [ RunTime:0.000582s ]

[ 2015-09-28T12:47:44+08:00 ] 127.0.0.1 /library/library/index.php/Home/Index/.Images/item_out.gif
INFO: [ app_init ] --START--
INFO: Run Behavior\BuildLiteBehavior [ RunTime:0.000016s ]
INFO: [ app_init ] --END-- [ RunTime:0.000389s ]

[ 2015-09-28T12:47:44+08:00 ] 127.0.0.1 /library/library/index.php/Home/Index/userborrowQuery.html
INFO: [ app_init ] --START--
INFO: Run Behavior\BuildLiteBehavior [ RunTime:0.000018s ]
INFO: [ app_init ] --END-- [ RunTime:0.000428s ]
INFO: [ app_begin ] --START--
INFO: Run Behavior\ReadHtmlCacheBehavior [ RunTime:0.000565s ]
INFO: [ app_begin ] --END-- [ RunTime:0.000645s ]
INFO: [ view_parse ] --START--
INFO: Run Behavior\ParseTemplateBehavior [ RunTime:0.050939s ]
INFO: [ view_parse ] --END-- [ RunTime:0.051027s ]
INFO: [ view_filter ] --START--
INFO: Run Behavior\WriteHtmlCacheBehavior [ RunTime:0.000245s ]
INFO: [ view_filter ] --END-- [ RunTime:0.000303s ]
INFO: [ app_end ] --START--
INFO: Run Behavior\ShowPageTraceBehavior [ RunTime:0.000522s ]
INFO: [ app_end ] --END-- [ RunTime:0.000580s ]

[ 2015-09-28T12:47:44+08:00 ] 127.0.0.1 /library/library/index.php/Home/Index/Images/line.gif
INFO: [ app_init ] --START--
INFO: Run Behavior\BuildLiteBehavior [ RunTime:0.000017s ]
INFO: [ app_init ] --END-- [ RunTime:0.000353s ]

[ 2015-09-28T12:47:44+08:00 ] 127.0.0.1 /library/library/index.php/Home/Index/Images/item_over.gif
INFO: [ app_init ] --START--
INFO: Run Behavior\BuildLiteBehavior [ RunTime:0.000017s ]
INFO: [ app_init ] --END-- [ RunTime:0.000511s ]

[ 2015-09-28T12:47:44+08:00 ] 127.0.0.1 /library/library/index.php/Home/Index/Images/item_over.gif
INFO: [ app_init ] --START--
INFO: Run Behavior\BuildLiteBehavior [ RunTime:0.000017s ]
INFO: [ app_init ] --END-- [ RunTime:0.000413s ]

[ 2015-09-28T12:47:45+08:00 ] 127.0.0.1 /library/library/index.php/Home/Index/.Images/item_out.gif
INFO: [ app_init ] --START--
INFO: Run Behavior\BuildLiteBehavior [ RunTime:0.000016s ]
INFO: [ app_init ] --END-- [ RunTime:0.000418s ]

[ 2015-09-28T12:47:45+08:00 ] 127.0.0.1 /library/library/index.php/Home/Index/Images/item_over.gif
INFO: [ app_init ] --START--
INFO: Run Behavior\BuildLiteBehavior [ RunTime:0.000019s ]
INFO: [ app_init ] --END-- [ RunTime:0.000385s ]

[ 2015-09-28T12:47:45+08:00 ] 127.0.0.1 /library/library/index.php/Home/Index/Images/item_over.gif
INFO: [ app_init ] --START--
INFO: Run Behavior\BuildLiteBehavior [ RunTime:0.000018s ]
INFO: [ app_init ] --END-- [ RunTime:0.000409s ]

[ 2015-09-28T12:47:45+08:00 ] 127.0.0.1 /library/library/index.php/Home/Index/.Images/item_out.gif
INFO: [ app_init ] --START--
INFO: Run Behavior\BuildLiteBehavior [ RunTime:0.000018s ]
INFO: [ app_init ] --END-- [ RunTime:0.000383s ]

[ 2015-09-28T12:47:45+08:00 ] 127.0.0.1 /library/library/index.php/Home/Index/Images/item_over.gif
INFO: [ app_init ] --START--
INFO: Run Behavior\BuildLiteBehavior [ RunTime:0.000019s ]
INFO: [ app_init ] --END-- [ RunTime:0.000417s ]

[ 2015-09-28T12:47:45+08:00 ] 127.0.0.1 /library/library/index.php/Home/Index/Images/item_over.gif
INFO: [ app_init ] --START--
INFO: Run Behavior\BuildLiteBehavior [ RunTime:0.000016s ]
INFO: [ app_init ] --END-- [ RunTime:0.000333s ]

[ 2015-09-28T12:47:45+08:00 ] 127.0.0.1 /library/library/index.php/Home/Index/.Images/item_out.gif
INFO: [ app_init ] --START--
INFO: Run Behavior\BuildLiteBehavior [ RunTime:0.000026s ]
INFO: [ app_init ] --END-- [ RunTime:0.000443s ]

[ 2015-09-28T12:47:45+08:00 ] 127.0.0.1 /library/library/index.php/Home/Index/userbremind.html
INFO: [ app_init ] --START--
INFO: Run Behavior\BuildLiteBehavior [ RunTime:0.000050s ]
INFO: [ app_init ] --END-- [ RunTime:0.000739s ]
INFO: [ app_begin ] --START--
INFO: Run Behavior\ReadHtmlCacheBehavior [ RunTime:0.000737s ]
INFO: [ app_begin ] --END-- [ RunTime:0.000842s ]
INFO: [ view_parse ] --START--
INFO: Run Behavior\ParseTemplateBehavior [ RunTime:0.029608s ]
INFO: [ view_parse ] --END-- [ RunTime:0.029701s ]
INFO: [ view_filter ] --START--
INFO: Run Behavior\WriteHtmlCacheBehavior [ RunTime:0.000269s ]
INFO: [ view_filter ] --END-- [ RunTime:0.000327s ]
INFO: [ app_end ] --START--
INFO: Run Behavior\ShowPageTraceBehavior [ RunTime:0.000541s ]
INFO: [ app_end ] --END-- [ RunTime:0.000608s ]

[ 2015-09-28T12:47:45+08:00 ] 127.0.0.1 /library/library/index.php/Home/Index/Images/line.gif
INFO: [ app_init ] --START--
INFO: Run Behavior\BuildLiteBehavior [ RunTime:0.000020s ]
INFO: [ app_init ] --END-- [ RunTime:0.000594s ]

[ 2015-09-28T12:47:46+08:00 ] 127.0.0.1 /library/library/index.php/Home/Index/Images/item_over.gif
INFO: [ app_init ] --START--
INFO: Run Behavior\BuildLiteBehavior [ RunTime:0.000016s ]
INFO: [ app_init ] --END-- [ RunTime:0.000430s ]

[ 2015-09-28T12:47:46+08:00 ] 127.0.0.1 /library/library/index.php/Home/Index/.Images/item_out.gif
INFO: [ app_init ] --START--
INFO: Run Behavior\BuildLiteBehavior [ RunTime:0.000020s ]
INFO: [ app_init ] --END-- [ RunTime:0.000429s ]

[ 2015-09-28T12:47:46+08:00 ] 127.0.0.1 /library/library/index.php/Home/Index/Images/item_over.gif
INFO: [ app_init ] --START--
INFO: Run Behavior\BuildLiteBehavior [ RunTime:0.000017s ]
INFO: [ app_init ] --END-- [ RunTime:0.000559s ]

[ 2015-09-28T12:47:46+08:00 ] 127.0.0.1 /library/library/index.php/Home/Index/Images/item_over.gif
INFO: [ app_init ] --START--
INFO: Run Behavior\BuildLiteBehavior [ RunTime:0.000017s ]
INFO: [ app_init ] --END-- [ RunTime:0.000385s ]

[ 2015-09-28T12:47:46+08:00 ] 127.0.0.1 /library/library/index.php/Home/Index/.Images/item_out.gif
INFO: [ app_init ] --START--
INFO: Run Behavior\BuildLiteBehavior [ RunTime:0.000018s ]
INFO: [ app_init ] --END-- [ RunTime:0.000376s ]

[ 2015-09-28T12:47:46+08:00 ] 127.0.0.1 /library/library/index.php/Home/Index/Images/item_over.gif
INFO: [ app_init ] --START--
INFO: Run Behavior\BuildLiteBehavior [ RunTime:0.000022s ]
INFO: [ app_init ] --END-- [ RunTime:0.000552s ]

[ 2015-09-28T12:47:46+08:00 ] 127.0.0.1 /library/library/index.php/Home/Index/Images/item_over.gif
INFO: [ app_init ] --START--
INFO: Run Behavior\BuildLiteBehavior [ RunTime:0.000026s ]
INFO: [ app_init ] --END-- [ RunTime:0.000536s ]

[ 2015-09-28T12:47:46+08:00 ] 127.0.0.1 /library/library/index.php/Home/Index/.Images/item_out.gif
INFO: [ app_init ] --START--
INFO: Run Behavior\BuildLiteBehavior [ RunTime:0.000030s ]
INFO: [ app_init ] --END-- [ RunTime:0.000649s ]

[ 2015-09-28T12:47:46+08:00 ] 127.0.0.1 /library/library/index.php/Home/Index/Images/item_over.gif
INFO: [ app_init ] --START--
INFO: Run Behavior\BuildLiteBehavior [ RunTime:0.000018s ]
INFO: [ app_init ] --END-- [ RunTime:0.000420s ]

[ 2015-09-28T12:47:46+08:00 ] 127.0.0.1 /library/library/index.php/Home/Index/Images/item_over.gif
INFO: [ app_init ] --START--
INFO: Run Behavior\BuildLiteBehavior [ RunTime:0.000017s ]
INFO: [ app_init ] --END-- [ RunTime:0.000419s ]

[ 2015-09-28T12:47:46+08:00 ] 127.0.0.1 /library/library/index.php/Home/Index/.Images/item_out.gif
INFO: [ app_init ] --START--
INFO: Run Behavior\BuildLiteBehavior [ RunTime:0.000024s ]
INFO: [ app_init ] --END-- [ RunTime:0.000608s ]

[ 2015-09-28T12:47:46+08:00 ] 127.0.0.1 /library/library/index.php/Home/Index/userinfo.html
INFO: [ app_init ] --START--
INFO: Run Behavior\BuildLiteBehavior [ RunTime:0.000017s ]
INFO: [ app_init ] --END-- [ RunTime:0.000455s ]
INFO: [ app_begin ] --START--
INFO: Run Behavior\ReadHtmlCacheBehavior [ RunTime:0.000552s ]
INFO: [ app_begin ] --END-- [ RunTime:0.000621s ]
INFO: [ view_parse ] --START--
INFO: Run Behavior\ParseTemplateBehavior [ RunTime:0.027288s ]
INFO: [ view_parse ] --END-- [ RunTime:0.027377s ]
INFO: [ view_filter ] --START--
INFO: Run Behavior\WriteHtmlCacheBehavior [ RunTime:0.000308s ]
INFO: [ view_filter ] --END-- [ RunTime:0.000373s ]
INFO: [ app_end ] --START--
INFO: Run Behavior\ShowPageTraceBehavior [ RunTime:0.000610s ]
INFO: [ app_end ] --END-- [ RunTime:0.000668s ]

[ 2015-09-28T12:47:46+08:00 ] 127.0.0.1 /library/library/index.php/Home/Index/Images/line.gif
INFO: [ app_init ] --START--
INFO: Run Behavior\BuildLiteBehavior [ RunTime:0.000018s ]
INFO: [ app_init ] --END-- [ RunTime:0.000370s ]

[ 2015-09-28T12:47:48+08:00 ] 127.0.0.1 /library/library/index.php/Home/Index/book_Query.html
INFO: [ app_init ] --START--
INFO: Run Behavior\BuildLiteBehavior [ RunTime:0.000018s ]
INFO: [ app_init ] --END-- [ RunTime:0.000429s ]
INFO: [ app_begin ] --START--
INFO: Run Behavior\ReadHtmlCacheBehavior [ RunTime:0.000552s ]
INFO: [ app_begin ] --END-- [ RunTime:0.000630s ]
INFO: [ view_parse ] --START--
INFO: Run Behavior\ParseTemplateBehavior [ RunTime:0.011448s ]
INFO: [ view_parse ] --END-- [ RunTime:0.011542s ]
INFO: [ view_filter ] --START--
INFO: Run Behavior\WriteHtmlCacheBehavior [ RunTime:0.000286s ]
INFO: [ view_filter ] --END-- [ RunTime:0.000353s ]
INFO: [ app_end ] --START--
INFO: Run Behavior\ShowPageTraceBehavior [ RunTime:0.000623s ]
INFO: [ app_end ] --END-- [ RunTime:0.000702s ]

[ 2015-09-28T12:47:48+08:00 ] 127.0.0.1 /library/library/index.php/Home/Index/Images/line.gif
INFO: [ app_init ] --START--
INFO: Run Behavior\BuildLiteBehavior [ RunTime:0.000020s ]
INFO: [ app_init ] --END-- [ RunTime:0.000389s ]

[ 2015-09-28T20:06:37+08:00 ] 127.0.0.1 /library/library/
INFO: [ app_init ] --START--
INFO: Run Behavior\BuildLiteBehavior [ RunTime:0.000019s ]
INFO: [ app_init ] --END-- [ RunTime:0.000608s ]
INFO: [ app_begin ] --START--
INFO: Run Behavior\ReadHtmlCacheBehavior [ RunTime:0.000681s ]
INFO: [ app_begin ] --END-- [ RunTime:0.000756s ]
INFO: [ view_parse ] --START--
INFO: Run Behavior\ParseTemplateBehavior [ RunTime:0.013692s ]
INFO: [ view_parse ] --END-- [ RunTime:0.013784s ]
INFO: [ view_filter ] --START--
INFO: Run Behavior\WriteHtmlCacheBehavior [ RunTime:0.000374s ]
INFO: [ view_filter ] --END-- [ RunTime:0.000434s ]
INFO: [ app_end ] --START--
INFO: Run Behavior\ShowPageTraceBehavior [ RunTime:0.000725s ]
INFO: [ app_end ] --END-- [ RunTime:0.000800s ]

[ 2015-09-28T20:06:42+08:00 ] 127.0.0.1 /library/library/index.php/
INFO: [ app_init ] --START--
INFO: Run Behavior\BuildLiteBehavior [ RunTime:0.000019s ]
INFO: [ app_init ] --END-- [ RunTime:0.000394s ]
INFO: [ app_begin ] --START--
INFO: Run Behavior\ReadHtmlCacheBehavior [ RunTime:0.000648s ]
INFO: [ app_begin ] --END-- [ RunTime:0.000736s ]
INFO: [ view_parse ] --START--
INFO: Run Behavior\ParseTemplateBehavior [ RunTime:0.010717s ]
INFO: [ view_parse ] --END-- [ RunTime:0.010842s ]
INFO: [ view_filter ] --START--
INFO: Run Behavior\WriteHtmlCacheBehavior [ RunTime:0.000403s ]
INFO: [ view_filter ] --END-- [ RunTime:0.000485s ]
INFO: [ app_end ] --START--
INFO: Run Behavior\ShowPageTraceBehavior [ RunTime:0.000683s ]
INFO: [ app_end ] --END-- [ RunTime:0.000773s ]

[ 2015-09-28T20:06:42+08:00 ] 127.0.0.1 /library/library/index.php/%3C?php%20echo%20$rs[photo]%20?%3E
INFO: [ app_init ] --START--
INFO: Run Behavior\BuildLiteBehavior [ RunTime:0.000019s ]
INFO: [ app_init ] --END-- [ RunTime:0.000503s ]
INFO: [ app_begin ] --START--
INFO: Run Behavior\ReadHtmlCacheBehavior [ RunTime:0.000526s ]
INFO: [ app_begin ] --END-- [ RunTime:0.000607s ]
ERR: 无法加载控制器:

[ 2015-09-28T20:06:42+08:00 ] 127.0.0.1 /library/library/index.php/Images/line.gif
INFO: [ app_init ] --START--
INFO: Run Behavior\BuildLiteBehavior [ RunTime:0.000016s ]
INFO: [ app_init ] --END-- [ RunTime:0.000401s ]

[ 2015-09-28T20:06:45+08:00 ] 127.0.0.1 /library/library/index.php/Images/line.gif
INFO: [ app_init ] --START--
INFO: Run Behavior\BuildLiteBehavior [ RunTime:0.000015s ]
INFO: [ app_init ] --END-- [ RunTime:0.000380s ]

[ 2015-09-28T20:06:47+08:00 ] 127.0.0.1 /library/library/index.php/Images/item_over.gif
INFO: [ app_init ] --START--
INFO: Run Behavior\BuildLiteBehavior [ RunTime:0.000019s ]
INFO: [ app_init ] --END-- [ RunTime:0.000410s ]

[ 2015-09-28T20:06:47+08:00 ] 127.0.0.1 /library/library/index.php/Images/item_over.gif
INFO: [ app_init ] --START--
INFO: Run Behavior\BuildLiteBehavior [ RunTime:0.000017s ]
INFO: [ app_init ] --END-- [ RunTime:0.000391s ]

[ 2015-09-28T20:06:47+08:00 ] 127.0.0.1 /library/library/index.php/.Images/item_out.gif
INFO: [ app_init ] --START--
INFO: Run Behavior\BuildLiteBehavior [ RunTime:0.000018s ]
INFO: [ app_init ] --END-- [ RunTime:0.000428s ]

[ 2015-09-28T20:06:47+08:00 ] 127.0.0.1 /library/library/index.php/.Images/item_out.gif
INFO: [ app_init ] --START--
INFO: Run Behavior\BuildLiteBehavior [ RunTime:0.000024s ]
INFO: [ app_init ] --END-- [ RunTime:0.000407s ]

[ 2015-09-28T20:06:47+08:00 ] 127.0.0.1 /library/library/index.php/Images/item_over.gif
INFO: [ app_init ] --START--
INFO: Run Behavior\BuildLiteBehavior [ RunTime:0.000017s ]
INFO: [ app_init ] --END-- [ RunTime:0.000424s ]

[ 2015-09-28T20:06:48+08:00 ] 127.0.0.1 /library/library/index.php/votelist.html
INFO: [ app_init ] --START--
INFO: Run Behavior\BuildLiteBehavior [ RunTime:0.000016s ]
INFO: [ app_init ] --END-- [ RunTime:0.000362s ]
INFO: [ app_begin ] --START--
INFO: Run Behavior\ReadHtmlCacheBehavior [ RunTime:0.000486s ]
INFO: [ app_begin ] --END-- [ RunTime:0.000549s ]
ERR: 无法加载控制器:Votelist

[ 2015-09-28T20:06:49+08:00 ] 127.0.0.1 /library/library/index.php/.Images/item_out.gif
INFO: [ app_init ] --START--
INFO: Run Behavior\BuildLiteBehavior [ RunTime:0.000019s ]
INFO: [ app_init ] --END-- [ RunTime:0.000412s ]

[ 2015-09-28T23:05:17+08:00 ] 127.0.0.1 /library/library/
INFO: [ app_init ] --START--
INFO: Run Behavior\BuildLiteBehavior [ RunTime:0.000019s ]
INFO: [ app_init ] --END-- [ RunTime:0.000551s ]
INFO: [ app_begin ] --START--
INFO: Run Behavior\ReadHtmlCacheBehavior [ RunTime:0.000657s ]
INFO: [ app_begin ] --END-- [ RunTime:0.000730s ]
INFO: [ view_parse ] --START--
INFO: Run Behavior\ParseTemplateBehavior [ RunTime:0.075784s ]
INFO: [ view_parse ] --END-- [ RunTime:0.075872s ]
INFO: [ view_filter ] --START--
INFO: Run Behavior\WriteHtmlCacheBehavior [ RunTime:0.000378s ]
INFO: [ view_filter ] --END-- [ RunTime:0.000438s ]
INFO: [ app_end ] --START--
INFO: Run Behavior\ShowPageTraceBehavior [ RunTime:0.000680s ]
INFO: [ app_end ] --END-- [ RunTime:0.000753s ]

[ 2015-09-28T23:05:21+08:00 ] 127.0.0.1 /library/library/index.php/Images/line.gif
INFO: [ app_init ] --START--
INFO: Run Behavior\BuildLiteBehavior [ RunTime:0.000015s ]
INFO: [ app_init ] --END-- [ RunTime:0.000326s ]

[ 2015-09-28T23:05:23+08:00 ] 127.0.0.1 /library/library/index.php/Images/item_over.gif
INFO: [ app_init ] --START--
INFO: Run Behavior\BuildLiteBehavior [ RunTime:0.000018s ]
INFO: [ app_init ] --END-- [ RunTime:0.000438s ]

[ 2015-09-28T23:05:23+08:00 ] 127.0.0.1 /library/library/index.php/Images/item_over.gif
INFO: [ app_init ] --START--
INFO: Run Behavior\BuildLiteBehavior [ RunTime:0.000016s ]
INFO: [ app_init ] --END-- [ RunTime:0.000351s ]

[ 2015-09-28T23:05:23+08:00 ] 127.0.0.1 /library/library/index.php/.Images/item_out.gif
INFO: [ app_init ] --START--
INFO: Run Behavior\BuildLiteBehavior [ RunTime:0.000018s ]
INFO: [ app_init ] --END-- [ RunTime:0.000382s ]

[ 2015-09-28T23:05:23+08:00 ] 127.0.0.1 /library/library/index.php/Images/item_over.gif
INFO: [ app_init ] --START--
INFO: Run Behavior\BuildLiteBehavior [ RunTime:0.000020s ]
INFO: [ app_init ] --END-- [ RunTime:0.000510s ]

[ 2015-09-28T23:05:23+08:00 ] 127.0.0.1 /library/library/index.php/Images/item_over.gif
INFO: [ app_init ] --START--
INFO: Run Behavior\BuildLiteBehavior [ RunTime:0.000015s ]
INFO: [ app_init ] --END-- [ RunTime:0.000352s ]

[ 2015-09-28T23:05:23+08:00 ] 127.0.0.1 /library/library/index.php/.Images/item_out.gif
INFO: [ app_init ] --START--
INFO: Run Behavior\BuildLiteBehavior [ RunTime:0.000016s ]
INFO: [ app_init ] --END-- [ RunTime:0.000359s ]

[ 2015-09-28T23:05:23+08:00 ] 127.0.0.1 /library/library/index.php/Images/item_over.gif
INFO: [ app_init ] --START--
INFO: Run Behavior\BuildLiteBehavior [ RunTime:0.000017s ]
INFO: [ app_init ] --END-- [ RunTime:0.000361s ]

[ 2015-09-28T23:05:23+08:00 ] 127.0.0.1 /library/library/index.php/Images/item_over.gif
INFO: [ app_init ] --START--
INFO: Run Behavior\BuildLiteBehavior [ RunTime:0.000019s ]
INFO: [ app_init ] --END-- [ RunTime:0.000381s ]

[ 2015-09-28T23:05:23+08:00 ] 127.0.0.1 /library/library/index.php/Images/item_over.gif
INFO: [ app_init ] --START--
INFO: Run Behavior\BuildLiteBehavior [ RunTime:0.000016s ]
INFO: [ app_init ] --END-- [ RunTime:0.000329s ]

[ 2015-09-28T23:05:23+08:00 ] 127.0.0.1 /library/library/index.php/Images/item_over.gif
INFO: [ app_init ] --START--
INFO: Run Behavior\BuildLiteBehavior [ RunTime:0.000017s ]
INFO: [ app_init ] --END-- [ RunTime:0.000378s ]

[ 2015-09-28T23:05:23+08:00 ] 127.0.0.1 /library/library/index.php/.Images/item_out.gif
INFO: [ app_init ] --START--
INFO: Run Behavior\BuildLiteBehavior [ RunTime:0.000025s ]
INFO: [ app_init ] --END-- [ RunTime:0.000471s ]

[ 2015-09-28T23:05:24+08:00 ] 127.0.0.1 /library/library/index.php/.Images/item_out.gif
INFO: [ app_init ] --START--
INFO: Run Behavior\BuildLiteBehavior [ RunTime:0.000016s ]
INFO: [ app_init ] --END-- [ RunTime:0.000356s ]

[ 2015-09-28T23:05:25+08:00 ] 127.0.0.1 /library/library/index.php/Images/item_over.gif
INFO: [ app_init ] --START--
INFO: Run Behavior\BuildLiteBehavior [ RunTime:0.000016s ]
INFO: [ app_init ] --END-- [ RunTime:0.000375s ]

[ 2015-09-28T23:05:25+08:00 ] 127.0.0.1 /library/library/index.php/.Images/item_out.gif
INFO: [ app_init ] --START--
INFO: Run Behavior\BuildLiteBehavior [ RunTime:0.000018s ]
INFO: [ app_init ] --END-- [ RunTime:0.000384s ]

[ 2015-09-28T23:05:25+08:00 ] 127.0.0.1 /library/library/index.php/Images/item_over.gif
INFO: [ app_init ] --START--
INFO: Run Behavior\BuildLiteBehavior [ RunTime:0.000017s ]
INFO: [ app_init ] --END-- [ RunTime:0.000379s ]

[ 2015-09-28T23:05:25+08:00 ] 127.0.0.1 /library/library/index.php/Images/item_over.gif
INFO: [ app_init ] --START--
INFO: Run Behavior\BuildLiteBehavior [ RunTime:0.000018s ]
INFO: [ app_init ] --END-- [ RunTime:0.000401s ]

[ 2015-09-28T23:05:25+08:00 ] 127.0.0.1 /library/library/index.php/.Images/item_out.gif
INFO: [ app_init ] --START--
INFO: Run Behavior\BuildLiteBehavior [ RunTime:0.000026s ]
INFO: [ app_init ] --END-- [ RunTime:0.000542s ]

[ 2015-09-28T23:05:25+08:00 ] 127.0.0.1 /library/library/index.php/Images/item_over.gif
INFO: [ app_init ] --START--
INFO: Run Behavior\BuildLiteBehavior [ RunTime:0.000016s ]
INFO: [ app_init ] --END-- [ RunTime:0.000356s ]

[ 2015-09-28T23:05:25+08:00 ] 127.0.0.1 /library/library/index.php/.Images/item_out.gif
INFO: [ app_init ] --START--
INFO: Run Behavior\BuildLiteBehavior [ RunTime:0.000015s ]
INFO: [ app_init ] --END-- [ RunTime:0.000370s ]

[ 2015-09-28T23:05:25+08:00 ] 127.0.0.1 /library/library/index.php/booktype.html
INFO: [ app_init ] --START--
INFO: Run Behavior\BuildLiteBehavior [ RunTime:0.000016s ]
INFO: [ app_init ] --END-- [ RunTime:0.000381s ]
INFO: [ app_begin ] --START--
INFO: Run Behavior\ReadHtmlCacheBehavior [ RunTime:0.000671s ]
INFO: [ app_begin ] --END-- [ RunTime:0.000754s ]
ERR: 无法加载控制器:Booktype

[ 2015-09-28T23:13:47+08:00 ] 127.0.0.1 /library/library/index.php/Images/line.gif
INFO: [ app_init ] --START--
INFO: Run Behavior\BuildLiteBehavior [ RunTime:0.000017s ]
INFO: [ app_init ] --END-- [ RunTime:0.000435s ]

[ 2015-09-28T23:13:54+08:00 ] 127.0.0.1 /library/library/index.php/Images/item_over.gif
INFO: [ app_init ] --START--
INFO: Run Behavior\BuildLiteBehavior [ RunTime:0.000018s ]
INFO: [ app_init ] --END-- [ RunTime:0.000401s ]

[ 2015-09-28T23:13:54+08:00 ] 127.0.0.1 /library/library/index.php/Images/item_over.gif
INFO: [ app_init ] --START--
INFO: Run Behavior\BuildLiteBehavior [ RunTime:0.000019s ]
INFO: [ app_init ] --END-- [ RunTime:0.000456s ]

[ 2015-09-28T23:14:00+08:00 ] 127.0.0.1 /library/library/index.php/library_modify.html
INFO: [ app_init ] --START--
INFO: Run Behavior\BuildLiteBehavior [ RunTime:0.000018s ]
INFO: [ app_init ] --END-- [ RunTime:0.000380s ]
INFO: [ app_begin ] --START--
INFO: Run Behavior\ReadHtmlCacheBehavior [ RunTime:0.001516s ]
INFO: [ app_begin ] --END-- [ RunTime:0.001602s ]
ERR: 无法加载控制器:Library_modify

[ 2015-09-28T23:14:00+08:00 ] 127.0.0.1 /library/library/index.php/.Images/item_out.gif
INFO: [ app_init ] --START--
INFO: Run Behavior\BuildLiteBehavior [ RunTime:0.000031s ]
INFO: [ app_init ] --END-- [ RunTime:0.000770s ]

[ 2015-09-28T23:14:56+08:00 ] 127.0.0.1 /library/library/index.php/library_modify.html
INFO: [ app_init ] --START--
INFO: Run Behavior\BuildLiteBehavior [ RunTime:0.000020s ]
INFO: [ app_init ] --END-- [ RunTime:0.000604s ]
INFO: [ app_begin ] --START--
INFO: Run Behavior\ReadHtmlCacheBehavior [ RunTime:0.000982s ]
INFO: [ app_begin ] --END-- [ RunTime:0.001098s ]
ERR: 无法加载控制器:Library_modify

[ 2015-09-28T23:14:58+08:00 ] 127.0.0.1 /library/library/index.php/Images/line.gif
INFO: [ app_init ] --START--
INFO: Run Behavior\BuildLiteBehavior [ RunTime:0.000016s ]
INFO: [ app_init ] --END-- [ RunTime:0.000371s ]

[ 2015-09-28T23:14:59+08:00 ] 127.0.0.1 /library/library/index.php/Images/item_over.gif
INFO: [ app_init ] --START--
INFO: Run Behavior\BuildLiteBehavior [ RunTime:0.000018s ]
INFO: [ app_init ] --END-- [ RunTime:0.000428s ]

[ 2015-09-28T23:15:02+08:00 ] 127.0.0.1 /library/library/index.php/.Images/item_out.gif
INFO: [ app_init ] --START--
INFO: Run Behavior\BuildLiteBehavior [ RunTime:0.000016s ]
INFO: [ app_init ] --END-- [ RunTime:0.000378s ]

[ 2015-09-28T23:15:02+08:00 ] 127.0.0.1 /library/library/index.php/Images/item_over.gif
INFO: [ app_init ] --START--
INFO: Run Behavior\BuildLiteBehavior [ RunTime:0.000028s ]
INFO: [ app_init ] --END-- [ RunTime:0.000463s ]

[ 2015-09-28T23:15:30+08:00 ] 127.0.0.1 /library/library/index.php/Images/line.gif
INFO: [ app_init ] --START--
INFO: Run Behavior\BuildLiteBehavior [ RunTime:0.000024s ]
INFO: [ app_init ] --END-- [ RunTime:0.000536s ]

[ 2015-09-28T23:15:31+08:00 ] 127.0.0.1 /library/library/index.php/Images/item_over.gif
INFO: [ app_init ] --START--
INFO: Run Behavior\BuildLiteBehavior [ RunTime:0.000018s ]
INFO: [ app_init ] --END-- [ RunTime:0.000431s ]

[ 2015-09-28T23:15:33+08:00 ] 127.0.0.1 /library/library/index.php/Images/item_over.gif
INFO: [ app_init ] --START--
INFO: Run Behavior\BuildLiteBehavior [ RunTime:0.000019s ]
INFO: [ app_init ] --END-- [ RunTime:0.000378s ]

[ 2015-09-28T23:15:33+08:00 ] 127.0.0.1 /library/library/index.php/.Images/item_out.gif
INFO: [ app_init ] --START--
INFO: Run Behavior\BuildLiteBehavior [ RunTime:0.000033s ]
INFO: [ app_init ] --END-- [ RunTime:0.000415s ]

[ 2015-09-28T23:17:13+08:00 ] 127.0.0.1 /library/library/index.php/Images/item_over.gif
INFO: [ app_init ] --START--
INFO: Run Behavior\BuildLiteBehavior [ RunTime:0.000047s ]
INFO: [ app_init ] --END-- [ RunTime:0.000617s ]

[ 2015-09-28T23:17:17+08:00 ] 127.0.0.1 /library/library/index.php/.Images/item_out.gif
INFO: [ app_init ] --START--
INFO: Run Behavior\BuildLiteBehavior [ RunTime:0.000025s ]
INFO: [ app_init ] --END-- [ RunTime:0.000409s ]

[ 2015-09-28T23:17:35+08:00 ] 127.0.0.1 /library/library/index.php/Images/line.gif
INFO: [ app_init ] --START--
INFO: Run Behavior\BuildLiteBehavior [ RunTime:0.000015s ]
INFO: [ app_init ] --END-- [ RunTime:0.000329s ]

[ 2015-09-28T23:17:36+08:00 ] 127.0.0.1 /library/library/index.php/Images/item_over.gif
INFO: [ app_init ] --START--
INFO: Run Behavior\BuildLiteBehavior [ RunTime:0.000017s ]
INFO: [ app_init ] --END-- [ RunTime:0.000398s ]

[ 2015-09-28T23:17:38+08:00 ] 127.0.0.1 /library/library/index.php/.Images/item_out.gif
INFO: [ app_init ] --START--
INFO: Run Behavior\BuildLiteBehavior [ RunTime:0.000015s ]
INFO: [ app_init ] --END-- [ RunTime:0.000400s ]

[ 2015-09-28T23:18:17+08:00 ] 127.0.0.1 /library/library/index.php/Images/line.gif
INFO: [ app_init ] --START--
INFO: Run Behavior\BuildLiteBehavior [ RunTime:0.000016s ]
INFO: [ app_init ] --END-- [ RunTime:0.000411s ]

[ 2015-09-28T23:18:17+08:00 ] 127.0.0.1 /library/library/index.php/Images/line.gif
INFO: [ app_init ] --START--
INFO: Run Behavior\BuildLiteBehavior [ RunTime:0.000025s ]
INFO: [ app_init ] --END-- [ RunTime:0.000573s ]

[ 2015-09-28T23:18:18+08:00 ] 127.0.0.1 /library/library/index.php/Images/item_over.gif
INFO: [ app_init ] --START--
INFO: Run Behavior\BuildLiteBehavior [ RunTime:0.000018s ]
INFO: [ app_init ] --END-- [ RunTime:0.000424s ]

[ 2015-09-28T23:18:18+08:00 ] 127.0.0.1 /library/library/index.php/Images/item_over.gif
INFO: [ app_init ] --START--
INFO: Run Behavior\BuildLiteBehavior [ RunTime:0.000017s ]
INFO: [ app_init ] --END-- [ RunTime:0.000371s ]

[ 2015-09-28T23:18:18+08:00 ] 127.0.0.1 /library/library/index.php/.Images/item_out.gif
INFO: [ app_init ] --START--
INFO: Run Behavior\BuildLiteBehavior [ RunTime:0.000017s ]
INFO: [ app_init ] --END-- [ RunTime:0.000373s ]

[ 2015-09-28T23:21:57+08:00 ] 127.0.0.1 /library/library/index.php/Images/line.gif
INFO: [ app_init ] --START--
INFO: Run Behavior\BuildLiteBehavior [ RunTime:0.000019s ]
INFO: [ app_init ] --END-- [ RunTime:0.000488s ]

[ 2015-09-28T23:21:58+08:00 ] 127.0.0.1 /library/library/index.php/Images/item_over.gif
INFO: [ app_init ] --START--
INFO: Run Behavior\BuildLiteBehavior [ RunTime:0.000017s ]
INFO: [ app_init ] --END-- [ RunTime:0.000379s ]

[ 2015-09-28T23:21:58+08:00 ] 127.0.0.1 /library/library/index.php/Images/item_over.gif
INFO: [ app_init ] --START--
INFO: Run Behavior\BuildLiteBehavior [ RunTime:0.000018s ]
INFO: [ app_init ] --END-- [ RunTime:0.000370s ]

[ 2015-09-28T23:21:58+08:00 ] 127.0.0.1 /library/library/index.php/.Images/item_out.gif
INFO: [ app_init ] --START--
INFO: Run Behavior\BuildLiteBehavior [ RunTime:0.000018s ]
INFO: [ app_init ] --END-- [ RunTime:0.000411s ]

[ 2015-09-28T23:21:58+08:00 ] 127.0.0.1 /library/library/index.php/Images/item_over.gif
INFO: [ app_init ] --START--
INFO: Run Behavior\BuildLiteBehavior [ RunTime:0.000026s ]
INFO: [ app_init ] --END-- [ RunTime:0.000471s ]

[ 2015-09-28T23:21:58+08:00 ] 127.0.0.1 /library/library/index.php/Images/item_over.gif
INFO: [ app_init ] --START--
INFO: Run Behavior\BuildLiteBehavior [ RunTime:0.000016s ]
INFO: [ app_init ] --END-- [ RunTime:0.000335s ]

[ 2015-09-28T23:21:58+08:00 ] 127.0.0.1 /library/library/index.php/.Images/item_out.gif
INFO: [ app_init ] --START--
INFO: Run Behavior\BuildLiteBehavior [ RunTime:0.000016s ]
INFO: [ app_init ] --END-- [ RunTime:0.000355s ]

[ 2015-09-28T23:21:58+08:00 ] 127.0.0.1 /library/library/index.php/Images/item_over.gif
INFO: [ app_init ] --START--
INFO: Run Behavior\BuildLiteBehavior [ RunTime:0.000028s ]
INFO: [ app_init ] --END-- [ RunTime:0.000523s ]

[ 2015-09-28T23:21:58+08:00 ] 127.0.0.1 /library/library/index.php/Images/item_over.gif
INFO: [ app_init ] --START--
INFO: Run Behavior\BuildLiteBehavior [ RunTime:0.000016s ]
INFO: [ app_init ] --END-- [ RunTime:0.000367s ]

[ 2015-09-28T23:21:58+08:00 ] 127.0.0.1 /library/library/index.php/.Images/item_out.gif
INFO: [ app_init ] --START--
INFO: Run Behavior\BuildLiteBehavior [ RunTime:0.000017s ]
INFO: [ app_init ] --END-- [ RunTime:0.000359s ]

[ 2015-09-28T23:21:59+08:00 ] 127.0.0.1 /library/library/index.php/Images/item_over.gif
INFO: [ app_init ] --START--
INFO: Run Behavior\BuildLiteBehavior [ RunTime:0.000016s ]
INFO: [ app_init ] --END-- [ RunTime:0.000447s ]

[ 2015-09-28T23:21:59+08:00 ] 127.0.0.1 /library/library/index.php/Images/item_over.gif
INFO: [ app_init ] --START--
INFO: Run Behavior\BuildLiteBehavior [ RunTime:0.000016s ]
INFO: [ app_init ] --END-- [ RunTime:0.000332s ]

[ 2015-09-28T23:21:59+08:00 ] 127.0.0.1 /library/library/index.php/Images/item_over.gif
INFO: [ app_init ] --START--
INFO: Run Behavior\BuildLiteBehavior [ RunTime:0.000017s ]
INFO: [ app_init ] --END-- [ RunTime:0.000360s ]

[ 2015-09-28T23:21:59+08:00 ] 127.0.0.1 /library/library/index.php/.Images/item_out.gif
INFO: [ app_init ] --START--
INFO: Run Behavior\BuildLiteBehavior [ RunTime:0.000022s ]
INFO: [ app_init ] --END-- [ RunTime:0.000433s ]

[ 2015-09-28T23:21:59+08:00 ] 127.0.0.1 /library/library/index.php/Images/item_over.gif
INFO: [ app_init ] --START--
INFO: Run Behavior\BuildLiteBehavior [ RunTime:0.000025s ]
INFO: [ app_init ] --END-- [ RunTime:0.000541s ]

[ 2015-09-28T23:21:59+08:00 ] 127.0.0.1 /library/library/index.php/.Images/item_out.gif
INFO: [ app_init ] --START--
INFO: Run Behavior\BuildLiteBehavior [ RunTime:0.000027s ]
INFO: [ app_init ] --END-- [ RunTime:0.000582s ]

[ 2015-09-28T23:21:59+08:00 ] 127.0.0.1 /library/library/index.php/Images/item_over.gif
INFO: [ app_init ] --START--
INFO: Run Behavior\BuildLiteBehavior [ RunTime:0.000015s ]
INFO: [ app_init ] --END-- [ RunTime:0.000347s ]

[ 2015-09-28T23:22:00+08:00 ] 127.0.0.1 /library/library/index.php/Images/item_over.gif
INFO: [ app_init ] --START--
INFO: Run Behavior\BuildLiteBehavior [ RunTime:0.000017s ]
INFO: [ app_init ] --END-- [ RunTime:0.000426s ]

[ 2015-09-28T23:22:00+08:00 ] 127.0.0.1 /library/library/index.php/.Images/item_out.gif
INFO: [ app_init ] --START--
INFO: Run Behavior\BuildLiteBehavior [ RunTime:0.000015s ]
INFO: [ app_init ] --END-- [ RunTime:0.000327s ]

[ 2015-09-28T23:22:00+08:00 ] 127.0.0.1 /library/library/index.php/Images/item_over.gif
INFO: [ app_init ] --START--
INFO: Run Behavior\BuildLiteBehavior [ RunTime:0.000016s ]
INFO: [ app_init ] --END-- [ RunTime:0.000353s ]

[ 2015-09-28T23:22:00+08:00 ] 127.0.0.1 /library/library/index.php/.Images/item_out.gif
INFO: [ app_init ] --START--
INFO: Run Behavior\BuildLiteBehavior [ RunTime:0.000016s ]
INFO: [ app_init ] --END-- [ RunTime:0.000356s ]

[ 2015-09-28T23:24:19+08:00 ] 127.0.0.1 /library/library/index.php/Images/item_over.gif
INFO: [ app_init ] --START--
INFO: Run Behavior\BuildLiteBehavior [ RunTime:0.000020s ]
INFO: [ app_init ] --END-- [ RunTime:0.000481s ]

[ 2015-09-28T23:24:19+08:00 ] 127.0.0.1 /library/library/index.php/Images/item_over.gif
INFO: [ app_init ] --START--
INFO: Run Behavior\BuildLiteBehavior [ RunTime:0.000017s ]
INFO: [ app_init ] --END-- [ RunTime:0.000537s ]

[ 2015-09-28T23:24:19+08:00 ] 127.0.0.1 /library/library/index.php/Images/item_over.gif
INFO: [ app_init ] --START--
INFO: Run Behavior\BuildLiteBehavior [ RunTime:0.000016s ]
INFO: [ app_init ] --END-- [ RunTime:0.000394s ]

[ 2015-09-28T23:24:20+08:00 ] 127.0.0.1 /library/library/index.php/Images/item_over.gif
INFO: [ app_init ] --START--
INFO: Run Behavior\BuildLiteBehavior [ RunTime:0.000018s ]
INFO: [ app_init ] --END-- [ RunTime:0.000518s ]

[ 2015-09-28T23:24:20+08:00 ] 127.0.0.1 /library/library/index.php/.Images/item_out.gif
INFO: [ app_init ] --START--
INFO: Run Behavior\BuildLiteBehavior [ RunTime:0.000020s ]
INFO: [ app_init ] --END-- [ RunTime:0.000436s ]

[ 2015-09-28T23:27:29+08:00 ] 127.0.0.1 /library/library/index.php/.Images/item_out.gif
INFO: [ app_init ] --START--
INFO: Run Behavior\BuildLiteBehavior [ RunTime:0.000017s ]
INFO: [ app_init ] --END-- [ RunTime:0.000400s ]

[ 2015-09-28T23:27:42+08:00 ] 127.0.0.1 /library/library/index.php/.Images/item_out.gif
INFO: [ app_init ] --START--
INFO: Run Behavior\BuildLiteBehavior [ RunTime:0.000018s ]
INFO: [ app_init ] --END-- [ RunTime:0.000385s ]

[ 2015-09-28T23:29:03+08:00 ] 127.0.0.1 /library/library/index.php/manager.html
INFO: [ app_init ] --START--
INFO: Run Behavior\BuildLiteBehavior [ RunTime:0.000019s ]
INFO: [ app_init ] --END-- [ RunTime:0.000402s ]
INFO: [ app_begin ] --START--
INFO: Run Behavior\ReadHtmlCacheBehavior [ RunTime:0.000521s ]
INFO: [ app_begin ] --END-- [ RunTime:0.000597s ]
ERR: 无法加载控制器:Manager

[ 2015-09-28T23:29:03+08:00 ] 127.0.0.1 /library/library/index.php/.Images/item_out.gif
INFO: [ app_init ] --START--
INFO: Run Behavior\BuildLiteBehavior [ RunTime:0.000018s ]
INFO: [ app_init ] --END-- [ RunTime:0.000380s ]

[ 2015-09-28T23:30:11+08:00 ] 127.0.0.1 /library/library/index.php/Images/line.gif
INFO: [ app_init ] --START--
INFO: Run Behavior\BuildLiteBehavior [ RunTime:0.000028s ]
INFO: [ app_init ] --END-- [ RunTime:0.000653s ]

[ 2015-09-28T23:30:12+08:00 ] 127.0.0.1 /library/library/index.php/Images/item_over.gif
INFO: [ app_init ] --START--
INFO: Run Behavior\BuildLiteBehavior [ RunTime:0.000018s ]
INFO: [ app_init ] --END-- [ RunTime:0.000397s ]

[ 2015-09-28T23:30:12+08:00 ] 127.0.0.1 /library/library/index.php/Images/item_over.gif
INFO: [ app_init ] --START--
INFO: Run Behavior\BuildLiteBehavior [ RunTime:0.000017s ]
INFO: [ app_init ] --END-- [ RunTime:0.000381s ]

[ 2015-09-28T23:30:12+08:00 ] 127.0.0.1 /library/library/index.php/.Images/item_out.gif
INFO: [ app_init ] --START--
INFO: Run Behavior\BuildLiteBehavior [ RunTime:0.000020s ]
INFO: [ app_init ] --END-- [ RunTime:0.000526s ]

[ 2015-09-28T23:30:12+08:00 ] 127.0.0.1 /library/library/index.php/Images/item_over.gif
INFO: [ app_init ] --START--
INFO: Run Behavior\BuildLiteBehavior [ RunTime:0.000017s ]
INFO: [ app_init ] --END-- [ RunTime:0.000383s ]

[ 2015-09-28T23:30:12+08:00 ] 127.0.0.1 /library/library/index.php/Images/item_over.gif
INFO: [ app_init ] --START--
INFO: Run Behavior\BuildLiteBehavior [ RunTime:0.000027s ]
INFO: [ app_init ] --END-- [ RunTime:0.000585s ]

[ 2015-09-28T23:30:12+08:00 ] 127.0.0.1 /library/library/index.php/.Images/item_out.gif
INFO: [ app_init ] --START--
INFO: Run Behavior\BuildLiteBehavior [ RunTime:0.000018s ]
INFO: [ app_init ] --END-- [ RunTime:0.000378s ]

[ 2015-09-28T23:30:12+08:00 ] 127.0.0.1 /library/library/index.php/Images/item_over.gif
INFO: [ app_init ] --START--
INFO: Run Behavior\BuildLiteBehavior [ RunTime:0.000017s ]
INFO: [ app_init ] --END-- [ RunTime:0.000548s ]

[ 2015-09-28T23:30:12+08:00 ] 127.0.0.1 /library/library/index.php/Images/item_over.gif
INFO: [ app_init ] --START--
INFO: Run Behavior\BuildLiteBehavior [ RunTime:0.000015s ]
INFO: [ app_init ] --END-- [ RunTime:0.000327s ]

[ 2015-09-28T23:30:12+08:00 ] 127.0.0.1 /library/library/index.php/.Images/item_out.gif
INFO: [ app_init ] --START--
INFO: Run Behavior\BuildLiteBehavior [ RunTime:0.000017s ]
INFO: [ app_init ] --END-- [ RunTime:0.000372s ]

[ 2015-09-28T23:30:12+08:00 ] 127.0.0.1 /library/library/index.php/Images/item_over.gif
INFO: [ app_init ] --START--
INFO: Run Behavior\BuildLiteBehavior [ RunTime:0.000017s ]
INFO: [ app_init ] --END-- [ RunTime:0.000392s ]

[ 2015-09-28T23:30:13+08:00 ] 127.0.0.1 /library/library/index.php/Images/item_over.gif
INFO: [ app_init ] --START--
INFO: Run Behavior\BuildLiteBehavior [ RunTime:0.000018s ]
INFO: [ app_init ] --END-- [ RunTime:0.000380s ]

[ 2015-09-28T23:30:13+08:00 ] 127.0.0.1 /library/library/index.php/.Images/item_out.gif
INFO: [ app_init ] --START--
INFO: Run Behavior\BuildLiteBehavior [ RunTime:0.000026s ]
INFO: [ app_init ] --END-- [ RunTime:0.000559s ]

[ 2015-09-28T23:30:13+08:00 ] 127.0.0.1 /library/library/index.php/Images/item_over.gif
INFO: [ app_init ] --START--
INFO: Run Behavior\BuildLiteBehavior [ RunTime:0.000016s ]
INFO: [ app_init ] --END-- [ RunTime:0.000356s ]

[ 2015-09-28T23:30:13+08:00 ] 127.0.0.1 /library/library/index.php/Images/item_over.gif
INFO: [ app_init ] --START--
INFO: Run Behavior\BuildLiteBehavior [ RunTime:0.000030s ]
INFO: [ app_init ] --END-- [ RunTime:0.000483s ]

[ 2015-09-28T23:30:13+08:00 ] 127.0.0.1 /library/library/index.php/Images/item_over.gif
INFO: [ app_init ] --START--
INFO: Run Behavior\BuildLiteBehavior [ RunTime:0.000021s ]
INFO: [ app_init ] --END-- [ RunTime:0.000387s ]

[ 2015-09-28T23:30:13+08:00 ] 127.0.0.1 /library/library/index.php/.Images/item_out.gif
INFO: [ app_init ] --START--
INFO: Run Behavior\BuildLiteBehavior [ RunTime:0.000016s ]
INFO: [ app_init ] --END-- [ RunTime:0.000362s ]

[ 2015-09-28T23:45:17+08:00 ] 127.0.0.1 /library/library/index.php/Images/line.gif
INFO: [ app_init ] --START--
INFO: Run Behavior\BuildLiteBehavior [ RunTime:0.000015s ]
INFO: [ app_init ] --END-- [ RunTime:0.000395s ]

[ 2015-09-28T23:45:19+08:00 ] 127.0.0.1 /library/library/index.php/Images/item_over.gif
INFO: [ app_init ] --START--
INFO: Run Behavior\BuildLiteBehavior [ RunTime:0.000016s ]
INFO: [ app_init ] --END-- [ RunTime:0.000328s ]

[ 2015-09-28T23:45:19+08:00 ] 127.0.0.1 /library/library/index.php/readerType.html
INFO: [ app_init ] --START--
INFO: Run Behavior\BuildLiteBehavior [ RunTime:0.000018s ]
INFO: [ app_init ] --END-- [ RunTime:0.000399s ]
INFO: [ app_begin ] --START--
INFO: Run Behavior\ReadHtmlCacheBehavior [ RunTime:0.000522s ]
INFO: [ app_begin ] --END-- [ RunTime:0.000604s ]
ERR: 无法加载控制器:ReaderType

[ 2015-09-28T23:45:19+08:00 ] 127.0.0.1 /library/library/index.php/.Images/item_out.gif
INFO: [ app_init ] --START--
INFO: Run Behavior\BuildLiteBehavior [ RunTime:0.000019s ]
INFO: [ app_init ] --END-- [ RunTime:0.000396s ]

