[ 2015-10-03T18:29:42+08:00 ] 127.0.0.1 /library/library/
INFO: [ app_init ] --START--
INFO: Run Behavior\BuildLiteBehavior [ RunTime:0.000038s ]
INFO: [ app_init ] --END-- [ RunTime:0.030191s ]
INFO: [ app_begin ] --START--
INFO: Run Behavior\ReadHtmlCacheBehavior [ RunTime:0.011411s ]
INFO: [ app_begin ] --END-- [ RunTime:0.011579s ]
INFO: [ view_parse ] --START--
INFO: Run Behavior\ParseTemplateBehavior [ RunTime:0.223097s ]
INFO: [ view_parse ] --END-- [ RunTime:0.223254s ]
INFO: [ view_filter ] --START--
INFO: Run Behavior\WriteHtmlCacheBehavior [ RunTime:0.022797s ]
INFO: [ view_filter ] --END-- [ RunTime:0.022931s ]
INFO: [ app_end ] --START--
INFO: Run Behavior\ShowPageTraceBehavior [ RunTime:0.016639s ]
INFO: [ app_end ] --END-- [ RunTime:0.016757s ]

[ 2015-10-03T18:29:51+08:00 ] 127.0.0.1 /library/library/index.php/Images/line.gif
INFO: [ app_init ] --START--
INFO: Run Behavior\BuildLiteBehavior [ RunTime:0.000017s ]
INFO: [ app_init ] --END-- [ RunTime:0.000410s ]

[ 2015-10-03T18:29:54+08:00 ] 127.0.0.1 /library/library/index.php/Images/item_over.gif
INFO: [ app_init ] --START--
INFO: Run Behavior\BuildLiteBehavior [ RunTime:0.000014s ]
INFO: [ app_init ] --END-- [ RunTime:0.000326s ]

[ 2015-10-03T18:29:54+08:00 ] 127.0.0.1 /library/library/index.php/Images/item_over.gif
INFO: [ app_init ] --START--
INFO: Run Behavior\BuildLiteBehavior [ RunTime:0.000016s ]
INFO: [ app_init ] --END-- [ RunTime:0.000355s ]

[ 2015-10-03T18:29:54+08:00 ] 127.0.0.1 /library/library/index.php/.Images/item_out.gif
INFO: [ app_init ] --START--
INFO: Run Behavior\BuildLiteBehavior [ RunTime:0.000018s ]
INFO: [ app_init ] --END-- [ RunTime:0.000379s ]

[ 2015-10-03T18:29:54+08:00 ] 127.0.0.1 /library/library/index.php/Images/item_over.gif
INFO: [ app_init ] --START--
INFO: Run Behavior\BuildLiteBehavior [ RunTime:0.000025s ]
INFO: [ app_init ] --END-- [ RunTime:0.000561s ]

[ 2015-10-03T18:29:54+08:00 ] 127.0.0.1 /library/library/index.php/.Images/item_out.gif
INFO: [ app_init ] --START--
INFO: Run Behavior\BuildLiteBehavior [ RunTime:0.000025s ]
INFO: [ app_init ] --END-- [ RunTime:0.000530s ]

[ 2015-10-03T18:29:54+08:00 ] 127.0.0.1 /library/library/index.php/Images/item_over.gif
INFO: [ app_init ] --START--
INFO: Run Behavior\BuildLiteBehavior [ RunTime:0.000016s ]
INFO: [ app_init ] --END-- [ RunTime:0.000332s ]

[ 2015-10-03T18:29:54+08:00 ] 127.0.0.1 /library/library/index.php/Images/item_over.gif
INFO: [ app_init ] --START--
INFO: Run Behavior\BuildLiteBehavior [ RunTime:0.000016s ]
INFO: [ app_init ] --END-- [ RunTime:0.000353s ]

[ 2015-10-03T18:29:54+08:00 ] 127.0.0.1 /library/library/index.php/.Images/item_out.gif
INFO: [ app_init ] --START--
INFO: Run Behavior\BuildLiteBehavior [ RunTime:0.000024s ]
INFO: [ app_init ] --END-- [ RunTime:0.000554s ]

[ 2015-10-03T18:29:54+08:00 ] 127.0.0.1 /library/library/index.php/Images/item_over.gif
INFO: [ app_init ] --START--
INFO: Run Behavior\BuildLiteBehavior [ RunTime:0.000016s ]
INFO: [ app_init ] --END-- [ RunTime:0.000366s ]

[ 2015-10-03T18:29:54+08:00 ] 127.0.0.1 /library/library/index.php/.Images/item_out.gif
INFO: [ app_init ] --START--
INFO: Run Behavior\BuildLiteBehavior [ RunTime:0.000017s ]
INFO: [ app_init ] --END-- [ RunTime:0.000357s ]

[ 2015-10-03T18:29:54+08:00 ] 127.0.0.1 /library/library/index.php/Images/item_over.gif
INFO: [ app_init ] --START--
INFO: Run Behavior\BuildLiteBehavior [ RunTime:0.000017s ]
INFO: [ app_init ] --END-- [ RunTime:0.000353s ]

[ 2015-10-03T18:29:55+08:00 ] 127.0.0.1 /library/library/index.php/.Images/item_out.gif
INFO: [ app_init ] --START--
INFO: Run Behavior\BuildLiteBehavior [ RunTime:0.000024s ]
INFO: [ app_init ] --END-- [ RunTime:0.000407s ]

[ 2015-10-03T18:29:55+08:00 ] 127.0.0.1 /library/library/index.php/Images/item_over.gif
INFO: [ app_init ] --START--
INFO: Run Behavior\BuildLiteBehavior [ RunTime:0.000024s ]
INFO: [ app_init ] --END-- [ RunTime:0.000522s ]

[ 2015-10-03T18:29:55+08:00 ] 127.0.0.1 /library/library/index.php/.Images/item_out.gif
INFO: [ app_init ] --START--
INFO: Run Behavior\BuildLiteBehavior [ RunTime:0.000028s ]
INFO: [ app_init ] --END-- [ RunTime:0.000564s ]

[ 2015-10-03T18:29:55+08:00 ] 127.0.0.1 /library/library/index.php/Images/item_over.gif
INFO: [ app_init ] --START--
INFO: Run Behavior\BuildLiteBehavior [ RunTime:0.000024s ]
INFO: [ app_init ] --END-- [ RunTime:0.000534s ]

[ 2015-10-03T18:29:55+08:00 ] 127.0.0.1 /library/library/index.php/Images/item_over.gif
INFO: [ app_init ] --START--
INFO: Run Behavior\BuildLiteBehavior [ RunTime:0.000033s ]
INFO: [ app_init ] --END-- [ RunTime:0.000705s ]

[ 2015-10-03T18:29:55+08:00 ] 127.0.0.1 /library/library/index.php/.Images/item_out.gif
INFO: [ app_init ] --START--
INFO: Run Behavior\BuildLiteBehavior [ RunTime:0.000020s ]
INFO: [ app_init ] --END-- [ RunTime:0.000447s ]

[ 2015-10-03T18:29:57+08:00 ] 127.0.0.1 /library/library/index.php/Images/item_over.gif
INFO: [ app_init ] --START--
INFO: Run Behavior\BuildLiteBehavior [ RunTime:0.000018s ]
INFO: [ app_init ] --END-- [ RunTime:0.000372s ]

[ 2015-10-03T18:29:57+08:00 ] 127.0.0.1 /library/library/index.php/.Images/item_out.gif
INFO: [ app_init ] --START--
INFO: Run Behavior\BuildLiteBehavior [ RunTime:0.000027s ]
INFO: [ app_init ] --END-- [ RunTime:0.000584s ]

[ 2015-10-03T18:29:57+08:00 ] 127.0.0.1 /library/library/index.php/Images/item_over.gif
INFO: [ app_init ] --START--
INFO: Run Behavior\BuildLiteBehavior [ RunTime:0.000017s ]
INFO: [ app_init ] --END-- [ RunTime:0.000373s ]

[ 2015-10-03T18:29:58+08:00 ] 127.0.0.1 /library/library/index.php/.Images/item_out.gif
INFO: [ app_init ] --START--
INFO: Run Behavior\BuildLiteBehavior [ RunTime:0.000022s ]
INFO: [ app_init ] --END-- [ RunTime:0.000389s ]

