[ 2015-10-22T10:36:30+08:00 ] 127.0.0.1 /library/library/
INFO: [ app_init ] --START--
INFO: Run Behavior\BuildLiteBehavior [ RunTime:0.000018s ]
INFO: [ app_init ] --END-- [ RunTime:0.000582s ]
INFO: [ app_begin ] --START--
INFO: Run Behavior\ReadHtmlCacheBehavior [ RunTime:0.000709s ]
INFO: [ app_begin ] --END-- [ RunTime:0.000783s ]
SQL: SHOW COLUMNS FROM `li_library` [ RunTime:0.0754s ]
SQL: SELECT `id`,`bbs` FROM `li_library` WHERE `id` = 1 LIMIT 1   [ RunTime:0.0004s ]
SQL: SHOW COLUMNS FROM `li_book` [ RunTime:0.0343s ]
SQL: SELECT `bo_id`,`bo_name` FROM `li_book` WHERE ( bo_mustread=1 ) LIMIT 8   [ RunTime:0.0006s ]
SQL: SELECT `bo_id`,`bo_name` FROM `li_book` WHERE ( bo_recummend=1 ) LIMIT 8   [ RunTime:0.0003s ]
SQL: SELECT `bo_id`,`bo_name` FROM `li_book` ORDER BY bo_borrowtimes desc LIMIT 8   [ RunTime:0.0004s ]
SQL: SELECT `bo_id`,`bo_photo`,`bo_name` FROM `li_book`  [ RunTime:0.0004s ]
INFO: [ view_parse ] --START--
NOTIC: [8] Undefined index: bbs F:\homework\library\library\Runtime\Cache\7c81be75396b4fcd8dd2bf9069148837f8ccfa67.file.index.html.php 第 94 行.
INFO: Run Behavior\ParseTemplateBehavior [ RunTime:0.014367s ]
INFO: [ view_parse ] --END-- [ RunTime:0.014452s ]
INFO: [ view_filter ] --START--
INFO: Run Behavior\WriteHtmlCacheBehavior [ RunTime:0.000423s ]
INFO: [ view_filter ] --END-- [ RunTime:0.000486s ]
INFO: [ app_end ] --START--
INFO: Run Behavior\ShowPageTraceBehavior [ RunTime:0.001140s ]
INFO: [ app_end ] --END-- [ RunTime:0.001245s ]

