[ 2015-10-18T18:35:23+08:00 ] 127.0.0.1 /library/library/index.php/Home/Index/index
INFO: [ app_init ] --START--
INFO: Run Behavior\BuildLiteBehavior [ RunTime:0.000019s ]
INFO: [ app_init ] --END-- [ RunTime:0.028863s ]
INFO: [ app_begin ] --START--
INFO: Run Behavior\ReadHtmlCacheBehavior [ RunTime:0.012248s ]
INFO: [ app_begin ] --END-- [ RunTime:0.012372s ]
SQL: SHOW COLUMNS FROM `li_library` [ RunTime:0.0274s ]
SQL: SELECT `id`,`bbs` FROM `li_library` WHERE `id` = 1 LIMIT 1   [ RunTime:0.0004s ]
SQL: SHOW COLUMNS FROM `li_book` [ RunTime:0.0039s ]
SQL: SELECT `bo_id`,`bo_name` FROM `li_book` WHERE ( bo_mustread=1 ) LIMIT 8   [ RunTime:0.0004s ]
SQL: SELECT `bo_id`,`bo_name` FROM `li_book` WHERE ( bo_recummend=1 ) LIMIT 8   [ RunTime:0.0003s ]
SQL: SELECT `bo_id`,`bo_name` FROM `li_book` ORDER BY bo_borrowtimes desc LIMIT 8   [ RunTime:0.0003s ]
SQL: SELECT `bo_id`,`bo_photo`,`bo_name` FROM `li_book`  [ RunTime:0.0076s ]
INFO: [ view_parse ] --START--
NOTIC: [8] Undefined index: bbs F:\homework\library\library\Runtime\Cache\7c81be75396b4fcd8dd2bf9069148837f8ccfa67.file.index.html.php 第 94 行.
INFO: Run Behavior\ParseTemplateBehavior [ RunTime:0.377936s ]
INFO: [ view_parse ] --END-- [ RunTime:0.378048s ]
INFO: [ view_filter ] --START--
INFO: Run Behavior\WriteHtmlCacheBehavior [ RunTime:0.017773s ]
INFO: [ view_filter ] --END-- [ RunTime:0.017861s ]
INFO: [ app_end ] --START--
INFO: Run Behavior\ShowPageTraceBehavior [ RunTime:0.050309s ]
INFO: [ app_end ] --END-- [ RunTime:0.050432s ]

[ 2015-10-18T18:35:25+08:00 ] 127.0.0.1 /library/library/index.php/Home/Index/Images/line.gif
INFO: [ app_init ] --START--
INFO: Run Behavior\BuildLiteBehavior [ RunTime:0.000020s ]
INFO: [ app_init ] --END-- [ RunTime:0.000487s ]

[ 2015-10-18T18:36:19+08:00 ] 127.0.0.1 /library/library/index.php/Home/Book/bookInfo/bo_id/5
INFO: [ app_init ] --START--
INFO: Run Behavior\BuildLiteBehavior [ RunTime:0.000018s ]
INFO: [ app_init ] --END-- [ RunTime:0.000398s ]
INFO: [ app_begin ] --START--
INFO: Run Behavior\ReadHtmlCacheBehavior [ RunTime:0.000693s ]
INFO: [ app_begin ] --END-- [ RunTime:0.000772s ]
SQL: SHOW COLUMNS FROM `li_library` [ RunTime:0.0048s ]
SQL: SELECT `id`,`bbs` FROM `li_library` WHERE `id` = 1 LIMIT 1   [ RunTime:0.0002s ]
SQL: SHOW COLUMNS FROM `li_book` [ RunTime:0.0049s ]
SQL: SELECT a.*,b.by_name,c.pr_name,d.ca_name FROM `li_book`as a left join li_booktype as b on a.bo_typeid=b.by_id left join li_press as c on a.bo_pressid=c.pr_id left join li_bookcase as d on a.bo_bookcaseid=d.ca_id where bo_id=5 [ RunTime:0.0009s ]
INFO: [ view_parse ] --START--
NOTIC: [8] Undefined index: re_id F:\homework\library\library\Runtime\Cache\0377a475279e9fd18ffbc4693892bd77917f15e1.file.book_view.html.php 第 167 行.
NOTIC: [8] Undefined index: re_id F:\homework\library\library\Runtime\Cache\0377a475279e9fd18ffbc4693892bd77917f15e1.file.book_view.html.php 第 179 行.
INFO: Run Behavior\ParseTemplateBehavior [ RunTime:0.024943s ]
INFO: [ view_parse ] --END-- [ RunTime:0.025068s ]
INFO: [ view_filter ] --START--
INFO: Run Behavior\WriteHtmlCacheBehavior [ RunTime:0.000560s ]
INFO: [ view_filter ] --END-- [ RunTime:0.000683s ]
INFO: [ app_end ] --START--
INFO: Run Behavior\ShowPageTraceBehavior [ RunTime:0.001460s ]
INFO: [ app_end ] --END-- [ RunTime:0.001590s ]

[ 2015-10-18T18:36:19+08:00 ] 127.0.0.1 /library/library/index.php/Home/Book/bookInfo/bo_id/Images/line.gif
INFO: [ app_init ] --START--
INFO: Run Behavior\BuildLiteBehavior [ RunTime:0.000017s ]
INFO: [ app_init ] --END-- [ RunTime:0.000420s ]

[ 2015-10-18T18:36:51+08:00 ] 127.0.0.1 /library/library/index.php/Home/Book/bookInfo/bo_id/Images/item_over.gif
INFO: [ app_init ] --START--
INFO: Run Behavior\BuildLiteBehavior [ RunTime:0.000016s ]
INFO: [ app_init ] --END-- [ RunTime:0.000354s ]

[ 2015-10-18T18:36:51+08:00 ] 127.0.0.1 /library/library/index.php/Home/Book/bookInfo/bo_id/.Images/item_out.gif
INFO: [ app_init ] --START--
INFO: Run Behavior\BuildLiteBehavior [ RunTime:0.000016s ]
INFO: [ app_init ] --END-- [ RunTime:0.000368s ]

[ 2015-10-18T18:36:51+08:00 ] 127.0.0.1 /library/library/index.php/Home/Borrow/userBorrow
INFO: [ app_init ] --START--
INFO: Run Behavior\BuildLiteBehavior [ RunTime:0.000018s ]
INFO: [ app_init ] --END-- [ RunTime:0.000372s ]
INFO: [ app_begin ] --START--
INFO: Run Behavior\ReadHtmlCacheBehavior [ RunTime:0.000510s ]
INFO: [ app_begin ] --END-- [ RunTime:0.000587s ]
SQL: SHOW COLUMNS FROM `li_library` [ RunTime:0.0043s ]
SQL: SELECT `id`,`bbs` FROM `li_library` WHERE `id` = 1 LIMIT 1   [ RunTime:0.0003s ]
SQL: SHOW COLUMNS FROM `li_borrow` [ RunTime:0.0045s ]
SQL: SELECT COUNT(*) AS tp_count FROM `li_borrow` LIMIT 1   [ RunTime:0.0003s ]

[ 2015-10-18T18:36:54+08:00 ] 127.0.0.1 /library/library/index.php/Home/Index/index
INFO: [ app_init ] --START--
INFO: Run Behavior\BuildLiteBehavior [ RunTime:0.000017s ]
INFO: [ app_init ] --END-- [ RunTime:0.000417s ]
INFO: [ app_begin ] --START--
INFO: Run Behavior\ReadHtmlCacheBehavior [ RunTime:0.000549s ]
INFO: [ app_begin ] --END-- [ RunTime:0.000620s ]
SQL: SHOW COLUMNS FROM `li_library` [ RunTime:0.0043s ]
SQL: SELECT `id`,`bbs` FROM `li_library` WHERE `id` = 1 LIMIT 1   [ RunTime:0.0002s ]
SQL: SHOW COLUMNS FROM `li_book` [ RunTime:0.0047s ]
SQL: SELECT `bo_id`,`bo_name` FROM `li_book` WHERE ( bo_mustread=1 ) LIMIT 8   [ RunTime:0.0002s ]
SQL: SELECT `bo_id`,`bo_name` FROM `li_book` WHERE ( bo_recummend=1 ) LIMIT 8   [ RunTime:0.0001s ]
SQL: SELECT `bo_id`,`bo_name` FROM `li_book` ORDER BY bo_borrowtimes desc LIMIT 8   [ RunTime:0.0001s ]
SQL: SELECT `bo_id`,`bo_photo`,`bo_name` FROM `li_book`  [ RunTime:0.0002s ]
INFO: [ view_parse ] --START--
NOTIC: [8] Undefined index: bbs F:\homework\library\library\Runtime\Cache\7c81be75396b4fcd8dd2bf9069148837f8ccfa67.file.index.html.php 第 94 行.
INFO: Run Behavior\ParseTemplateBehavior [ RunTime:0.016595s ]
INFO: [ view_parse ] --END-- [ RunTime:0.016686s ]
INFO: [ view_filter ] --START--
INFO: Run Behavior\WriteHtmlCacheBehavior [ RunTime:0.000368s ]
INFO: [ view_filter ] --END-- [ RunTime:0.000430s ]
INFO: [ app_end ] --START--
INFO: Run Behavior\ShowPageTraceBehavior [ RunTime:0.000884s ]
INFO: [ app_end ] --END-- [ RunTime:0.000983s ]

[ 2015-10-18T18:36:54+08:00 ] 127.0.0.1 /library/library/index.php/Home/Index/Images/line.gif
INFO: [ app_init ] --START--
INFO: Run Behavior\BuildLiteBehavior [ RunTime:0.000022s ]
INFO: [ app_init ] --END-- [ RunTime:0.000425s ]

[ 2015-10-18T18:36:57+08:00 ] 127.0.0.1 /library/library/index.php/Home/Book/bookInfo/bo_id/4
INFO: [ app_init ] --START--
INFO: Run Behavior\BuildLiteBehavior [ RunTime:0.000019s ]
INFO: [ app_init ] --END-- [ RunTime:0.000433s ]
INFO: [ app_begin ] --START--
INFO: Run Behavior\ReadHtmlCacheBehavior [ RunTime:0.000664s ]
INFO: [ app_begin ] --END-- [ RunTime:0.000760s ]
SQL: SHOW COLUMNS FROM `li_library` [ RunTime:0.0052s ]
SQL: SELECT `id`,`bbs` FROM `li_library` WHERE `id` = 1 LIMIT 1   [ RunTime:0.0002s ]
SQL: SHOW COLUMNS FROM `li_book` [ RunTime:0.0045s ]
SQL: SELECT a.*,b.by_name,c.pr_name,d.ca_name FROM `li_book`as a left join li_booktype as b on a.bo_typeid=b.by_id left join li_press as c on a.bo_pressid=c.pr_id left join li_bookcase as d on a.bo_bookcaseid=d.ca_id where bo_id=4 [ RunTime:0.0005s ]
INFO: [ view_parse ] --START--
NOTIC: [8] Undefined index: re_id F:\homework\library\library\Runtime\Cache\0377a475279e9fd18ffbc4693892bd77917f15e1.file.book_view.html.php 第 167 行.
INFO: Run Behavior\ParseTemplateBehavior [ RunTime:0.016301s ]
INFO: [ view_parse ] --END-- [ RunTime:0.016386s ]
INFO: [ view_filter ] --START--
INFO: Run Behavior\WriteHtmlCacheBehavior [ RunTime:0.000526s ]
INFO: [ view_filter ] --END-- [ RunTime:0.000616s ]
INFO: [ app_end ] --START--
INFO: Run Behavior\ShowPageTraceBehavior [ RunTime:0.001003s ]
INFO: [ app_end ] --END-- [ RunTime:0.001101s ]

[ 2015-10-18T18:36:57+08:00 ] 127.0.0.1 /library/library/index.php/Home/Book/bookInfo/bo_id/Images/line.gif
INFO: [ app_init ] --START--
INFO: Run Behavior\BuildLiteBehavior [ RunTime:0.000017s ]
INFO: [ app_init ] --END-- [ RunTime:0.000403s ]

[ 2015-10-18T18:37:05+08:00 ] 127.0.0.1 /library/library/index.php/Home/Book/bookInfo/bo_id/7
INFO: [ app_init ] --START--
INFO: Run Behavior\BuildLiteBehavior [ RunTime:0.000018s ]
INFO: [ app_init ] --END-- [ RunTime:0.000402s ]
INFO: [ app_begin ] --START--
INFO: Run Behavior\ReadHtmlCacheBehavior [ RunTime:0.000529s ]
INFO: [ app_begin ] --END-- [ RunTime:0.000601s ]
SQL: SHOW COLUMNS FROM `li_library` [ RunTime:0.0053s ]
SQL: SELECT `id`,`bbs` FROM `li_library` WHERE `id` = 1 LIMIT 1   [ RunTime:0.0002s ]
SQL: SHOW COLUMNS FROM `li_book` [ RunTime:0.0042s ]
SQL: SELECT a.*,b.by_name,c.pr_name,d.ca_name FROM `li_book`as a left join li_booktype as b on a.bo_typeid=b.by_id left join li_press as c on a.bo_pressid=c.pr_id left join li_bookcase as d on a.bo_bookcaseid=d.ca_id where bo_id=7 [ RunTime:0.0005s ]
INFO: [ view_parse ] --START--
NOTIC: [8] Undefined index: re_id F:\homework\library\library\Runtime\Cache\0377a475279e9fd18ffbc4693892bd77917f15e1.file.book_view.html.php 第 167 行.
NOTIC: [8] Undefined index: re_id F:\homework\library\library\Runtime\Cache\0377a475279e9fd18ffbc4693892bd77917f15e1.file.book_view.html.php 第 179 行.
INFO: Run Behavior\ParseTemplateBehavior [ RunTime:0.016253s ]
INFO: [ view_parse ] --END-- [ RunTime:0.016343s ]
INFO: [ view_filter ] --START--
INFO: Run Behavior\WriteHtmlCacheBehavior [ RunTime:0.000359s ]
INFO: [ view_filter ] --END-- [ RunTime:0.000443s ]
INFO: [ app_end ] --START--
INFO: Run Behavior\ShowPageTraceBehavior [ RunTime:0.000734s ]
INFO: [ app_end ] --END-- [ RunTime:0.000808s ]

[ 2015-10-18T18:37:06+08:00 ] 127.0.0.1 /library/library/index.php/Home/Book/bookInfo/bo_id/Images/line.gif
INFO: [ app_init ] --START--
INFO: Run Behavior\BuildLiteBehavior [ RunTime:0.000025s ]
INFO: [ app_init ] --END-- [ RunTime:0.000747s ]

[ 2015-10-18T18:37:22+08:00 ] 127.0.0.1 /library/library/index.php/Home/Book/bookInfo/bo_id/15
INFO: [ app_init ] --START--
INFO: Run Behavior\BuildLiteBehavior [ RunTime:0.000018s ]
INFO: [ app_init ] --END-- [ RunTime:0.000419s ]
INFO: [ app_begin ] --START--
INFO: Run Behavior\ReadHtmlCacheBehavior [ RunTime:0.000759s ]
INFO: [ app_begin ] --END-- [ RunTime:0.000858s ]
SQL: SHOW COLUMNS FROM `li_library` [ RunTime:0.0042s ]
SQL: SELECT `id`,`bbs` FROM `li_library` WHERE `id` = 1 LIMIT 1   [ RunTime:0.0002s ]
SQL: SHOW COLUMNS FROM `li_book` [ RunTime:0.0053s ]
SQL: SELECT a.*,b.by_name,c.pr_name,d.ca_name FROM `li_book`as a left join li_booktype as b on a.bo_typeid=b.by_id left join li_press as c on a.bo_pressid=c.pr_id left join li_bookcase as d on a.bo_bookcaseid=d.ca_id where bo_id=15 [ RunTime:0.0006s ]
INFO: [ view_parse ] --START--
NOTIC: [8] Undefined index: re_id F:\homework\library\library\Runtime\Cache\0377a475279e9fd18ffbc4693892bd77917f15e1.file.book_view.html.php 第 167 行.
NOTIC: [8] Undefined index: re_id F:\homework\library\library\Runtime\Cache\0377a475279e9fd18ffbc4693892bd77917f15e1.file.book_view.html.php 第 179 行.
INFO: Run Behavior\ParseTemplateBehavior [ RunTime:0.015880s ]
INFO: [ view_parse ] --END-- [ RunTime:0.016012s ]
INFO: [ view_filter ] --START--
INFO: Run Behavior\WriteHtmlCacheBehavior [ RunTime:0.000358s ]
INFO: [ view_filter ] --END-- [ RunTime:0.000440s ]
INFO: [ app_end ] --START--
INFO: Run Behavior\ShowPageTraceBehavior [ RunTime:0.004439s ]
INFO: [ app_end ] --END-- [ RunTime:0.004535s ]

[ 2015-10-18T18:37:22+08:00 ] 127.0.0.1 /library/library/index.php/Home/Book/bookInfo/bo_id/Images/line.gif
INFO: [ app_init ] --START--
INFO: Run Behavior\BuildLiteBehavior [ RunTime:0.000020s ]
INFO: [ app_init ] --END-- [ RunTime:0.000590s ]

