[ 2015-10-20T20:44:22+08:00 ] 127.0.0.1 /library/library/index.php/Home/Index/index
INFO: [ app_init ] --START--
INFO: Run Behavior\BuildLiteBehavior [ RunTime:0.000032s ]
INFO: [ app_init ] --END-- [ RunTime:0.029079s ]
INFO: [ app_begin ] --START--
INFO: Run Behavior\ReadHtmlCacheBehavior [ RunTime:0.045398s ]
INFO: [ app_begin ] --END-- [ RunTime:0.045506s ]
SQL: SHOW COLUMNS FROM `li_library` [ RunTime:0.9544s ]
SQL: SELECT `id`,`bbs` FROM `li_library` WHERE `id` = 1 LIMIT 1   [ RunTime:0.1463s ]
SQL: SHOW COLUMNS FROM `li_book` [ RunTime:0.1319s ]
SQL: SELECT `bo_id`,`bo_name` FROM `li_book` WHERE ( bo_mustread=1 ) LIMIT 8   [ RunTime:0.0005s ]
SQL: SELECT `bo_id`,`bo_name` FROM `li_book` WHERE ( bo_recummend=1 ) LIMIT 8   [ RunTime:0.0002s ]
SQL: SELECT `bo_id`,`bo_name` FROM `li_book` ORDER BY bo_borrowtimes desc LIMIT 8   [ RunTime:0.0003s ]
SQL: SELECT `bo_id`,`bo_photo`,`bo_name` FROM `li_book`  [ RunTime:0.0003s ]
INFO: [ view_parse ] --START--
NOTIC: [8] Undefined index: bbs F:\homework\library\library\Runtime\Cache\7c81be75396b4fcd8dd2bf9069148837f8ccfa67.file.index.html.php 第 94 行.
INFO: Run Behavior\ParseTemplateBehavior [ RunTime:0.233516s ]
INFO: [ view_parse ] --END-- [ RunTime:0.233648s ]
INFO: [ view_filter ] --START--
INFO: Run Behavior\WriteHtmlCacheBehavior [ RunTime:0.017816s ]
INFO: [ view_filter ] --END-- [ RunTime:0.017903s ]
INFO: [ app_end ] --START--
INFO: Run Behavior\ShowPageTraceBehavior [ RunTime:0.006015s ]
INFO: [ app_end ] --END-- [ RunTime:0.006123s ]

[ 2015-10-20T20:44:24+08:00 ] 127.0.0.1 /library/library/index.php/Home/Index/Images/line.gif
INFO: [ app_init ] --START--
INFO: Run Behavior\BuildLiteBehavior [ RunTime:0.000017s ]
INFO: [ app_init ] --END-- [ RunTime:0.000343s ]

[ 2015-10-20T20:47:54+08:00 ] 127.0.0.1 /library/library/index.php/
INFO: [ app_init ] --START--
INFO: Run Behavior\BuildLiteBehavior [ RunTime:0.000023s ]
INFO: [ app_init ] --END-- [ RunTime:0.000596s ]
INFO: [ app_begin ] --START--
INFO: Run Behavior\ReadHtmlCacheBehavior [ RunTime:0.001072s ]
INFO: [ app_begin ] --END-- [ RunTime:0.001211s ]
SQL: SHOW COLUMNS FROM `li_library` [ RunTime:0.0055s ]
SQL: SELECT `id`,`bbs` FROM `li_library` WHERE `id` = 1 LIMIT 1   [ RunTime:0.0002s ]
SQL: SHOW COLUMNS FROM `li_book` [ RunTime:0.0042s ]
SQL: SELECT `bo_id`,`bo_name` FROM `li_book` WHERE ( bo_mustread=1 ) LIMIT 8   [ RunTime:0.0003s ]
SQL: SELECT `bo_id`,`bo_name` FROM `li_book` WHERE ( bo_recummend=1 ) LIMIT 8   [ RunTime:0.0002s ]
SQL: SELECT `bo_id`,`bo_name` FROM `li_book` ORDER BY bo_borrowtimes desc LIMIT 8   [ RunTime:0.0001s ]
SQL: SELECT `bo_id`,`bo_photo`,`bo_name` FROM `li_book`  [ RunTime:0.0002s ]
INFO: [ view_parse ] --START--
NOTIC: [8] Undefined index: bbs F:\homework\library\library\Runtime\Cache\7c81be75396b4fcd8dd2bf9069148837f8ccfa67.file.index.html.php 第 94 行.
INFO: Run Behavior\ParseTemplateBehavior [ RunTime:0.017553s ]
INFO: [ view_parse ] --END-- [ RunTime:0.017659s ]
INFO: [ view_filter ] --START--
INFO: Run Behavior\WriteHtmlCacheBehavior [ RunTime:0.000398s ]
INFO: [ view_filter ] --END-- [ RunTime:0.000467s ]
INFO: [ app_end ] --START--
INFO: Run Behavior\ShowPageTraceBehavior [ RunTime:0.001245s ]
INFO: [ app_end ] --END-- [ RunTime:0.001382s ]

[ 2015-10-20T20:47:55+08:00 ] 127.0.0.1 /library/library/index.php/Images/line.gif
INFO: [ app_init ] --START--
INFO: Run Behavior\BuildLiteBehavior [ RunTime:0.000026s ]
INFO: [ app_init ] --END-- [ RunTime:0.000574s ]

[ 2015-10-20T20:47:58+08:00 ] 127.0.0.1 /library/library/index.php/
INFO: [ app_init ] --START--
INFO: Run Behavior\BuildLiteBehavior [ RunTime:0.000026s ]
INFO: [ app_init ] --END-- [ RunTime:0.000408s ]
INFO: [ app_begin ] --START--
INFO: Run Behavior\ReadHtmlCacheBehavior [ RunTime:0.000769s ]
INFO: [ app_begin ] --END-- [ RunTime:0.000879s ]
SQL: SHOW COLUMNS FROM `li_library` [ RunTime:0.0056s ]
SQL: SELECT `id`,`bbs` FROM `li_library` WHERE `id` = 1 LIMIT 1   [ RunTime:0.0002s ]
SQL: SHOW COLUMNS FROM `li_book` [ RunTime:0.0052s ]
SQL: SELECT `bo_id`,`bo_name` FROM `li_book` WHERE ( bo_mustread=1 ) LIMIT 8   [ RunTime:0.0002s ]
SQL: SELECT `bo_id`,`bo_name` FROM `li_book` WHERE ( bo_recummend=1 ) LIMIT 8   [ RunTime:0.0001s ]
SQL: SELECT `bo_id`,`bo_name` FROM `li_book` ORDER BY bo_borrowtimes desc LIMIT 8   [ RunTime:0.0002s ]
SQL: SELECT `bo_id`,`bo_photo`,`bo_name` FROM `li_book`  [ RunTime:0.0002s ]
INFO: [ view_parse ] --START--
NOTIC: [8] Undefined index: bbs F:\homework\library\library\Runtime\Cache\7c81be75396b4fcd8dd2bf9069148837f8ccfa67.file.index.html.php 第 94 行.
INFO: Run Behavior\ParseTemplateBehavior [ RunTime:0.013115s ]
INFO: [ view_parse ] --END-- [ RunTime:0.013209s ]
INFO: [ view_filter ] --START--
INFO: Run Behavior\WriteHtmlCacheBehavior [ RunTime:0.000292s ]
INFO: [ view_filter ] --END-- [ RunTime:0.000356s ]
INFO: [ app_end ] --START--
INFO: Run Behavior\ShowPageTraceBehavior [ RunTime:0.000853s ]
INFO: [ app_end ] --END-- [ RunTime:0.000949s ]

[ 2015-10-20T20:47:58+08:00 ] 127.0.0.1 /library/library/index.php/Images/line.gif
INFO: [ app_init ] --START--
INFO: Run Behavior\BuildLiteBehavior [ RunTime:0.000018s ]
INFO: [ app_init ] --END-- [ RunTime:0.000418s ]

[ 2015-10-20T20:48:17+08:00 ] 127.0.0.1 /library/library/index.php/Home/Index/index
INFO: [ app_init ] --START--
INFO: Run Behavior\BuildLiteBehavior [ RunTime:0.000022s ]
INFO: [ app_init ] --END-- [ RunTime:0.000438s ]
INFO: [ app_begin ] --START--
INFO: Run Behavior\ReadHtmlCacheBehavior [ RunTime:0.000484s ]
INFO: [ app_begin ] --END-- [ RunTime:0.000554s ]
SQL: SHOW COLUMNS FROM `li_library` [ RunTime:0.0041s ]
SQL: SELECT `id`,`bbs` FROM `li_library` WHERE `id` = 1 LIMIT 1   [ RunTime:0.0002s ]
SQL: SHOW COLUMNS FROM `li_book` [ RunTime:0.0040s ]
SQL: SELECT `bo_id`,`bo_name` FROM `li_book` WHERE ( bo_mustread=1 ) LIMIT 8   [ RunTime:0.0003s ]
SQL: SELECT `bo_id`,`bo_name` FROM `li_book` WHERE ( bo_recummend=1 ) LIMIT 8   [ RunTime:0.0004s ]
SQL: SELECT `bo_id`,`bo_name` FROM `li_book` ORDER BY bo_borrowtimes desc LIMIT 8   [ RunTime:0.0002s ]
SQL: SELECT `bo_id`,`bo_photo`,`bo_name` FROM `li_book`  [ RunTime:0.0002s ]
INFO: [ view_parse ] --START--
NOTIC: [8] Undefined index: bbs F:\homework\library\library\Runtime\Cache\7c81be75396b4fcd8dd2bf9069148837f8ccfa67.file.index.html.php 第 94 行.
INFO: Run Behavior\ParseTemplateBehavior [ RunTime:0.015732s ]
INFO: [ view_parse ] --END-- [ RunTime:0.015859s ]
INFO: [ view_filter ] --START--
INFO: Run Behavior\WriteHtmlCacheBehavior [ RunTime:0.000406s ]
INFO: [ view_filter ] --END-- [ RunTime:0.000509s ]
INFO: [ app_end ] --START--
INFO: Run Behavior\ShowPageTraceBehavior [ RunTime:0.000868s ]
INFO: [ app_end ] --END-- [ RunTime:0.000976s ]

[ 2015-10-20T20:48:17+08:00 ] 127.0.0.1 /library/library/index.php/Home/Index/Images/line.gif
INFO: [ app_init ] --START--
INFO: Run Behavior\BuildLiteBehavior [ RunTime:0.000027s ]
INFO: [ app_init ] --END-- [ RunTime:0.000645s ]

[ 2015-10-20T20:48:18+08:00 ] 127.0.0.1 /library/library/index.php/Home/Book/bookQuery
INFO: [ app_init ] --START--
INFO: Run Behavior\BuildLiteBehavior [ RunTime:0.000029s ]
INFO: [ app_init ] --END-- [ RunTime:0.000813s ]
INFO: [ app_begin ] --START--
INFO: Run Behavior\ReadHtmlCacheBehavior [ RunTime:0.000902s ]
INFO: [ app_begin ] --END-- [ RunTime:0.001019s ]
SQL: SHOW COLUMNS FROM `li_library` [ RunTime:0.0049s ]
SQL: SELECT `id`,`bbs` FROM `li_library` WHERE `id` = 1 LIMIT 1   [ RunTime:0.0002s ]
SQL: SHOW COLUMNS FROM `li_book` [ RunTime:0.0053s ]
NOTIC: [8] Undefined index: code F:\homework\library\library\Home\Controller\BookController.class.php 第 15 行.
NOTIC: [8] Undefined index: bookname F:\homework\library\library\Home\Controller\BookController.class.php 第 16 行.
NOTIC: [8] Undefined index: name F:\homework\library\library\Home\Controller\BookController.class.php 第 17 行.
SQL: SELECT COUNT(*) AS tp_count FROM `li_book` LIMIT 1   [ RunTime:0.0465s ]
INFO: [ view_parse ] --START--
NOTIC: [8] Undefined index: name F:\homework\library\library\Runtime\Cache\36c61a40e69e57d43f4df279dc195f5119d4a430.file.book_Query.html.php 第 127 行.
NOTIC: [8] Trying to get property of non-object F:\homework\library\library\Runtime\Cache\36c61a40e69e57d43f4df279dc195f5119d4a430.file.book_Query.html.php 第 127 行.
NOTIC: [8] Undefined index: info F:\homework\library\library\Runtime\Cache\36c61a40e69e57d43f4df279dc195f5119d4a430.file.book_Query.html.php 第 145 行.
NOTIC: [8] Trying to get property of non-object F:\homework\library\library\Runtime\Cache\36c61a40e69e57d43f4df279dc195f5119d4a430.file.book_Query.html.php 第 145 行.
NOTIC: [8] Undefined index: pagelist F:\homework\library\library\Runtime\Cache\36c61a40e69e57d43f4df279dc195f5119d4a430.file.book_Query.html.php 第 168 行.
NOTIC: [8] Trying to get property of non-object F:\homework\library\library\Runtime\Cache\36c61a40e69e57d43f4df279dc195f5119d4a430.file.book_Query.html.php 第 168 行.
NOTIC: [8] Undefined index: session F:\homework\library\library\Runtime\Cache\36c61a40e69e57d43f4df279dc195f5119d4a430.file.book_Query.html.php 第 179 行.
NOTIC: [8] Trying to get property of non-object F:\homework\library\library\Runtime\Cache\36c61a40e69e57d43f4df279dc195f5119d4a430.file.book_Query.html.php 第 179 行.
INFO: Run Behavior\ParseTemplateBehavior [ RunTime:0.022579s ]
INFO: [ view_parse ] --END-- [ RunTime:0.022702s ]
INFO: [ view_filter ] --START--
INFO: Run Behavior\WriteHtmlCacheBehavior [ RunTime:0.000279s ]
INFO: [ view_filter ] --END-- [ RunTime:0.000361s ]
INFO: [ app_end ] --START--
INFO: Run Behavior\ShowPageTraceBehavior [ RunTime:0.000946s ]
INFO: [ app_end ] --END-- [ RunTime:0.001065s ]

[ 2015-10-20T20:48:18+08:00 ] 127.0.0.1 /library/library/index.php/Home/Book/Images/line.gif
INFO: [ app_init ] --START--
INFO: Run Behavior\BuildLiteBehavior [ RunTime:0.000019s ]
INFO: [ app_init ] --END-- [ RunTime:0.000487s ]

[ 2015-10-20T20:48:20+08:00 ] 127.0.0.1 /library/library/index.php/Home/Book/bookTuijian
INFO: [ app_init ] --START--
INFO: Run Behavior\BuildLiteBehavior [ RunTime:0.000017s ]
INFO: [ app_init ] --END-- [ RunTime:0.000562s ]
INFO: [ app_begin ] --START--
INFO: Run Behavior\ReadHtmlCacheBehavior [ RunTime:0.000568s ]
INFO: [ app_begin ] --END-- [ RunTime:0.000644s ]
SQL: SHOW COLUMNS FROM `li_library` [ RunTime:0.0299s ]
SQL: SELECT `id`,`bbs` FROM `li_library` WHERE `id` = 1 LIMIT 1   [ RunTime:0.0002s ]
SQL: SHOW COLUMNS FROM `li_book` [ RunTime:0.0040s ]
SQL: SELECT COUNT(*) AS tp_count FROM `li_book` LIMIT 1   [ RunTime:0.0001s ]
SQL: SELECT a.bo_id,a.bo_code,a.bo_name,b.by_name,c.pr_name,d.ca_name,a.bo_stock FROM `li_book`as a left join li_booktype as b on a.bo_typeid=b.by_id left join li_press as c on a.bo_pressid=c.pr_id left join li_bookcase as d on a.bo_bookcaseid=d.ca_id where bo_recummend=1 Limit 0, 8  [ RunTime:0.2018s ]
INFO: [ view_parse ] --START--
INFO: Run Behavior\ParseTemplateBehavior [ RunTime:0.042626s ]
INFO: [ view_parse ] --END-- [ RunTime:0.042744s ]
INFO: [ view_filter ] --START--
INFO: Run Behavior\WriteHtmlCacheBehavior [ RunTime:0.000249s ]
INFO: [ view_filter ] --END-- [ RunTime:0.000313s ]
INFO: [ app_end ] --START--
INFO: Run Behavior\ShowPageTraceBehavior [ RunTime:0.000707s ]
INFO: [ app_end ] --END-- [ RunTime:0.000819s ]

[ 2015-10-20T20:48:20+08:00 ] 127.0.0.1 /library/library/index.php/Home/Book/Images/line.gif
INFO: [ app_init ] --START--
INFO: Run Behavior\BuildLiteBehavior [ RunTime:0.000019s ]
INFO: [ app_init ] --END-- [ RunTime:0.000454s ]

[ 2015-10-20T20:48:21+08:00 ] 127.0.0.1 /library/library/index.php/Home/Book/bookMustread
INFO: [ app_init ] --START--
INFO: Run Behavior\BuildLiteBehavior [ RunTime:0.000025s ]
INFO: [ app_init ] --END-- [ RunTime:0.000715s ]
INFO: [ app_begin ] --START--
INFO: Run Behavior\ReadHtmlCacheBehavior [ RunTime:0.000663s ]
INFO: [ app_begin ] --END-- [ RunTime:0.000729s ]
SQL: SHOW COLUMNS FROM `li_library` [ RunTime:0.0041s ]
SQL: SELECT `id`,`bbs` FROM `li_library` WHERE `id` = 1 LIMIT 1   [ RunTime:0.0002s ]
SQL: SHOW COLUMNS FROM `li_book` [ RunTime:0.0050s ]
SQL: SELECT COUNT(*) AS tp_count FROM `li_book` LIMIT 1   [ RunTime:0.0002s ]
SQL: SELECT a.bo_id,a.bo_code,a.bo_name,b.by_name,c.pr_name,d.ca_name,a.bo_stock FROM `li_book`as a left join li_booktype as b on a.bo_typeid=b.by_id left join li_press as c on a.bo_pressid=c.pr_id left join li_bookcase as d on a.bo_bookcaseid=d.ca_id where bo_mustread=1 Limit 0, 8 [ RunTime:0.0005s ]
INFO: [ view_parse ] --START--
INFO: Run Behavior\ParseTemplateBehavior [ RunTime:0.047784s ]
INFO: [ view_parse ] --END-- [ RunTime:0.047946s ]
INFO: [ view_filter ] --START--
INFO: Run Behavior\WriteHtmlCacheBehavior [ RunTime:0.000414s ]
INFO: [ view_filter ] --END-- [ RunTime:0.000569s ]
INFO: [ app_end ] --START--
INFO: Run Behavior\ShowPageTraceBehavior [ RunTime:0.001003s ]
INFO: [ app_end ] --END-- [ RunTime:0.001164s ]

[ 2015-10-20T20:48:21+08:00 ] 127.0.0.1 /library/library/index.php/Home/Book/Images/line.gif
INFO: [ app_init ] --START--
INFO: Run Behavior\BuildLiteBehavior [ RunTime:0.000019s ]
INFO: [ app_init ] --END-- [ RunTime:0.000497s ]

[ 2015-10-20T20:48:22+08:00 ] 127.0.0.1 /library/library/index.php/Home/Book/Images/item_over.gif
INFO: [ app_init ] --START--
INFO: Run Behavior\BuildLiteBehavior [ RunTime:0.000026s ]
INFO: [ app_init ] --END-- [ RunTime:0.000559s ]

[ 2015-10-20T20:48:22+08:00 ] 127.0.0.1 /library/library/index.php/Home/Book/Images/item_over.gif
INFO: [ app_init ] --START--
INFO: Run Behavior\BuildLiteBehavior [ RunTime:0.000018s ]
INFO: [ app_init ] --END-- [ RunTime:0.000450s ]

[ 2015-10-20T20:48:22+08:00 ] 127.0.0.1 /library/library/index.php/Home/Book/.Images/item_out.gif
INFO: [ app_init ] --START--
INFO: Run Behavior\BuildLiteBehavior [ RunTime:0.000020s ]
INFO: [ app_init ] --END-- [ RunTime:0.000651s ]

[ 2015-10-20T20:48:22+08:00 ] 127.0.0.1 /library/library/index.php/Home/Book/Images/item_over.gif
INFO: [ app_init ] --START--
INFO: Run Behavior\BuildLiteBehavior [ RunTime:0.000018s ]
INFO: [ app_init ] --END-- [ RunTime:0.000391s ]

[ 2015-10-20T20:48:22+08:00 ] 127.0.0.1 /library/library/index.php/Home/Book/Images/item_over.gif
INFO: [ app_init ] --START--
INFO: Run Behavior\BuildLiteBehavior [ RunTime:0.000017s ]
INFO: [ app_init ] --END-- [ RunTime:0.000381s ]

[ 2015-10-20T20:48:22+08:00 ] 127.0.0.1 /library/library/index.php/Home/Book/.Images/item_out.gif
INFO: [ app_init ] --START--
INFO: Run Behavior\BuildLiteBehavior [ RunTime:0.000018s ]
INFO: [ app_init ] --END-- [ RunTime:0.000393s ]

[ 2015-10-20T20:48:23+08:00 ] 127.0.0.1 /library/library/index.php/Home/Book/.Images/item_out.gif
INFO: [ app_init ] --START--
INFO: Run Behavior\BuildLiteBehavior [ RunTime:0.000018s ]
INFO: [ app_init ] --END-- [ RunTime:0.000411s ]

[ 2015-10-20T20:48:23+08:00 ] 127.0.0.1 /library/library/index.php/Home/Borrow/userBorrow
INFO: [ app_init ] --START--
INFO: Run Behavior\BuildLiteBehavior [ RunTime:0.000018s ]
INFO: [ app_init ] --END-- [ RunTime:0.000388s ]
INFO: [ app_begin ] --START--
INFO: Run Behavior\ReadHtmlCacheBehavior [ RunTime:0.000520s ]
INFO: [ app_begin ] --END-- [ RunTime:0.000600s ]
SQL: SHOW COLUMNS FROM `li_library` [ RunTime:0.0047s ]
SQL: SELECT `id`,`bbs` FROM `li_library` WHERE `id` = 1 LIMIT 1   [ RunTime:0.0002s ]
SQL: SHOW COLUMNS FROM `li_borrow` [ RunTime:0.0493s ]
SQL: SELECT COUNT(*) AS tp_count FROM `li_borrow` LIMIT 1   [ RunTime:0.0004s ]

[ 2015-10-20T20:48:25+08:00 ] 127.0.0.1 /library/library/index.php/Home/Book/Images/item_over.gif
INFO: [ app_init ] --START--
INFO: Run Behavior\BuildLiteBehavior [ RunTime:0.000026s ]
INFO: [ app_init ] --END-- [ RunTime:0.000588s ]

[ 2015-10-20T20:48:25+08:00 ] 127.0.0.1 /library/library/index.php/Home/Book/Images/item_over.gif
INFO: [ app_init ] --START--
INFO: Run Behavior\BuildLiteBehavior [ RunTime:0.000027s ]
INFO: [ app_init ] --END-- [ RunTime:0.000604s ]

[ 2015-10-20T20:48:25+08:00 ] 127.0.0.1 /library/library/index.php/Home/Book/.Images/item_out.gif
INFO: [ app_init ] --START--
INFO: Run Behavior\BuildLiteBehavior [ RunTime:0.000026s ]
INFO: [ app_init ] --END-- [ RunTime:0.000611s ]

[ 2015-10-20T20:48:25+08:00 ] 127.0.0.1 /library/library/index.php/Home/Book/Images/item_over.gif
INFO: [ app_init ] --START--
INFO: Run Behavior\BuildLiteBehavior [ RunTime:0.000027s ]
INFO: [ app_init ] --END-- [ RunTime:0.000586s ]

[ 2015-10-20T20:48:25+08:00 ] 127.0.0.1 /library/library/index.php/Home/Book/.Images/item_out.gif
INFO: [ app_init ] --START--
INFO: Run Behavior\BuildLiteBehavior [ RunTime:0.000027s ]
INFO: [ app_init ] --END-- [ RunTime:0.000587s ]

[ 2015-10-20T20:48:26+08:00 ] 127.0.0.1 /library/library/index.php/Home/Book/Images/item_over.gif
INFO: [ app_init ] --START--
INFO: Run Behavior\BuildLiteBehavior [ RunTime:0.000017s ]
INFO: [ app_init ] --END-- [ RunTime:0.000398s ]

[ 2015-10-20T20:48:26+08:00 ] 127.0.0.1 /library/library/index.php/Home/Book/.Images/item_out.gif
INFO: [ app_init ] --START--
INFO: Run Behavior\BuildLiteBehavior [ RunTime:0.000019s ]
INFO: [ app_init ] --END-- [ RunTime:0.000581s ]

[ 2015-10-20T20:48:26+08:00 ] 127.0.0.1 /library/library/index.php/Home/Borrow/userinfo
INFO: [ app_init ] --START--
INFO: Run Behavior\BuildLiteBehavior [ RunTime:0.000020s ]
INFO: [ app_init ] --END-- [ RunTime:0.000484s ]
INFO: [ app_begin ] --START--
INFO: Run Behavior\ReadHtmlCacheBehavior [ RunTime:0.000601s ]
INFO: [ app_begin ] --END-- [ RunTime:0.000684s ]
SQL: SHOW COLUMNS FROM `li_reader` [ RunTime:0.0318s ]
SQL: SHOW COLUMNS FROM `li_readertype` [ RunTime:0.0837s ]
SQL: SELECT `rt_id`,`rt_name` FROM `li_readertype`  [ RunTime:0.0004s ]
SQL: SHOW COLUMNS FROM `li_papers` [ RunTime:0.0525s ]
SQL: SELECT `pa_id`,`pa_type` FROM `li_papers`  [ RunTime:0.0003s ]

[ 2015-10-20T20:48:29+08:00 ] 127.0.0.1 /library/library/index.php/Home/Exit/index
INFO: [ app_init ] --START--
INFO: Run Behavior\BuildLiteBehavior [ RunTime:0.000018s ]
INFO: [ app_init ] --END-- [ RunTime:0.000388s ]
INFO: [ app_begin ] --START--
INFO: Run Behavior\ReadHtmlCacheBehavior [ RunTime:0.000511s ]
INFO: [ app_begin ] --END-- [ RunTime:0.000581s ]

[ 2015-10-20T20:48:29+08:00 ] 127.0.0.1 /library/library/index.php/Index/index.html
INFO: [ app_init ] --START--
INFO: Run Behavior\BuildLiteBehavior [ RunTime:0.000019s ]
INFO: [ app_init ] --END-- [ RunTime:0.000396s ]
INFO: [ app_begin ] --START--
INFO: Run Behavior\ReadHtmlCacheBehavior [ RunTime:0.000513s ]
INFO: [ app_begin ] --END-- [ RunTime:0.000589s ]
SQL: SHOW COLUMNS FROM `li_library` [ RunTime:0.0038s ]
SQL: SELECT `id`,`bbs` FROM `li_library` WHERE `id` = 1 LIMIT 1   [ RunTime:0.0002s ]
SQL: SHOW COLUMNS FROM `li_book` [ RunTime:0.0036s ]
SQL: SELECT `bo_id`,`bo_name` FROM `li_book` WHERE ( bo_mustread=1 ) LIMIT 8   [ RunTime:0.0002s ]
SQL: SELECT `bo_id`,`bo_name` FROM `li_book` WHERE ( bo_recummend=1 ) LIMIT 8   [ RunTime:0.0002s ]
SQL: SELECT `bo_id`,`bo_name` FROM `li_book` ORDER BY bo_borrowtimes desc LIMIT 8   [ RunTime:0.0002s ]
SQL: SELECT `bo_id`,`bo_photo`,`bo_name` FROM `li_book`  [ RunTime:0.0002s ]
INFO: [ view_parse ] --START--
NOTIC: [8] Undefined index: bbs F:\homework\library\library\Runtime\Cache\7c81be75396b4fcd8dd2bf9069148837f8ccfa67.file.index.html.php 第 94 行.
INFO: Run Behavior\ParseTemplateBehavior [ RunTime:0.014175s ]
INFO: [ view_parse ] --END-- [ RunTime:0.014296s ]
INFO: [ view_filter ] --START--
INFO: Run Behavior\WriteHtmlCacheBehavior [ RunTime:0.000319s ]
INFO: [ view_filter ] --END-- [ RunTime:0.000386s ]
INFO: [ app_end ] --START--
INFO: Run Behavior\ShowPageTraceBehavior [ RunTime:0.001192s ]
INFO: [ app_end ] --END-- [ RunTime:0.001345s ]

[ 2015-10-20T20:48:29+08:00 ] 127.0.0.1 /library/library/index.php/Index/Images/line.gif
INFO: [ app_init ] --START--
INFO: Run Behavior\BuildLiteBehavior [ RunTime:0.000017s ]
INFO: [ app_init ] --END-- [ RunTime:0.000502s ]

[ 2015-10-20T20:48:31+08:00 ] 127.0.0.1 /library/library/index.php/Home/Index/index
INFO: [ app_init ] --START--
INFO: Run Behavior\BuildLiteBehavior [ RunTime:0.000026s ]
INFO: [ app_init ] --END-- [ RunTime:0.000630s ]
INFO: [ app_begin ] --START--
INFO: Run Behavior\ReadHtmlCacheBehavior [ RunTime:0.000842s ]
INFO: [ app_begin ] --END-- [ RunTime:0.000981s ]
SQL: SHOW COLUMNS FROM `li_library` [ RunTime:0.0045s ]
SQL: SELECT `id`,`bbs` FROM `li_library` WHERE `id` = 1 LIMIT 1   [ RunTime:0.0003s ]
SQL: SHOW COLUMNS FROM `li_book` [ RunTime:0.0050s ]
SQL: SELECT `bo_id`,`bo_name` FROM `li_book` WHERE ( bo_mustread=1 ) LIMIT 8   [ RunTime:0.0002s ]
SQL: SELECT `bo_id`,`bo_name` FROM `li_book` WHERE ( bo_recummend=1 ) LIMIT 8   [ RunTime:0.0001s ]
SQL: SELECT `bo_id`,`bo_name` FROM `li_book` ORDER BY bo_borrowtimes desc LIMIT 8   [ RunTime:0.0001s ]
SQL: SELECT `bo_id`,`bo_photo`,`bo_name` FROM `li_book`  [ RunTime:0.0002s ]
INFO: [ view_parse ] --START--
NOTIC: [8] Undefined index: bbs F:\homework\library\library\Runtime\Cache\7c81be75396b4fcd8dd2bf9069148837f8ccfa67.file.index.html.php 第 94 行.
INFO: Run Behavior\ParseTemplateBehavior [ RunTime:0.014643s ]
INFO: [ view_parse ] --END-- [ RunTime:0.014727s ]
INFO: [ view_filter ] --START--
INFO: Run Behavior\WriteHtmlCacheBehavior [ RunTime:0.000245s ]
INFO: [ view_filter ] --END-- [ RunTime:0.000306s ]
INFO: [ app_end ] --START--
INFO: Run Behavior\ShowPageTraceBehavior [ RunTime:0.000902s ]
INFO: [ app_end ] --END-- [ RunTime:0.001036s ]

[ 2015-10-20T20:48:31+08:00 ] 127.0.0.1 /library/library/index.php/Home/Index/Images/line.gif
INFO: [ app_init ] --START--
INFO: Run Behavior\BuildLiteBehavior [ RunTime:0.000029s ]
INFO: [ app_init ] --END-- [ RunTime:0.000603s ]

[ 2015-10-20T21:39:03+08:00 ] 127.0.0.1 /library/library/index.php/Home/Index/index
INFO: [ app_init ] --START--
INFO: Run Behavior\BuildLiteBehavior [ RunTime:0.000031s ]
INFO: [ app_init ] --END-- [ RunTime:0.000760s ]
INFO: [ app_begin ] --START--
INFO: Run Behavior\ReadHtmlCacheBehavior [ RunTime:0.001058s ]
INFO: [ app_begin ] --END-- [ RunTime:0.001222s ]
SQL: SHOW COLUMNS FROM `li_library` [ RunTime:0.0048s ]
SQL: SELECT `id`,`bbs` FROM `li_library` WHERE `id` = 1 LIMIT 1   [ RunTime:0.0002s ]
SQL: SHOW COLUMNS FROM `li_book` [ RunTime:0.0045s ]
SQL: SELECT `bo_id`,`bo_name` FROM `li_book` WHERE ( bo_mustread=1 ) LIMIT 8   [ RunTime:0.0001s ]
SQL: SELECT `bo_id`,`bo_name` FROM `li_book` WHERE ( bo_recummend=1 ) LIMIT 8   [ RunTime:0.0001s ]
SQL: SELECT `bo_id`,`bo_name` FROM `li_book` ORDER BY bo_borrowtimes desc LIMIT 8   [ RunTime:0.0001s ]
SQL: SELECT `bo_id`,`bo_photo`,`bo_name` FROM `li_book`  [ RunTime:0.0002s ]
INFO: [ view_parse ] --START--
NOTIC: [8] Undefined index: bbs F:\homework\library\library\Runtime\Cache\7c81be75396b4fcd8dd2bf9069148837f8ccfa67.file.index.html.php 第 94 行.
INFO: Run Behavior\ParseTemplateBehavior [ RunTime:0.014643s ]
INFO: [ view_parse ] --END-- [ RunTime:0.014723s ]
INFO: [ view_filter ] --START--
INFO: Run Behavior\WriteHtmlCacheBehavior [ RunTime:0.000379s ]
INFO: [ view_filter ] --END-- [ RunTime:0.000436s ]
INFO: [ app_end ] --START--
INFO: Run Behavior\ShowPageTraceBehavior [ RunTime:0.000918s ]
INFO: [ app_end ] --END-- [ RunTime:0.001021s ]

[ 2015-10-20T21:39:03+08:00 ] 127.0.0.1 /library/library/index.php/Home/Index/Images/line.gif
INFO: [ app_init ] --START--
INFO: Run Behavior\BuildLiteBehavior [ RunTime:0.000048s ]
INFO: [ app_init ] --END-- [ RunTime:0.000725s ]

[ 2015-10-20T21:39:05+08:00 ] 127.0.0.1 /library/library/index.php/Home/Book/bookInfo/bo_id/4
INFO: [ app_init ] --START--
INFO: Run Behavior\BuildLiteBehavior [ RunTime:0.000021s ]
INFO: [ app_init ] --END-- [ RunTime:0.000448s ]
INFO: [ app_begin ] --START--
INFO: Run Behavior\ReadHtmlCacheBehavior [ RunTime:0.001062s ]
INFO: [ app_begin ] --END-- [ RunTime:0.001226s ]
SQL: SHOW COLUMNS FROM `li_library` [ RunTime:0.0043s ]
SQL: SELECT `id`,`bbs` FROM `li_library` WHERE `id` = 1 LIMIT 1   [ RunTime:0.0002s ]
SQL: SHOW COLUMNS FROM `li_book` [ RunTime:0.0053s ]
SQL: SELECT a.*,b.by_name,c.pr_name,d.ca_name FROM `li_book`as a left join li_booktype as b on a.bo_typeid=b.by_id left join li_press as c on a.bo_pressid=c.pr_id left join li_bookcase as d on a.bo_bookcaseid=d.ca_id where bo_id=4 [ RunTime:0.0013s ]
INFO: [ view_parse ] --START--
NOTIC: [8] Undefined index: re_id F:\homework\library\library\Runtime\Cache\0377a475279e9fd18ffbc4693892bd77917f15e1.file.book_view.html.php 第 167 行.
INFO: Run Behavior\ParseTemplateBehavior [ RunTime:0.036023s ]
INFO: [ view_parse ] --END-- [ RunTime:0.036190s ]
INFO: [ view_filter ] --START--
INFO: Run Behavior\WriteHtmlCacheBehavior [ RunTime:0.000627s ]
INFO: [ view_filter ] --END-- [ RunTime:0.000729s ]
INFO: [ app_end ] --START--
INFO: Run Behavior\ShowPageTraceBehavior [ RunTime:0.001222s ]
INFO: [ app_end ] --END-- [ RunTime:0.001370s ]

[ 2015-10-20T21:39:05+08:00 ] 127.0.0.1 /library/library/index.php/Home/Book/bookInfo/bo_id/Images/line.gif
INFO: [ app_init ] --START--
INFO: Run Behavior\BuildLiteBehavior [ RunTime:0.000023s ]
INFO: [ app_init ] --END-- [ RunTime:0.000664s ]

[ 2015-10-20T21:39:40+08:00 ] 127.0.0.1 /library/library/index.php/Home/Book/bookInfo/bo_id/22
INFO: [ app_init ] --START--
INFO: Run Behavior\BuildLiteBehavior [ RunTime:0.000021s ]
INFO: [ app_init ] --END-- [ RunTime:0.000660s ]
INFO: [ app_begin ] --START--
INFO: Run Behavior\ReadHtmlCacheBehavior [ RunTime:0.000742s ]
INFO: [ app_begin ] --END-- [ RunTime:0.000832s ]
SQL: SHOW COLUMNS FROM `li_library` [ RunTime:0.0127s ]
SQL: SELECT `id`,`bbs` FROM `li_library` WHERE `id` = 1 LIMIT 1   [ RunTime:0.0002s ]
SQL: SHOW COLUMNS FROM `li_book` [ RunTime:0.0049s ]
SQL: SELECT a.*,b.by_name,c.pr_name,d.ca_name FROM `li_book`as a left join li_booktype as b on a.bo_typeid=b.by_id left join li_press as c on a.bo_pressid=c.pr_id left join li_bookcase as d on a.bo_bookcaseid=d.ca_id where bo_id=22 [ RunTime:0.0009s ]
INFO: [ view_parse ] --START--
NOTIC: [8] Undefined index: re_id F:\homework\library\library\Runtime\Cache\0377a475279e9fd18ffbc4693892bd77917f15e1.file.book_view.html.php 第 167 行.
NOTIC: [8] Undefined index: re_id F:\homework\library\library\Runtime\Cache\0377a475279e9fd18ffbc4693892bd77917f15e1.file.book_view.html.php 第 179 行.
INFO: Run Behavior\ParseTemplateBehavior [ RunTime:0.029010s ]
INFO: [ view_parse ] --END-- [ RunTime:0.029141s ]
INFO: [ view_filter ] --START--
INFO: Run Behavior\WriteHtmlCacheBehavior [ RunTime:0.000462s ]
INFO: [ view_filter ] --END-- [ RunTime:0.000576s ]
INFO: [ app_end ] --START--
INFO: Run Behavior\ShowPageTraceBehavior [ RunTime:0.000823s ]
INFO: [ app_end ] --END-- [ RunTime:0.000905s ]

[ 2015-10-20T21:39:40+08:00 ] 127.0.0.1 /library/library/index.php/Home/Book/bookInfo/bo_id/Images/line.gif
INFO: [ app_init ] --START--
INFO: Run Behavior\BuildLiteBehavior [ RunTime:0.000019s ]
INFO: [ app_init ] --END-- [ RunTime:0.000468s ]

[ 2015-10-20T21:39:47+08:00 ] 127.0.0.1 /library/library/index.php/Home/Book/bookQuery
INFO: [ app_init ] --START--
INFO: Run Behavior\BuildLiteBehavior [ RunTime:0.000020s ]
INFO: [ app_init ] --END-- [ RunTime:0.000453s ]
INFO: [ app_begin ] --START--
INFO: Run Behavior\ReadHtmlCacheBehavior [ RunTime:0.000897s ]
INFO: [ app_begin ] --END-- [ RunTime:0.001004s ]
SQL: SHOW COLUMNS FROM `li_library` [ RunTime:0.0041s ]
SQL: SELECT `id`,`bbs` FROM `li_library` WHERE `id` = 1 LIMIT 1   [ RunTime:0.0003s ]
SQL: SHOW COLUMNS FROM `li_book` [ RunTime:0.0052s ]
NOTIC: [8] Undefined index: code F:\homework\library\library\Home\Controller\BookController.class.php 第 15 行.
NOTIC: [8] Undefined index: bookname F:\homework\library\library\Home\Controller\BookController.class.php 第 16 行.
NOTIC: [8] Undefined index: name F:\homework\library\library\Home\Controller\BookController.class.php 第 17 行.
SQL: SELECT COUNT(*) AS tp_count FROM `li_book` LIMIT 1   [ RunTime:0.0001s ]
INFO: [ view_parse ] --START--
NOTIC: [8] Undefined index: name F:\homework\library\library\Runtime\Cache\36c61a40e69e57d43f4df279dc195f5119d4a430.file.book_Query.html.php 第 127 行.
NOTIC: [8] Trying to get property of non-object F:\homework\library\library\Runtime\Cache\36c61a40e69e57d43f4df279dc195f5119d4a430.file.book_Query.html.php 第 127 行.
NOTIC: [8] Undefined index: info F:\homework\library\library\Runtime\Cache\36c61a40e69e57d43f4df279dc195f5119d4a430.file.book_Query.html.php 第 145 行.
NOTIC: [8] Trying to get property of non-object F:\homework\library\library\Runtime\Cache\36c61a40e69e57d43f4df279dc195f5119d4a430.file.book_Query.html.php 第 145 行.
NOTIC: [8] Undefined index: pagelist F:\homework\library\library\Runtime\Cache\36c61a40e69e57d43f4df279dc195f5119d4a430.file.book_Query.html.php 第 168 行.
NOTIC: [8] Trying to get property of non-object F:\homework\library\library\Runtime\Cache\36c61a40e69e57d43f4df279dc195f5119d4a430.file.book_Query.html.php 第 168 行.
NOTIC: [8] Undefined index: session F:\homework\library\library\Runtime\Cache\36c61a40e69e57d43f4df279dc195f5119d4a430.file.book_Query.html.php 第 179 行.
NOTIC: [8] Trying to get property of non-object F:\homework\library\library\Runtime\Cache\36c61a40e69e57d43f4df279dc195f5119d4a430.file.book_Query.html.php 第 179 行.
INFO: Run Behavior\ParseTemplateBehavior [ RunTime:0.012770s ]
INFO: [ view_parse ] --END-- [ RunTime:0.012901s ]
INFO: [ view_filter ] --START--
INFO: Run Behavior\WriteHtmlCacheBehavior [ RunTime:0.000304s ]
INFO: [ view_filter ] --END-- [ RunTime:0.000390s ]
INFO: [ app_end ] --START--
INFO: Run Behavior\ShowPageTraceBehavior [ RunTime:0.000677s ]
INFO: [ app_end ] --END-- [ RunTime:0.000765s ]

[ 2015-10-20T21:39:47+08:00 ] 127.0.0.1 /library/library/index.php/Home/Book/Images/line.gif
INFO: [ app_init ] --START--
INFO: Run Behavior\BuildLiteBehavior [ RunTime:0.000020s ]
INFO: [ app_init ] --END-- [ RunTime:0.000419s ]

[ 2015-10-20T21:40:01+08:00 ] 127.0.0.1 /library/library/index.php/Home/Book/bookInfo/bo_id/10
INFO: [ app_init ] --START--
INFO: Run Behavior\BuildLiteBehavior [ RunTime:0.000018s ]
INFO: [ app_init ] --END-- [ RunTime:0.000398s ]
INFO: [ app_begin ] --START--
INFO: Run Behavior\ReadHtmlCacheBehavior [ RunTime:0.000572s ]
INFO: [ app_begin ] --END-- [ RunTime:0.000650s ]
SQL: SHOW COLUMNS FROM `li_library` [ RunTime:0.0044s ]
SQL: SELECT `id`,`bbs` FROM `li_library` WHERE `id` = 1 LIMIT 1   [ RunTime:0.0003s ]
SQL: SHOW COLUMNS FROM `li_book` [ RunTime:0.0044s ]
SQL: SELECT a.*,b.by_name,c.pr_name,d.ca_name FROM `li_book`as a left join li_booktype as b on a.bo_typeid=b.by_id left join li_press as c on a.bo_pressid=c.pr_id left join li_bookcase as d on a.bo_bookcaseid=d.ca_id where bo_id=10 [ RunTime:0.0006s ]
INFO: [ view_parse ] --START--
NOTIC: [8] Undefined index: re_id F:\homework\library\library\Runtime\Cache\0377a475279e9fd18ffbc4693892bd77917f15e1.file.book_view.html.php 第 167 行.
NOTIC: [8] Undefined index: re_id F:\homework\library\library\Runtime\Cache\0377a475279e9fd18ffbc4693892bd77917f15e1.file.book_view.html.php 第 179 行.
INFO: Run Behavior\ParseTemplateBehavior [ RunTime:0.015153s ]
INFO: [ view_parse ] --END-- [ RunTime:0.015310s ]
INFO: [ view_filter ] --START--
INFO: Run Behavior\WriteHtmlCacheBehavior [ RunTime:0.000306s ]
INFO: [ view_filter ] --END-- [ RunTime:0.000391s ]
INFO: [ app_end ] --START--
INFO: Run Behavior\ShowPageTraceBehavior [ RunTime:0.000867s ]
INFO: [ app_end ] --END-- [ RunTime:0.000996s ]

[ 2015-10-20T21:40:02+08:00 ] 127.0.0.1 /library/library/index.php/Home/Book/bookInfo/bo_id/Images/line.gif
INFO: [ app_init ] --START--
INFO: Run Behavior\BuildLiteBehavior [ RunTime:0.000018s ]
INFO: [ app_init ] --END-- [ RunTime:0.000441s ]

[ 2015-10-20T21:41:44+08:00 ] 127.0.0.1 /library/library/index.php/Home/Index/index
INFO: [ app_init ] --START--
INFO: Run Behavior\BuildLiteBehavior [ RunTime:0.000021s ]
INFO: [ app_init ] --END-- [ RunTime:0.000617s ]
INFO: [ app_begin ] --START--
INFO: Run Behavior\ReadHtmlCacheBehavior [ RunTime:0.000955s ]
INFO: [ app_begin ] --END-- [ RunTime:0.001061s ]
SQL: SHOW COLUMNS FROM `li_library` [ RunTime:0.0074s ]
SQL: SELECT `id`,`bbs` FROM `li_library` WHERE `id` = 1 LIMIT 1   [ RunTime:0.0003s ]
SQL: SHOW COLUMNS FROM `li_book` [ RunTime:0.0056s ]
SQL: SELECT `bo_id`,`bo_name` FROM `li_book` WHERE ( bo_mustread=1 ) LIMIT 8   [ RunTime:0.0002s ]
SQL: SELECT `bo_id`,`bo_name` FROM `li_book` WHERE ( bo_recummend=1 ) LIMIT 8   [ RunTime:0.0002s ]
SQL: SELECT `bo_id`,`bo_name` FROM `li_book` ORDER BY bo_borrowtimes desc LIMIT 8   [ RunTime:0.0001s ]
SQL: SELECT `bo_id`,`bo_photo`,`bo_name` FROM `li_book`  [ RunTime:0.0002s ]
INFO: [ view_parse ] --START--
NOTIC: [8] Undefined index: bbs F:\homework\library\library\Runtime\Cache\7c81be75396b4fcd8dd2bf9069148837f8ccfa67.file.index.html.php 第 94 行.
INFO: Run Behavior\ParseTemplateBehavior [ RunTime:0.021413s ]
INFO: [ view_parse ] --END-- [ RunTime:0.021519s ]
INFO: [ view_filter ] --START--
INFO: Run Behavior\WriteHtmlCacheBehavior [ RunTime:0.000694s ]
INFO: [ view_filter ] --END-- [ RunTime:0.000769s ]
INFO: [ app_end ] --START--
INFO: Run Behavior\ShowPageTraceBehavior [ RunTime:0.001339s ]
INFO: [ app_end ] --END-- [ RunTime:0.001455s ]

[ 2015-10-20T21:41:44+08:00 ] 127.0.0.1 /library/library/index.php/Home/Index/Images/line.gif
INFO: [ app_init ] --START--
INFO: Run Behavior\BuildLiteBehavior [ RunTime:0.000019s ]
INFO: [ app_init ] --END-- [ RunTime:0.000452s ]

