[ 2015-09-25T12:52:17+08:00 ] 127.0.0.1 /library/library/index.php/Admin/Login/index
INFO: [ app_init ] --START--
INFO: Run Behavior\BuildLiteBehavior [ RunTime:0.000017s ]
INFO: [ app_init ] --END-- [ RunTime:0.000357s ]
INFO: [ app_begin ] --START--
INFO: Run Behavior\ReadHtmlCacheBehavior [ RunTime:0.000513s ]
INFO: [ app_begin ] --END-- [ RunTime:0.000603s ]
INFO: [ view_parse ] --START--
INFO: [ template_filter ] --START--
INFO: Run Behavior\ContentReplaceBehavior [ RunTime:0.000066s ]
INFO: [ template_filter ] --END-- [ RunTime:0.000160s ]
NOTIC: [8] Undefined variable: smarty F:\homework\library\library\Runtime\Cache\Admin\9676491400d6e1162828bcb0430acc80.php 第 5 行.
NOTIC: [8] Undefined variable: smarty F:\homework\library\library\Runtime\Cache\Admin\9676491400d6e1162828bcb0430acc80.php 第 25 行.
NOTIC: [8] Undefined variable: smarty F:\homework\library\library\Runtime\Cache\Admin\9676491400d6e1162828bcb0430acc80.php 第 29 行.
NOTIC: [8] Undefined variable: smarty F:\homework\library\library\Runtime\Cache\Admin\9676491400d6e1162828bcb0430acc80.php 第 66 行.
INFO: Run Behavior\ParseTemplateBehavior [ RunTime:0.017473s ]
INFO: [ view_parse ] --END-- [ RunTime:0.017578s ]
INFO: [ view_filter ] --START--
INFO: Run Behavior\WriteHtmlCacheBehavior [ RunTime:0.000412s ]
INFO: [ view_filter ] --END-- [ RunTime:0.000469s ]
INFO: [ app_end ] --START--
INFO: Run Behavior\ShowPageTraceBehavior [ RunTime:0.000764s ]
INFO: [ app_end ] --END-- [ RunTime:0.000828s ]

[ 2015-09-25T12:52:17+08:00 ] 127.0.0.1 /library/library/index.php/Admin/Login/style.css
INFO: [ app_init ] --START--
INFO: Run Behavior\BuildLiteBehavior [ RunTime:0.000016s ]
INFO: [ app_init ] --END-- [ RunTime:0.000368s ]
INFO: [ app_begin ] --START--
INFO: Run Behavior\ReadHtmlCacheBehavior [ RunTime:0.000473s ]
INFO: [ app_begin ] --END-- [ RunTime:0.000535s ]
ERR: 非法操作:style.css

[ 2015-09-25T12:52:17+08:00 ] 127.0.0.1 /library/library/index.php/Admin/Login/bg.jpg
INFO: [ app_init ] --START--
INFO: Run Behavior\BuildLiteBehavior [ RunTime:0.000027s ]
INFO: [ app_init ] --END-- [ RunTime:0.000496s ]

[ 2015-09-25T12:52:33+08:00 ] 127.0.0.1 /library/library/index.php/Admin/Login/index
INFO: [ app_init ] --START--
INFO: Run Behavior\BuildLiteBehavior [ RunTime:0.000018s ]
INFO: [ app_init ] --END-- [ RunTime:0.000388s ]
INFO: [ app_begin ] --START--
INFO: Run Behavior\ReadHtmlCacheBehavior [ RunTime:0.000550s ]
INFO: [ app_begin ] --END-- [ RunTime:0.000638s ]
INFO: [ view_parse ] --START--
INFO: Run Behavior\ParseTemplateBehavior [ RunTime:0.053025s ]
INFO: [ view_parse ] --END-- [ RunTime:0.053150s ]
INFO: [ view_filter ] --START--
INFO: Run Behavior\WriteHtmlCacheBehavior [ RunTime:0.000360s ]
INFO: [ view_filter ] --END-- [ RunTime:0.000423s ]
INFO: [ app_end ] --START--
INFO: Run Behavior\ShowPageTraceBehavior [ RunTime:0.000554s ]
INFO: [ app_end ] --END-- [ RunTime:0.000612s ]

[ 2015-09-25T13:34:03+08:00 ] 127.0.0.1 /library/library/index.php/admin/index/index
INFO: [ app_init ] --START--
INFO: Run Behavior\BuildLiteBehavior [ RunTime:0.000019s ]
INFO: [ app_init ] --END-- [ RunTime:0.000479s ]
INFO: [ app_begin ] --START--
INFO: Run Behavior\ReadHtmlCacheBehavior [ RunTime:0.000799s ]
INFO: [ app_begin ] --END-- [ RunTime:0.000873s ]
SQL: SHOW COLUMNS FROM `li_book` [ RunTime:0.1322s ]
SQL: SELECT * FROM `li_book`  [ RunTime:0.0296s ]
INFO: [ view_parse ] --START--
NOTIC: [8] Undefined index: admin_name F:\homework\library\library\Runtime\Cache\d129012fcefb8faa6ff3cef3072120030c133e90.file.navigation.html.php 第 33 行.
INFO: Run Behavior\ParseTemplateBehavior [ RunTime:0.043277s ]
INFO: [ view_parse ] --END-- [ RunTime:0.043385s ]
INFO: [ view_filter ] --START--
INFO: Run Behavior\WriteHtmlCacheBehavior [ RunTime:0.000440s ]
INFO: [ view_filter ] --END-- [ RunTime:0.000504s ]
INFO: [ app_end ] --START--
INFO: Run Behavior\ShowPageTraceBehavior [ RunTime:0.000817s ]
INFO: [ app_end ] --END-- [ RunTime:0.000943s ]

[ 2015-09-25T13:34:03+08:00 ] 127.0.0.1 /library/library/index.php/admin/index/Images/line.gif
INFO: [ app_init ] --START--
INFO: Run Behavior\BuildLiteBehavior [ RunTime:0.000021s ]
INFO: [ app_init ] --END-- [ RunTime:0.000409s ]

