[ 2015-10-13T13:04:31+08:00 ] 127.0.0.1 /library/library/index.php/admin/login
INFO: [ app_init ] --START--
INFO: Run Behavior\BuildLiteBehavior [ RunTime:0.000017s ]
INFO: [ app_init ] --END-- [ RunTime:0.000512s ]
INFO: [ app_begin ] --START--
INFO: Run Behavior\ReadHtmlCacheBehavior [ RunTime:0.000545s ]
INFO: [ app_begin ] --END-- [ RunTime:0.000611s ]
INFO: [ view_parse ] --START--
INFO: Run Behavior\ParseTemplateBehavior [ RunTime:0.069308s ]
INFO: [ view_parse ] --END-- [ RunTime:0.069410s ]
INFO: [ view_filter ] --START--
INFO: Run Behavior\WriteHtmlCacheBehavior [ RunTime:0.000536s ]
INFO: [ view_filter ] --END-- [ RunTime:0.000597s ]
INFO: [ app_end ] --START--
INFO: Run Behavior\ShowPageTraceBehavior [ RunTime:0.000682s ]
INFO: [ app_end ] --END-- [ RunTime:0.000745s ]

[ 2015-10-13T13:04:36+08:00 ] 127.0.0.1 /library/library/index.php/Admin/login/checkManagerMessage
INFO: [ app_init ] --START--
INFO: Run Behavior\BuildLiteBehavior [ RunTime:0.000017s ]
INFO: [ app_init ] --END-- [ RunTime:0.000549s ]
INFO: [ app_begin ] --START--
INFO: Run Behavior\ReadHtmlCacheBehavior [ RunTime:0.000621s ]
INFO: [ app_begin ] --END-- [ RunTime:0.000698s ]
SQL: SHOW COLUMNS FROM `li_manager` [ RunTime:0.0036s ]
SQL: SELECT * FROM `li_manager` WHERE ( ma_name='admin' ) LIMIT 1   [ RunTime:0.0004s ]

[ 2015-10-13T13:04:36+08:00 ] 127.0.0.1 /library/library/index.php/Admin/Index/index.html
INFO: [ app_init ] --START--
INFO: Run Behavior\BuildLiteBehavior [ RunTime:0.000016s ]
INFO: [ app_init ] --END-- [ RunTime:0.000333s ]
INFO: [ app_begin ] --START--
INFO: Run Behavior\ReadHtmlCacheBehavior [ RunTime:0.000450s ]
INFO: [ app_begin ] --END-- [ RunTime:0.000510s ]
SQL: SHOW COLUMNS FROM `li_book` [ RunTime:0.0040s ]
SQL: SELECT COUNT(*) AS tp_count FROM `li_book` LIMIT 1   [ RunTime:0.0002s ]
SQL: SELECT a.bo_id,a.bo_code,a.bo_name,a.bo_author,a.bo_price,a.bo_borrowtimes,b.by_name,c.pr_name,d.ca_name FROM `li_book`as a left join li_booktype as b on a.bo_typeid=b.by_id left join li_press as c on a.bo_pressid=c.pr_id left join li_bookcase as d on a.bo_bookcaseid=d.ca_id order by bo_borrowtimes desc Limit 0, 10 [ RunTime:0.0009s ]
INFO: [ view_parse ] --START--
INFO: Run Behavior\ParseTemplateBehavior [ RunTime:0.012662s ]
INFO: [ view_parse ] --END-- [ RunTime:0.012748s ]
INFO: [ view_filter ] --START--
INFO: Run Behavior\WriteHtmlCacheBehavior [ RunTime:0.000237s ]
INFO: [ view_filter ] --END-- [ RunTime:0.000300s ]
INFO: [ app_end ] --START--
INFO: Run Behavior\ShowPageTraceBehavior [ RunTime:0.000732s ]
INFO: [ app_end ] --END-- [ RunTime:0.000828s ]

[ 2015-10-13T13:04:36+08:00 ] 127.0.0.1 /library/library/index.php/Admin/Login/checkManagerMessage
INFO: [ app_init ] --START--
INFO: Run Behavior\BuildLiteBehavior [ RunTime:0.000017s ]
INFO: [ app_init ] --END-- [ RunTime:0.000422s ]
INFO: [ app_begin ] --START--
INFO: Run Behavior\ReadHtmlCacheBehavior [ RunTime:0.000523s ]
INFO: [ app_begin ] --END-- [ RunTime:0.000596s ]
SQL: SHOW COLUMNS FROM `li_manager` [ RunTime:0.0036s ]
SQL: SELECT * FROM `li_manager` WHERE ( ma_name='admin' ) LIMIT 1   [ RunTime:0.0002s ]

[ 2015-10-13T13:04:36+08:00 ] 127.0.0.1 /library/library/index.php/Admin/Index/index.html
INFO: [ app_init ] --START--
INFO: Run Behavior\BuildLiteBehavior [ RunTime:0.000018s ]
INFO: [ app_init ] --END-- [ RunTime:0.000368s ]
INFO: [ app_begin ] --START--
INFO: Run Behavior\ReadHtmlCacheBehavior [ RunTime:0.000493s ]
INFO: [ app_begin ] --END-- [ RunTime:0.000555s ]
SQL: SHOW COLUMNS FROM `li_book` [ RunTime:0.0044s ]
SQL: SELECT COUNT(*) AS tp_count FROM `li_book` LIMIT 1   [ RunTime:0.0002s ]
SQL: SELECT a.bo_id,a.bo_code,a.bo_name,a.bo_author,a.bo_price,a.bo_borrowtimes,b.by_name,c.pr_name,d.ca_name FROM `li_book`as a left join li_booktype as b on a.bo_typeid=b.by_id left join li_press as c on a.bo_pressid=c.pr_id left join li_bookcase as d on a.bo_bookcaseid=d.ca_id order by bo_borrowtimes desc Limit 0, 10 [ RunTime:0.0003s ]
INFO: [ view_parse ] --START--
INFO: Run Behavior\ParseTemplateBehavior [ RunTime:0.011171s ]
INFO: [ view_parse ] --END-- [ RunTime:0.011257s ]
INFO: [ view_filter ] --START--
INFO: Run Behavior\WriteHtmlCacheBehavior [ RunTime:0.000308s ]
INFO: [ view_filter ] --END-- [ RunTime:0.000377s ]
INFO: [ app_end ] --START--
INFO: Run Behavior\ShowPageTraceBehavior [ RunTime:0.000662s ]
INFO: [ app_end ] --END-- [ RunTime:0.000739s ]

[ 2015-10-13T13:04:36+08:00 ] 127.0.0.1 /library/library/index.php/Admin/Index/Images/line.gif
INFO: [ app_init ] --START--
INFO: Run Behavior\BuildLiteBehavior [ RunTime:0.000017s ]
INFO: [ app_init ] --END-- [ RunTime:0.000386s ]

[ 2015-10-13T13:04:39+08:00 ] 127.0.0.1 /library/library/index.php/Admin/Index/Images/item_over.gif
INFO: [ app_init ] --START--
INFO: Run Behavior\BuildLiteBehavior [ RunTime:0.000019s ]
INFO: [ app_init ] --END-- [ RunTime:0.000413s ]

[ 2015-10-13T13:04:39+08:00 ] 127.0.0.1 /library/library/index.php/Admin/Index/Images/item_over.gif
INFO: [ app_init ] --START--
INFO: Run Behavior\BuildLiteBehavior [ RunTime:0.000019s ]
INFO: [ app_init ] --END-- [ RunTime:0.000451s ]

[ 2015-10-13T13:04:39+08:00 ] 127.0.0.1 /library/library/index.php/Admin/Index/.Images/item_out.gif
INFO: [ app_init ] --START--
INFO: Run Behavior\BuildLiteBehavior [ RunTime:0.000018s ]
INFO: [ app_init ] --END-- [ RunTime:0.000394s ]

[ 2015-10-13T13:04:39+08:00 ] 127.0.0.1 /library/library/index.php/Admin/Index/Images/item_over.gif
INFO: [ app_init ] --START--
INFO: Run Behavior\BuildLiteBehavior [ RunTime:0.000028s ]
INFO: [ app_init ] --END-- [ RunTime:0.000526s ]

[ 2015-10-13T13:04:39+08:00 ] 127.0.0.1 /library/library/index.php/Admin/Index/.Images/item_out.gif
INFO: [ app_init ] --START--
INFO: Run Behavior\BuildLiteBehavior [ RunTime:0.000018s ]
INFO: [ app_init ] --END-- [ RunTime:0.000406s ]

[ 2015-10-13T13:04:39+08:00 ] 127.0.0.1 /library/library/index.php/Admin/Index/Images/item_over.gif
INFO: [ app_init ] --START--
INFO: Run Behavior\BuildLiteBehavior [ RunTime:0.000018s ]
INFO: [ app_init ] --END-- [ RunTime:0.000397s ]

[ 2015-10-13T13:04:39+08:00 ] 127.0.0.1 /library/library/index.php/Admin/Index/.Images/item_out.gif
INFO: [ app_init ] --START--
INFO: Run Behavior\BuildLiteBehavior [ RunTime:0.000028s ]
INFO: [ app_init ] --END-- [ RunTime:0.000609s ]

[ 2015-10-13T13:04:39+08:00 ] 127.0.0.1 /library/library/index.php/Admin/Index/Images/item_over.gif
INFO: [ app_init ] --START--
INFO: Run Behavior\BuildLiteBehavior [ RunTime:0.000027s ]
INFO: [ app_init ] --END-- [ RunTime:0.000551s ]

[ 2015-10-13T13:04:39+08:00 ] 127.0.0.1 /library/library/index.php/Admin/Index/Images/item_over.gif
INFO: [ app_init ] --START--
INFO: Run Behavior\BuildLiteBehavior [ RunTime:0.000026s ]
INFO: [ app_init ] --END-- [ RunTime:0.000577s ]

[ 2015-10-13T13:04:39+08:00 ] 127.0.0.1 /library/library/index.php/Admin/Index/Images/item_over.gif
INFO: [ app_init ] --START--
INFO: Run Behavior\BuildLiteBehavior [ RunTime:0.000019s ]
INFO: [ app_init ] --END-- [ RunTime:0.000388s ]

[ 2015-10-13T13:04:39+08:00 ] 127.0.0.1 /library/library/index.php/Admin/Index/.Images/item_out.gif
INFO: [ app_init ] --START--
INFO: Run Behavior\BuildLiteBehavior [ RunTime:0.000028s ]
INFO: [ app_init ] --END-- [ RunTime:0.000619s ]

[ 2015-10-13T13:04:39+08:00 ] 127.0.0.1 /library/library/index.php/Admin/Index/Images/item_over.gif
INFO: [ app_init ] --START--
INFO: Run Behavior\BuildLiteBehavior [ RunTime:0.000017s ]
INFO: [ app_init ] --END-- [ RunTime:0.000333s ]

[ 2015-10-13T13:04:39+08:00 ] 127.0.0.1 /library/library/index.php/Admin/Index/.Images/item_out.gif
INFO: [ app_init ] --START--
INFO: Run Behavior\BuildLiteBehavior [ RunTime:0.000026s ]
INFO: [ app_init ] --END-- [ RunTime:0.000477s ]

[ 2015-10-13T13:04:39+08:00 ] 127.0.0.1 /library/library/index.php/Admin/Index/Images/item_over.gif
INFO: [ app_init ] --START--
INFO: Run Behavior\BuildLiteBehavior [ RunTime:0.000028s ]
INFO: [ app_init ] --END-- [ RunTime:0.000546s ]

[ 2015-10-13T13:04:39+08:00 ] 127.0.0.1 /library/library/index.php/Admin/Index/.Images/item_out.gif
INFO: [ app_init ] --START--
INFO: Run Behavior\BuildLiteBehavior [ RunTime:0.000019s ]
INFO: [ app_init ] --END-- [ RunTime:0.000385s ]

[ 2015-10-13T13:04:39+08:00 ] 127.0.0.1 /library/library/index.php/Admin/Index/Images/item_over.gif
INFO: [ app_init ] --START--
INFO: Run Behavior\BuildLiteBehavior [ RunTime:0.000019s ]
INFO: [ app_init ] --END-- [ RunTime:0.000441s ]

[ 2015-10-13T13:04:39+08:00 ] 127.0.0.1 /library/library/index.php/Admin/Index/.Images/item_out.gif
INFO: [ app_init ] --START--
INFO: Run Behavior\BuildLiteBehavior [ RunTime:0.000020s ]
INFO: [ app_init ] --END-- [ RunTime:0.000524s ]

[ 2015-10-13T13:04:39+08:00 ] 127.0.0.1 /library/library/index.php/Admin/Index/.Images/item_out.gif
INFO: [ app_init ] --START--
INFO: Run Behavior\BuildLiteBehavior [ RunTime:0.000016s ]
INFO: [ app_init ] --END-- [ RunTime:0.000364s ]

[ 2015-10-13T13:04:40+08:00 ] 127.0.0.1 /library/library/index.php/Admin/Index/Images/item_over.gif
INFO: [ app_init ] --START--
INFO: Run Behavior\BuildLiteBehavior [ RunTime:0.000017s ]
INFO: [ app_init ] --END-- [ RunTime:0.000352s ]

[ 2015-10-13T13:04:40+08:00 ] 127.0.0.1 /library/library/index.php/Admin/Index/Images/item_over.gif
INFO: [ app_init ] --START--
INFO: Run Behavior\BuildLiteBehavior [ RunTime:0.000020s ]
INFO: [ app_init ] --END-- [ RunTime:0.000394s ]

[ 2015-10-13T13:04:40+08:00 ] 127.0.0.1 /library/library/index.php/Admin/Index/.Images/item_out.gif
INFO: [ app_init ] --START--
INFO: Run Behavior\BuildLiteBehavior [ RunTime:0.000019s ]
INFO: [ app_init ] --END-- [ RunTime:0.000446s ]

[ 2015-10-13T13:04:41+08:00 ] 127.0.0.1 /library/library/index.php/Admin/Index/.Images/item_out.gif
INFO: [ app_init ] --START--
INFO: Run Behavior\BuildLiteBehavior [ RunTime:0.000017s ]
INFO: [ app_init ] --END-- [ RunTime:0.000360s ]

[ 2015-10-13T13:04:41+08:00 ] 127.0.0.1 /library/library/index.php/Admin/Index/Images/item_over.gif
INFO: [ app_init ] --START--
INFO: Run Behavior\BuildLiteBehavior [ RunTime:0.000019s ]
INFO: [ app_init ] --END-- [ RunTime:0.000583s ]

[ 2015-10-13T13:04:42+08:00 ] 127.0.0.1 /library/library/index.php/Admin/Index/Images/item_over.gif
INFO: [ app_init ] --START--
INFO: Run Behavior\BuildLiteBehavior [ RunTime:0.000018s ]
INFO: [ app_init ] --END-- [ RunTime:0.000478s ]

[ 2015-10-13T13:04:42+08:00 ] 127.0.0.1 /library/library/index.php/Admin/Index/.Images/item_out.gif
INFO: [ app_init ] --START--
INFO: Run Behavior\BuildLiteBehavior [ RunTime:0.000019s ]
INFO: [ app_init ] --END-- [ RunTime:0.000417s ]

[ 2015-10-13T13:04:42+08:00 ] 127.0.0.1 /library/library/index.php/Admin/Index/Images/item_over.gif
INFO: [ app_init ] --START--
INFO: Run Behavior\BuildLiteBehavior [ RunTime:0.000019s ]
INFO: [ app_init ] --END-- [ RunTime:0.000420s ]

[ 2015-10-13T13:04:42+08:00 ] 127.0.0.1 /library/library/index.php/Admin/Index/.Images/item_out.gif
INFO: [ app_init ] --START--
INFO: Run Behavior\BuildLiteBehavior [ RunTime:0.000021s ]
INFO: [ app_init ] --END-- [ RunTime:0.000483s ]

[ 2015-10-13T13:04:42+08:00 ] 127.0.0.1 /library/library/index.php/Admin/Index/Images/item_over.gif
INFO: [ app_init ] --START--
INFO: Run Behavior\BuildLiteBehavior [ RunTime:0.000019s ]
INFO: [ app_init ] --END-- [ RunTime:0.000416s ]

[ 2015-10-13T13:04:43+08:00 ] 127.0.0.1 /library/library/index.php/Admin/Index/.Images/item_out.gif
INFO: [ app_init ] --START--
INFO: Run Behavior\BuildLiteBehavior [ RunTime:0.000027s ]
INFO: [ app_init ] --END-- [ RunTime:0.000572s ]

[ 2015-10-13T13:04:43+08:00 ] 127.0.0.1 /library/library/index.php/Admin/Reader/reader
INFO: [ app_init ] --START--
INFO: Run Behavior\BuildLiteBehavior [ RunTime:0.000017s ]
INFO: [ app_init ] --END-- [ RunTime:0.000395s ]
INFO: [ app_begin ] --START--
INFO: Run Behavior\ReadHtmlCacheBehavior [ RunTime:0.000560s ]
INFO: [ app_begin ] --END-- [ RunTime:0.000657s ]
SQL: SHOW COLUMNS FROM `li_reader` [ RunTime:0.0051s ]
SQL: SELECT COUNT(*) AS tp_count FROM `li_reader` LIMIT 1   [ RunTime:0.0004s ]
SQL: select a.re_id,a.re_name,a.re_code,b.rt_name,c.pa_type,a.re_number,a.re_tel,a.re_email from li_reader as a left join li_readertype as b on a.re_typeid=b.rt_id left join li_papers as c on a.re_paperid=c.pa_id Limit 0, 3 [ RunTime:0.0004s ]
INFO: [ view_parse ] --START--
INFO: Run Behavior\ParseTemplateBehavior [ RunTime:0.011253s ]
INFO: [ view_parse ] --END-- [ RunTime:0.011336s ]
INFO: [ view_filter ] --START--
INFO: Run Behavior\WriteHtmlCacheBehavior [ RunTime:0.000237s ]
INFO: [ view_filter ] --END-- [ RunTime:0.000338s ]
INFO: [ app_end ] --START--
INFO: Run Behavior\ShowPageTraceBehavior [ RunTime:0.000596s ]
INFO: [ app_end ] --END-- [ RunTime:0.000679s ]

[ 2015-10-13T13:04:43+08:00 ] 127.0.0.1 /library/library/index.php/Admin/Reader/Images/line.gif
INFO: [ app_init ] --START--
INFO: Run Behavior\BuildLiteBehavior [ RunTime:0.000026s ]
INFO: [ app_init ] --END-- [ RunTime:0.000583s ]

[ 2015-10-13T13:04:47+08:00 ] 127.0.0.1 /library/library/index.php/Admin/Reader/Images/item_over.gif
INFO: [ app_init ] --START--
INFO: Run Behavior\BuildLiteBehavior [ RunTime:0.000017s ]
INFO: [ app_init ] --END-- [ RunTime:0.000406s ]

[ 2015-10-13T13:04:47+08:00 ] 127.0.0.1 /library/library/index.php/Admin/Reader/Images/item_over.gif
INFO: [ app_init ] --START--
INFO: Run Behavior\BuildLiteBehavior [ RunTime:0.000016s ]
INFO: [ app_init ] --END-- [ RunTime:0.000387s ]

[ 2015-10-13T13:04:47+08:00 ] 127.0.0.1 /library/library/index.php/Admin/Reader/Images/item_over.gif
INFO: [ app_init ] --START--
INFO: Run Behavior\BuildLiteBehavior [ RunTime:0.000026s ]
INFO: [ app_init ] --END-- [ RunTime:0.000588s ]

[ 2015-10-13T13:04:47+08:00 ] 127.0.0.1 /library/library/index.php/Admin/Reader/.Images/item_out.gif
INFO: [ app_init ] --START--
INFO: Run Behavior\BuildLiteBehavior [ RunTime:0.000027s ]
INFO: [ app_init ] --END-- [ RunTime:0.000499s ]

[ 2015-10-13T13:04:47+08:00 ] 127.0.0.1 /library/library/index.php/Admin/Reader/Images/item_over.gif
INFO: [ app_init ] --START--
INFO: Run Behavior\BuildLiteBehavior [ RunTime:0.000018s ]
INFO: [ app_init ] --END-- [ RunTime:0.000418s ]

[ 2015-10-13T13:04:56+08:00 ] 127.0.0.1 /library/library/index.php/Admin/Reader/readerModify/re_id/15
INFO: [ app_init ] --START--
INFO: Run Behavior\BuildLiteBehavior [ RunTime:0.000024s ]
INFO: [ app_init ] --END-- [ RunTime:0.000589s ]
INFO: [ app_begin ] --START--
INFO: Run Behavior\ReadHtmlCacheBehavior [ RunTime:0.000852s ]
INFO: [ app_begin ] --END-- [ RunTime:0.000969s ]
SQL: SHOW COLUMNS FROM `li_reader` [ RunTime:0.0042s ]
SQL: SHOW COLUMNS FROM `li_readertype` [ RunTime:0.0035s ]
SQL: SELECT * FROM `li_readertype`  [ RunTime:0.0004s ]
SQL: SHOW COLUMNS FROM `li_papers` [ RunTime:0.0035s ]
SQL: SELECT * FROM `li_papers`  [ RunTime:0.0003s ]
SQL: SELECT * FROM `li_reader` WHERE `re_id` = 15 LIMIT 1   [ RunTime:0.0004s ]
INFO: [ view_parse ] --START--
NOTIC: [2] filemtime() [<a href='function.filemtime'>function.filemtime</a>]: stat failed for F:/homework/library/library/Runtime/Cache\dddfd8ec7946d131c30487a6eaa1552f1e6061ca.file.reader_modify.html.php F:\homework\library\ThinkPHP\Library\Vendor\Smarty\sysplugins\smarty_resource.php 第 683 行.
NOTIC: [2] unlink(F:/homework/library/library/Runtime/Cache\dddfd8ec7946d131c30487a6eaa1552f1e6061ca.file.reader_modify.html.php) [<a href='function.unlink'>function.unlink</a>]: No such file or directory F:\homework\library\ThinkPHP\Library\Vendor\Smarty\sysplugins\smarty_internal_write_file.php 第 49 行.
INFO: Run Behavior\ParseTemplateBehavior [ RunTime:0.134430s ]
INFO: [ view_parse ] --END-- [ RunTime:0.134534s ]
INFO: [ view_filter ] --START--
INFO: Run Behavior\WriteHtmlCacheBehavior [ RunTime:0.000746s ]
INFO: [ view_filter ] --END-- [ RunTime:0.000855s ]
INFO: [ app_end ] --START--
INFO: Run Behavior\ShowPageTraceBehavior [ RunTime:0.000746s ]
INFO: [ app_end ] --END-- [ RunTime:0.000828s ]

[ 2015-10-13T13:04:56+08:00 ] 127.0.0.1 /library/library/index.php/Admin/Reader/readerModify/re_id/Images/line.gif
INFO: [ app_init ] --START--
INFO: Run Behavior\BuildLiteBehavior [ RunTime:0.000029s ]
INFO: [ app_init ] --END-- [ RunTime:0.000693s ]

[ 2015-10-13T13:06:26+08:00 ] 127.0.0.1 /library/library/index.php/Admin/Reader/readerModify/re_id/15
INFO: [ app_init ] --START--
INFO: Run Behavior\BuildLiteBehavior [ RunTime:0.000017s ]
INFO: [ app_init ] --END-- [ RunTime:0.000377s ]
INFO: [ app_begin ] --START--
INFO: Run Behavior\ReadHtmlCacheBehavior [ RunTime:0.001574s ]
INFO: [ app_begin ] --END-- [ RunTime:0.001687s ]
SQL: SHOW COLUMNS FROM `li_reader` [ RunTime:0.0038s ]
SQL: SHOW COLUMNS FROM `li_readertype` [ RunTime:0.0033s ]
SQL: SELECT * FROM `li_readertype`  [ RunTime:0.0002s ]
SQL: SHOW COLUMNS FROM `li_papers` [ RunTime:0.0036s ]
SQL: SELECT * FROM `li_papers`  [ RunTime:0.0002s ]
SQL: SELECT * FROM `li_reader` WHERE `re_id` = 15 LIMIT 1   [ RunTime:0.0002s ]
INFO: [ view_parse ] --START--
INFO: Run Behavior\ParseTemplateBehavior [ RunTime:0.153309s ]
INFO: [ view_parse ] --END-- [ RunTime:0.153396s ]
INFO: [ view_filter ] --START--
INFO: Run Behavior\WriteHtmlCacheBehavior [ RunTime:0.000492s ]
INFO: [ view_filter ] --END-- [ RunTime:0.000554s ]
INFO: [ app_end ] --START--
INFO: Run Behavior\ShowPageTraceBehavior [ RunTime:0.000838s ]
INFO: [ app_end ] --END-- [ RunTime:0.000917s ]

[ 2015-10-13T13:06:26+08:00 ] 127.0.0.1 /library/library/index.php/Admin/Reader/readerModify/re_id/Images/line.gif
INFO: [ app_init ] --START--
INFO: Run Behavior\BuildLiteBehavior [ RunTime:0.000020s ]
INFO: [ app_init ] --END-- [ RunTime:0.000484s ]

[ 2015-10-13T13:06:27+08:00 ] 127.0.0.1 /library/library/index.php/Admin/Reader/readerModify/re_id/15
INFO: [ app_init ] --START--
INFO: Run Behavior\BuildLiteBehavior [ RunTime:0.000017s ]
INFO: [ app_init ] --END-- [ RunTime:0.000431s ]
INFO: [ app_begin ] --START--
INFO: Run Behavior\ReadHtmlCacheBehavior [ RunTime:0.000647s ]
INFO: [ app_begin ] --END-- [ RunTime:0.000719s ]
SQL: SHOW COLUMNS FROM `li_reader` [ RunTime:0.0038s ]
SQL: SHOW COLUMNS FROM `li_readertype` [ RunTime:0.0043s ]
SQL: SELECT * FROM `li_readertype`  [ RunTime:0.0003s ]
SQL: SHOW COLUMNS FROM `li_papers` [ RunTime:0.0033s ]
SQL: SELECT * FROM `li_papers`  [ RunTime:0.0002s ]
SQL: SELECT * FROM `li_reader` WHERE `re_id` = 15 LIMIT 1   [ RunTime:0.0002s ]
INFO: [ view_parse ] --START--
INFO: Run Behavior\ParseTemplateBehavior [ RunTime:0.012670s ]
INFO: [ view_parse ] --END-- [ RunTime:0.012757s ]
INFO: [ view_filter ] --START--
INFO: Run Behavior\WriteHtmlCacheBehavior [ RunTime:0.000250s ]
INFO: [ view_filter ] --END-- [ RunTime:0.000314s ]
INFO: [ app_end ] --START--
INFO: Run Behavior\ShowPageTraceBehavior [ RunTime:0.000543s ]
INFO: [ app_end ] --END-- [ RunTime:0.000622s ]

[ 2015-10-13T13:06:28+08:00 ] 127.0.0.1 /library/library/index.php/Admin/Reader/readerModify/re_id/Images/line.gif
INFO: [ app_init ] --START--
INFO: Run Behavior\BuildLiteBehavior [ RunTime:0.000019s ]
INFO: [ app_init ] --END-- [ RunTime:0.000398s ]

[ 2015-10-13T13:06:29+08:00 ] 127.0.0.1 /library/library/index.php/Admin/Reader/readerModify/re_id/15
INFO: [ app_init ] --START--
INFO: Run Behavior\BuildLiteBehavior [ RunTime:0.000018s ]
INFO: [ app_init ] --END-- [ RunTime:0.000378s ]
INFO: [ app_begin ] --START--
INFO: Run Behavior\ReadHtmlCacheBehavior [ RunTime:0.000527s ]
INFO: [ app_begin ] --END-- [ RunTime:0.000601s ]
SQL: SHOW COLUMNS FROM `li_reader` [ RunTime:0.0048s ]
SQL: SHOW COLUMNS FROM `li_readertype` [ RunTime:0.0039s ]
SQL: SELECT * FROM `li_readertype`  [ RunTime:0.0002s ]
SQL: SHOW COLUMNS FROM `li_papers` [ RunTime:0.0032s ]
SQL: SELECT * FROM `li_papers`  [ RunTime:0.0002s ]
SQL: SELECT * FROM `li_reader` WHERE `re_id` = 15 LIMIT 1   [ RunTime:0.0002s ]
INFO: [ view_parse ] --START--
INFO: Run Behavior\ParseTemplateBehavior [ RunTime:0.010949s ]
INFO: [ view_parse ] --END-- [ RunTime:0.011028s ]
INFO: [ view_filter ] --START--
INFO: Run Behavior\WriteHtmlCacheBehavior [ RunTime:0.000222s ]
INFO: [ view_filter ] --END-- [ RunTime:0.000278s ]
INFO: [ app_end ] --START--
INFO: Run Behavior\ShowPageTraceBehavior [ RunTime:0.000582s ]
INFO: [ app_end ] --END-- [ RunTime:0.000702s ]

[ 2015-10-13T13:06:30+08:00 ] 127.0.0.1 /library/library/index.php/Admin/Reader/readerModify/re_id/Images/line.gif
INFO: [ app_init ] --START--
INFO: Run Behavior\BuildLiteBehavior [ RunTime:0.000018s ]
INFO: [ app_init ] --END-- [ RunTime:0.000388s ]

[ 2015-10-13T13:07:05+08:00 ] 127.0.0.1 /library/library/index.php/Admin/Reader/readerModify/re_id/15
INFO: [ app_init ] --START--
INFO: Run Behavior\BuildLiteBehavior [ RunTime:0.000019s ]
INFO: [ app_init ] --END-- [ RunTime:0.000437s ]
INFO: [ app_begin ] --START--
INFO: Run Behavior\ReadHtmlCacheBehavior [ RunTime:0.000602s ]
INFO: [ app_begin ] --END-- [ RunTime:0.000683s ]
SQL: SHOW COLUMNS FROM `li_reader` [ RunTime:0.0040s ]
SQL: SHOW COLUMNS FROM `li_readertype` [ RunTime:0.0035s ]
SQL: SELECT * FROM `li_readertype`  [ RunTime:0.0002s ]
SQL: SHOW COLUMNS FROM `li_papers` [ RunTime:0.0033s ]
SQL: SELECT * FROM `li_papers`  [ RunTime:0.0002s ]
SQL: SELECT * FROM `li_reader` WHERE `re_id` = 15 LIMIT 1   [ RunTime:0.0002s ]
INFO: [ view_parse ] --START--
INFO: Run Behavior\ParseTemplateBehavior [ RunTime:0.011729s ]
INFO: [ view_parse ] --END-- [ RunTime:0.011828s ]
INFO: [ view_filter ] --START--
INFO: Run Behavior\WriteHtmlCacheBehavior [ RunTime:0.000251s ]
INFO: [ view_filter ] --END-- [ RunTime:0.000307s ]
INFO: [ app_end ] --START--
INFO: Run Behavior\ShowPageTraceBehavior [ RunTime:0.000558s ]
INFO: [ app_end ] --END-- [ RunTime:0.000638s ]

[ 2015-10-13T13:07:05+08:00 ] 127.0.0.1 /library/library/index.php/Admin/Reader/readerModify/re_id/Images/line.gif
INFO: [ app_init ] --START--
INFO: Run Behavior\BuildLiteBehavior [ RunTime:0.000024s ]
INFO: [ app_init ] --END-- [ RunTime:0.000778s ]

[ 2015-10-13T13:10:04+08:00 ] 127.0.0.1 /library/library/index.php/Admin/Reader/reader
INFO: [ app_init ] --START--
INFO: Run Behavior\BuildLiteBehavior [ RunTime:0.000027s ]
INFO: [ app_init ] --END-- [ RunTime:0.000501s ]
INFO: [ app_begin ] --START--
INFO: Run Behavior\ReadHtmlCacheBehavior [ RunTime:0.000980s ]
INFO: [ app_begin ] --END-- [ RunTime:0.001101s ]
SQL: SHOW COLUMNS FROM `li_reader` [ RunTime:0.0042s ]
SQL: SELECT COUNT(*) AS tp_count FROM `li_reader` LIMIT 1   [ RunTime:0.0002s ]
SQL: select a.re_id,a.re_name,a.re_code,b.rt_name,c.pa_type,a.re_number,a.re_tel,a.re_email from li_reader as a left join li_readertype as b on a.re_typeid=b.rt_id left join li_papers as c on a.re_paperid=c.pa_id Limit 0, 3 [ RunTime:0.0002s ]
INFO: [ view_parse ] --START--
ERR: Syntax Error in template "F:\homework\library\library\Admin\View\Index\navigation.html"  on line 255 "function CurentTime(){;"  - Unexpected ";"

[ 2015-10-13T13:10:42+08:00 ] 127.0.0.1 /library/library/index.php/Admin/Reader/reader
INFO: [ app_init ] --START--
INFO: Run Behavior\BuildLiteBehavior [ RunTime:0.000016s ]
INFO: [ app_init ] --END-- [ RunTime:0.000377s ]
INFO: [ app_begin ] --START--
INFO: Run Behavior\ReadHtmlCacheBehavior [ RunTime:0.000528s ]
INFO: [ app_begin ] --END-- [ RunTime:0.000608s ]
SQL: SHOW COLUMNS FROM `li_reader` [ RunTime:0.0040s ]
SQL: SELECT COUNT(*) AS tp_count FROM `li_reader` LIMIT 1   [ RunTime:0.0002s ]
SQL: select a.re_id,a.re_name,a.re_code,b.rt_name,c.pa_type,a.re_number,a.re_tel,a.re_email from li_reader as a left join li_readertype as b on a.re_typeid=b.rt_id left join li_papers as c on a.re_paperid=c.pa_id Limit 0, 3 [ RunTime:0.0002s ]
INFO: [ view_parse ] --START--
INFO: Run Behavior\ParseTemplateBehavior [ RunTime:0.168960s ]
INFO: [ view_parse ] --END-- [ RunTime:0.169058s ]
INFO: [ view_filter ] --START--
INFO: Run Behavior\WriteHtmlCacheBehavior [ RunTime:0.000572s ]
INFO: [ view_filter ] --END-- [ RunTime:0.000656s ]
INFO: [ app_end ] --START--
INFO: Run Behavior\ShowPageTraceBehavior [ RunTime:0.000860s ]
INFO: [ app_end ] --END-- [ RunTime:0.000960s ]

[ 2015-10-13T13:10:42+08:00 ] 127.0.0.1 /library/library/index.php/Admin/Reader/Images/line.gif
INFO: [ app_init ] --START--
INFO: Run Behavior\BuildLiteBehavior [ RunTime:0.000021s ]
INFO: [ app_init ] --END-- [ RunTime:0.000460s ]

[ 2015-10-13T13:10:47+08:00 ] 127.0.0.1 /library/library/index.php/Admin/Reader/reader
INFO: [ app_init ] --START--
INFO: Run Behavior\BuildLiteBehavior [ RunTime:0.000016s ]
INFO: [ app_init ] --END-- [ RunTime:0.000395s ]
INFO: [ app_begin ] --START--
INFO: Run Behavior\ReadHtmlCacheBehavior [ RunTime:0.000650s ]
INFO: [ app_begin ] --END-- [ RunTime:0.000714s ]
SQL: SHOW COLUMNS FROM `li_reader` [ RunTime:0.0037s ]
SQL: SELECT COUNT(*) AS tp_count FROM `li_reader` LIMIT 1   [ RunTime:0.0002s ]
SQL: select a.re_id,a.re_name,a.re_code,b.rt_name,c.pa_type,a.re_number,a.re_tel,a.re_email from li_reader as a left join li_readertype as b on a.re_typeid=b.rt_id left join li_papers as c on a.re_paperid=c.pa_id Limit 0, 3 [ RunTime:0.0002s ]
INFO: [ view_parse ] --START--
INFO: Run Behavior\ParseTemplateBehavior [ RunTime:0.013930s ]
INFO: [ view_parse ] --END-- [ RunTime:0.014015s ]
INFO: [ view_filter ] --START--
INFO: Run Behavior\WriteHtmlCacheBehavior [ RunTime:0.000243s ]
INFO: [ view_filter ] --END-- [ RunTime:0.000315s ]
INFO: [ app_end ] --START--
INFO: Run Behavior\ShowPageTraceBehavior [ RunTime:0.000570s ]
INFO: [ app_end ] --END-- [ RunTime:0.000643s ]

[ 2015-10-13T13:10:47+08:00 ] 127.0.0.1 /library/library/index.php/Admin/Reader/Images/line.gif
INFO: [ app_init ] --START--
INFO: Run Behavior\BuildLiteBehavior [ RunTime:0.000018s ]
INFO: [ app_init ] --END-- [ RunTime:0.000425s ]

[ 2015-10-13T13:10:52+08:00 ] 127.0.0.1 /library/library/index.php/Admin/Reader/readerModify/re_id/15
INFO: [ app_init ] --START--
INFO: Run Behavior\BuildLiteBehavior [ RunTime:0.000019s ]
INFO: [ app_init ] --END-- [ RunTime:0.000397s ]
INFO: [ app_begin ] --START--
INFO: Run Behavior\ReadHtmlCacheBehavior [ RunTime:0.000827s ]
INFO: [ app_begin ] --END-- [ RunTime:0.000954s ]
SQL: SHOW COLUMNS FROM `li_reader` [ RunTime:0.0041s ]
SQL: SHOW COLUMNS FROM `li_readertype` [ RunTime:0.0034s ]
SQL: SELECT * FROM `li_readertype`  [ RunTime:0.0002s ]
SQL: SHOW COLUMNS FROM `li_papers` [ RunTime:0.0036s ]
SQL: SELECT * FROM `li_papers`  [ RunTime:0.0002s ]
SQL: SELECT * FROM `li_reader` WHERE `re_id` = 15 LIMIT 1   [ RunTime:0.0002s ]
INFO: [ view_parse ] --START--
INFO: Run Behavior\ParseTemplateBehavior [ RunTime:0.011129s ]
INFO: [ view_parse ] --END-- [ RunTime:0.011220s ]
INFO: [ view_filter ] --START--
INFO: Run Behavior\WriteHtmlCacheBehavior [ RunTime:0.000242s ]
INFO: [ view_filter ] --END-- [ RunTime:0.000307s ]
INFO: [ app_end ] --START--
INFO: Run Behavior\ShowPageTraceBehavior [ RunTime:0.000685s ]
INFO: [ app_end ] --END-- [ RunTime:0.000783s ]

[ 2015-10-13T13:10:52+08:00 ] 127.0.0.1 /library/library/index.php/Admin/Reader/readerModify/re_id/Images/line.gif
INFO: [ app_init ] --START--
INFO: Run Behavior\BuildLiteBehavior [ RunTime:0.000025s ]
INFO: [ app_init ] --END-- [ RunTime:0.000588s ]

[ 2015-10-13T13:12:41+08:00 ] 127.0.0.1 /library/library/index.php/Admin/Reader/readerModify/re_id/15
INFO: [ app_init ] --START--
INFO: Run Behavior\BuildLiteBehavior [ RunTime:0.000018s ]
INFO: [ app_init ] --END-- [ RunTime:0.000374s ]
INFO: [ app_begin ] --START--
INFO: Run Behavior\ReadHtmlCacheBehavior [ RunTime:0.000512s ]
INFO: [ app_begin ] --END-- [ RunTime:0.000597s ]
SQL: SHOW COLUMNS FROM `li_reader` [ RunTime:0.0039s ]
SQL: SHOW COLUMNS FROM `li_readertype` [ RunTime:0.0041s ]
SQL: SELECT * FROM `li_readertype`  [ RunTime:0.0002s ]
SQL: SHOW COLUMNS FROM `li_papers` [ RunTime:0.0034s ]
SQL: SELECT * FROM `li_papers`  [ RunTime:0.0002s ]
SQL: SELECT * FROM `li_reader` WHERE `re_id` = 15 LIMIT 1   [ RunTime:0.0002s ]
INFO: [ view_parse ] --START--
INFO: Run Behavior\ParseTemplateBehavior [ RunTime:0.153138s ]
INFO: [ view_parse ] --END-- [ RunTime:0.153235s ]
INFO: [ view_filter ] --START--
INFO: Run Behavior\WriteHtmlCacheBehavior [ RunTime:0.000492s ]
INFO: [ view_filter ] --END-- [ RunTime:0.000554s ]
INFO: [ app_end ] --START--
INFO: Run Behavior\ShowPageTraceBehavior [ RunTime:0.000757s ]
INFO: [ app_end ] --END-- [ RunTime:0.000836s ]

[ 2015-10-13T13:12:41+08:00 ] 127.0.0.1 /library/library/index.php/Admin/Reader/readerModify/re_id/Images/line.gif
INFO: [ app_init ] --START--
INFO: Run Behavior\BuildLiteBehavior [ RunTime:0.000021s ]
INFO: [ app_init ] --END-- [ RunTime:0.000473s ]

[ 2015-10-13T13:13:02+08:00 ] 127.0.0.1 /library/library/index.php/Admin/Reader/readerModify/re_id/15
INFO: [ app_init ] --START--
INFO: Run Behavior\BuildLiteBehavior [ RunTime:0.000025s ]
INFO: [ app_init ] --END-- [ RunTime:0.000603s ]
INFO: [ app_begin ] --START--
INFO: Run Behavior\ReadHtmlCacheBehavior [ RunTime:0.000835s ]
INFO: [ app_begin ] --END-- [ RunTime:0.000945s ]
SQL: SHOW COLUMNS FROM `li_reader` [ RunTime:0.0046s ]
SQL: SHOW COLUMNS FROM `li_readertype` [ RunTime:0.0044s ]
SQL: SELECT * FROM `li_readertype`  [ RunTime:0.0002s ]
SQL: SHOW COLUMNS FROM `li_papers` [ RunTime:0.0042s ]
SQL: SELECT * FROM `li_papers`  [ RunTime:0.0002s ]
SQL: SELECT * FROM `li_reader` WHERE `re_id` = 15 LIMIT 1   [ RunTime:0.0002s ]
INFO: [ view_parse ] --START--
INFO: Run Behavior\ParseTemplateBehavior [ RunTime:0.015630s ]
INFO: [ view_parse ] --END-- [ RunTime:0.015739s ]
INFO: [ view_filter ] --START--
INFO: Run Behavior\WriteHtmlCacheBehavior [ RunTime:0.000367s ]
INFO: [ view_filter ] --END-- [ RunTime:0.000435s ]
INFO: [ app_end ] --START--
INFO: Run Behavior\ShowPageTraceBehavior [ RunTime:0.000959s ]
INFO: [ app_end ] --END-- [ RunTime:0.001072s ]

[ 2015-10-13T13:13:03+08:00 ] 127.0.0.1 /library/library/index.php/Admin/Reader/readerModify/re_id/Images/line.gif
INFO: [ app_init ] --START--
INFO: Run Behavior\BuildLiteBehavior [ RunTime:0.000029s ]
INFO: [ app_init ] --END-- [ RunTime:0.000574s ]

[ 2015-10-13T13:19:40+08:00 ] 127.0.0.1 /library/library/index.php/admin/
INFO: [ app_init ] --START--
INFO: Run Behavior\BuildLiteBehavior [ RunTime:0.000019s ]
INFO: [ app_init ] --END-- [ RunTime:0.000375s ]
INFO: [ app_begin ] --START--
INFO: Run Behavior\ReadHtmlCacheBehavior [ RunTime:0.000498s ]
INFO: [ app_begin ] --END-- [ RunTime:0.000566s ]
SQL: SHOW COLUMNS FROM `li_book` [ RunTime:0.0041s ]
SQL: SELECT COUNT(*) AS tp_count FROM `li_book` LIMIT 1   [ RunTime:0.0001s ]
SQL: SELECT a.bo_id,a.bo_code,a.bo_name,a.bo_author,a.bo_price,a.bo_borrowtimes,b.by_name,c.pr_name,d.ca_name FROM `li_book`as a left join li_booktype as b on a.bo_typeid=b.by_id left join li_press as c on a.bo_pressid=c.pr_id left join li_bookcase as d on a.bo_bookcaseid=d.ca_id order by bo_borrowtimes desc Limit 0, 10 [ RunTime:0.0002s ]
INFO: [ view_parse ] --START--
NOTIC: [8] Undefined index: admin_name F:\homework\library\library\Runtime\Cache\d129012fcefb8faa6ff3cef3072120030c133e90.file.navigation.html.php 第 275 行.
INFO: Run Behavior\ParseTemplateBehavior [ RunTime:0.012628s ]
INFO: [ view_parse ] --END-- [ RunTime:0.012708s ]
INFO: [ view_filter ] --START--
INFO: Run Behavior\WriteHtmlCacheBehavior [ RunTime:0.000254s ]
INFO: [ view_filter ] --END-- [ RunTime:0.000313s ]
INFO: [ app_end ] --START--
INFO: Run Behavior\ShowPageTraceBehavior [ RunTime:0.001025s ]
INFO: [ app_end ] --END-- [ RunTime:0.001113s ]

[ 2015-10-13T13:19:40+08:00 ] 127.0.0.1 /library/library/index.php/admin/Images/line.gif
INFO: [ app_init ] --START--
INFO: Run Behavior\BuildLiteBehavior [ RunTime:0.000023s ]
INFO: [ app_init ] --END-- [ RunTime:0.000456s ]

[ 2015-10-13T13:19:44+08:00 ] 127.0.0.1 /library/library/index.php/admin/Images/item_over.gif
INFO: [ app_init ] --START--
INFO: Run Behavior\BuildLiteBehavior [ RunTime:0.000018s ]
INFO: [ app_init ] --END-- [ RunTime:0.000397s ]

[ 2015-10-13T13:19:44+08:00 ] 127.0.0.1 /library/library/index.php/admin/Images/item_over.gif
INFO: [ app_init ] --START--
INFO: Run Behavior\BuildLiteBehavior [ RunTime:0.000019s ]
INFO: [ app_init ] --END-- [ RunTime:0.000434s ]

[ 2015-10-13T13:19:44+08:00 ] 127.0.0.1 /library/library/index.php/admin/Images/item_over.gif
INFO: [ app_init ] --START--
INFO: Run Behavior\BuildLiteBehavior [ RunTime:0.000016s ]
INFO: [ app_init ] --END-- [ RunTime:0.000390s ]

[ 2015-10-13T13:19:44+08:00 ] 127.0.0.1 /library/library/index.php/admin/Images/item_over.gif
INFO: [ app_init ] --START--
INFO: Run Behavior\BuildLiteBehavior [ RunTime:0.000016s ]
INFO: [ app_init ] --END-- [ RunTime:0.000349s ]

[ 2015-10-13T13:19:44+08:00 ] 127.0.0.1 /library/library/index.php/admin/.Images/item_out.gif
INFO: [ app_init ] --START--
INFO: Run Behavior\BuildLiteBehavior [ RunTime:0.000016s ]
INFO: [ app_init ] --END-- [ RunTime:0.000473s ]

[ 2015-10-13T13:19:46+08:00 ] 127.0.0.1 /library/library/index.php/admin/Images/item_over.gif
INFO: [ app_init ] --START--
INFO: Run Behavior\BuildLiteBehavior [ RunTime:0.000016s ]
INFO: [ app_init ] --END-- [ RunTime:0.000349s ]

[ 2015-10-13T13:19:47+08:00 ] 127.0.0.1 /library/library/index.php/admin/Images/item_over.gif
INFO: [ app_init ] --START--
INFO: Run Behavior\BuildLiteBehavior [ RunTime:0.000017s ]
INFO: [ app_init ] --END-- [ RunTime:0.000384s ]

[ 2015-10-13T13:19:47+08:00 ] 127.0.0.1 /library/library/index.php/admin/Images/item_over.gif
INFO: [ app_init ] --START--
INFO: Run Behavior\BuildLiteBehavior [ RunTime:0.000019s ]
INFO: [ app_init ] --END-- [ RunTime:0.000412s ]

[ 2015-10-13T13:19:47+08:00 ] 127.0.0.1 /library/library/index.php/admin/.Images/item_out.gif
INFO: [ app_init ] --START--
INFO: Run Behavior\BuildLiteBehavior [ RunTime:0.000017s ]
INFO: [ app_init ] --END-- [ RunTime:0.000441s ]

[ 2015-10-13T13:19:47+08:00 ] 127.0.0.1 /library/library/index.php/admin/Images/item_over.gif
INFO: [ app_init ] --START--
INFO: Run Behavior\BuildLiteBehavior [ RunTime:0.000026s ]
INFO: [ app_init ] --END-- [ RunTime:0.000547s ]

[ 2015-10-13T13:19:47+08:00 ] 127.0.0.1 /library/library/index.php/admin/.Images/item_out.gif
INFO: [ app_init ] --START--
INFO: Run Behavior\BuildLiteBehavior [ RunTime:0.000019s ]
INFO: [ app_init ] --END-- [ RunTime:0.000459s ]

[ 2015-10-13T13:19:47+08:00 ] 127.0.0.1 /library/library/index.php/admin/Images/item_over.gif
INFO: [ app_init ] --START--
INFO: Run Behavior\BuildLiteBehavior [ RunTime:0.000019s ]
INFO: [ app_init ] --END-- [ RunTime:0.000396s ]

[ 2015-10-13T13:19:47+08:00 ] 127.0.0.1 /library/library/index.php/admin/.Images/item_out.gif
INFO: [ app_init ] --START--
INFO: Run Behavior\BuildLiteBehavior [ RunTime:0.000016s ]
INFO: [ app_init ] --END-- [ RunTime:0.000400s ]

[ 2015-10-13T13:19:48+08:00 ] 127.0.0.1 /library/library/index.php/admin/Images/item_over.gif
INFO: [ app_init ] --START--
INFO: Run Behavior\BuildLiteBehavior [ RunTime:0.000018s ]
INFO: [ app_init ] --END-- [ RunTime:0.000411s ]

[ 2015-10-13T13:19:48+08:00 ] 127.0.0.1 /library/library/index.php/admin/.Images/item_out.gif
INFO: [ app_init ] --START--
INFO: Run Behavior\BuildLiteBehavior [ RunTime:0.000017s ]
INFO: [ app_init ] --END-- [ RunTime:0.000410s ]

[ 2015-10-13T13:19:48+08:00 ] 127.0.0.1 /library/library/index.php/admin/Images/item_over.gif
INFO: [ app_init ] --START--
INFO: Run Behavior\BuildLiteBehavior [ RunTime:0.000029s ]
INFO: [ app_init ] --END-- [ RunTime:0.000573s ]

[ 2015-10-13T13:19:48+08:00 ] 127.0.0.1 /library/library/index.php/admin/.Images/item_out.gif
INFO: [ app_init ] --START--
INFO: Run Behavior\BuildLiteBehavior [ RunTime:0.000018s ]
INFO: [ app_init ] --END-- [ RunTime:0.000395s ]

[ 2015-10-13T13:19:48+08:00 ] 127.0.0.1 /library/library/index.php/Admin/Reader/reader
INFO: [ app_init ] --START--
INFO: Run Behavior\BuildLiteBehavior [ RunTime:0.000020s ]
INFO: [ app_init ] --END-- [ RunTime:0.000418s ]
INFO: [ app_begin ] --START--
INFO: Run Behavior\ReadHtmlCacheBehavior [ RunTime:0.000683s ]
INFO: [ app_begin ] --END-- [ RunTime:0.000770s ]
SQL: SHOW COLUMNS FROM `li_reader` [ RunTime:0.0046s ]
SQL: SELECT COUNT(*) AS tp_count FROM `li_reader` LIMIT 1   [ RunTime:0.0002s ]
SQL: select a.re_id,a.re_name,a.re_code,b.rt_name,c.pa_type,a.re_number,a.re_tel,a.re_email from li_reader as a left join li_readertype as b on a.re_typeid=b.rt_id left join li_papers as c on a.re_paperid=c.pa_id Limit 0, 3 [ RunTime:0.0002s ]
INFO: [ view_parse ] --START--
NOTIC: [8] Undefined index: admin_name F:\homework\library\library\Runtime\Cache\d129012fcefb8faa6ff3cef3072120030c133e90.file.navigation.html.php 第 275 行.
INFO: Run Behavior\ParseTemplateBehavior [ RunTime:0.012904s ]
INFO: [ view_parse ] --END-- [ RunTime:0.012993s ]
INFO: [ view_filter ] --START--
INFO: Run Behavior\WriteHtmlCacheBehavior [ RunTime:0.000246s ]
INFO: [ view_filter ] --END-- [ RunTime:0.000311s ]
INFO: [ app_end ] --START--
INFO: Run Behavior\ShowPageTraceBehavior [ RunTime:0.000640s ]
INFO: [ app_end ] --END-- [ RunTime:0.000715s ]

[ 2015-10-13T13:19:49+08:00 ] 127.0.0.1 /library/library/index.php/Admin/Reader/Images/line.gif
INFO: [ app_init ] --START--
INFO: Run Behavior\BuildLiteBehavior [ RunTime:0.000017s ]
INFO: [ app_init ] --END-- [ RunTime:0.000399s ]

[ 2015-10-13T13:19:54+08:00 ] 127.0.0.1 /library/library/index.php/Admin/Reader/readerModify/re_id/15
INFO: [ app_init ] --START--
INFO: Run Behavior\BuildLiteBehavior [ RunTime:0.000017s ]
INFO: [ app_init ] --END-- [ RunTime:0.000454s ]
INFO: [ app_begin ] --START--
INFO: Run Behavior\ReadHtmlCacheBehavior [ RunTime:0.000561s ]
INFO: [ app_begin ] --END-- [ RunTime:0.000647s ]
SQL: SHOW COLUMNS FROM `li_reader` [ RunTime:0.0039s ]
SQL: SHOW COLUMNS FROM `li_readertype` [ RunTime:0.0033s ]
SQL: SELECT * FROM `li_readertype`  [ RunTime:0.0002s ]
SQL: SHOW COLUMNS FROM `li_papers` [ RunTime:0.0033s ]
SQL: SELECT * FROM `li_papers`  [ RunTime:0.0002s ]
SQL: SELECT * FROM `li_reader` WHERE `re_id` = 15 LIMIT 1   [ RunTime:0.0002s ]
INFO: [ view_parse ] --START--
NOTIC: [8] Undefined index: admin_name F:\homework\library\library\Runtime\Cache\d129012fcefb8faa6ff3cef3072120030c133e90.file.navigation.html.php 第 275 行.
INFO: Run Behavior\ParseTemplateBehavior [ RunTime:0.012958s ]
INFO: [ view_parse ] --END-- [ RunTime:0.013035s ]
INFO: [ view_filter ] --START--
INFO: Run Behavior\WriteHtmlCacheBehavior [ RunTime:0.000244s ]
INFO: [ view_filter ] --END-- [ RunTime:0.000307s ]
INFO: [ app_end ] --START--
INFO: Run Behavior\ShowPageTraceBehavior [ RunTime:0.000539s ]
INFO: [ app_end ] --END-- [ RunTime:0.000612s ]

[ 2015-10-13T13:19:55+08:00 ] 127.0.0.1 /library/library/index.php/Admin/Reader/readerModify/re_id/Images/line.gif
INFO: [ app_init ] --START--
INFO: Run Behavior\BuildLiteBehavior [ RunTime:0.000018s ]
INFO: [ app_init ] --END-- [ RunTime:0.000509s ]

[ 2015-10-13T13:20:02+08:00 ] 127.0.0.1 /library/library/index.php/Admin/Reader/reader?&page=2
INFO: [ app_init ] --START--
INFO: Run Behavior\BuildLiteBehavior [ RunTime:0.000017s ]
INFO: [ app_init ] --END-- [ RunTime:0.000423s ]
INFO: [ app_begin ] --START--
INFO: Run Behavior\ReadHtmlCacheBehavior [ RunTime:0.000585s ]
INFO: [ app_begin ] --END-- [ RunTime:0.000650s ]
SQL: SHOW COLUMNS FROM `li_reader` [ RunTime:0.0037s ]
SQL: SELECT COUNT(*) AS tp_count FROM `li_reader` LIMIT 1   [ RunTime:0.0002s ]
SQL: select a.re_id,a.re_name,a.re_code,b.rt_name,c.pa_type,a.re_number,a.re_tel,a.re_email from li_reader as a left join li_readertype as b on a.re_typeid=b.rt_id left join li_papers as c on a.re_paperid=c.pa_id Limit 3, 3 [ RunTime:0.0005s ]
INFO: [ view_parse ] --START--
NOTIC: [8] Undefined index: admin_name F:\homework\library\library\Runtime\Cache\d129012fcefb8faa6ff3cef3072120030c133e90.file.navigation.html.php 第 275 行.
INFO: Run Behavior\ParseTemplateBehavior [ RunTime:0.014374s ]
INFO: [ view_parse ] --END-- [ RunTime:0.014479s ]
INFO: [ view_filter ] --START--
INFO: Run Behavior\WriteHtmlCacheBehavior [ RunTime:0.000347s ]
INFO: [ view_filter ] --END-- [ RunTime:0.000411s ]
INFO: [ app_end ] --START--
INFO: Run Behavior\ShowPageTraceBehavior [ RunTime:0.000799s ]
INFO: [ app_end ] --END-- [ RunTime:0.000890s ]

[ 2015-10-13T13:20:02+08:00 ] 127.0.0.1 /library/library/index.php/Admin/Reader/reader?&page=2
INFO: [ app_init ] --START--
INFO: Run Behavior\BuildLiteBehavior [ RunTime:0.000017s ]
INFO: [ app_init ] --END-- [ RunTime:0.000458s ]
INFO: [ app_begin ] --START--
INFO: Run Behavior\ReadHtmlCacheBehavior [ RunTime:0.000562s ]
INFO: [ app_begin ] --END-- [ RunTime:0.000633s ]
SQL: SHOW COLUMNS FROM `li_reader` [ RunTime:0.0038s ]
SQL: SELECT COUNT(*) AS tp_count FROM `li_reader` LIMIT 1   [ RunTime:0.0002s ]
SQL: select a.re_id,a.re_name,a.re_code,b.rt_name,c.pa_type,a.re_number,a.re_tel,a.re_email from li_reader as a left join li_readertype as b on a.re_typeid=b.rt_id left join li_papers as c on a.re_paperid=c.pa_id Limit 3, 3 [ RunTime:0.0001s ]
INFO: [ view_parse ] --START--
NOTIC: [8] Undefined index: admin_name F:\homework\library\library\Runtime\Cache\d129012fcefb8faa6ff3cef3072120030c133e90.file.navigation.html.php 第 275 行.
INFO: Run Behavior\ParseTemplateBehavior [ RunTime:0.012902s ]
INFO: [ view_parse ] --END-- [ RunTime:0.012984s ]
INFO: [ view_filter ] --START--
INFO: Run Behavior\WriteHtmlCacheBehavior [ RunTime:0.000273s ]
INFO: [ view_filter ] --END-- [ RunTime:0.000337s ]
INFO: [ app_end ] --START--
INFO: Run Behavior\ShowPageTraceBehavior [ RunTime:0.000637s ]
INFO: [ app_end ] --END-- [ RunTime:0.000712s ]

[ 2015-10-13T13:20:02+08:00 ] 127.0.0.1 /library/library/index.php/Admin/Reader/Images/line.gif
INFO: [ app_init ] --START--
INFO: Run Behavior\BuildLiteBehavior [ RunTime:0.000018s ]
INFO: [ app_init ] --END-- [ RunTime:0.000413s ]

[ 2015-10-13T13:20:10+08:00 ] 127.0.0.1 /library/library/index.php/Admin/Reader/readerModify/re_id/18
INFO: [ app_init ] --START--
INFO: Run Behavior\BuildLiteBehavior [ RunTime:0.000015s ]
INFO: [ app_init ] --END-- [ RunTime:0.000337s ]
INFO: [ app_begin ] --START--
INFO: Run Behavior\ReadHtmlCacheBehavior [ RunTime:0.000479s ]
INFO: [ app_begin ] --END-- [ RunTime:0.000543s ]
SQL: SHOW COLUMNS FROM `li_reader` [ RunTime:0.0039s ]
SQL: SHOW COLUMNS FROM `li_readertype` [ RunTime:0.0037s ]
SQL: SELECT * FROM `li_readertype`  [ RunTime:0.0002s ]
SQL: SHOW COLUMNS FROM `li_papers` [ RunTime:0.0036s ]
SQL: SELECT * FROM `li_papers`  [ RunTime:0.0003s ]
SQL: SELECT * FROM `li_reader` WHERE `re_id` = 18 LIMIT 1   [ RunTime:0.0005s ]
INFO: [ view_parse ] --START--
NOTIC: [8] Undefined index: admin_name F:\homework\library\library\Runtime\Cache\d129012fcefb8faa6ff3cef3072120030c133e90.file.navigation.html.php 第 275 行.
INFO: Run Behavior\ParseTemplateBehavior [ RunTime:0.012278s ]
INFO: [ view_parse ] --END-- [ RunTime:0.012358s ]
INFO: [ view_filter ] --START--
INFO: Run Behavior\WriteHtmlCacheBehavior [ RunTime:0.000279s ]
INFO: [ view_filter ] --END-- [ RunTime:0.000345s ]
INFO: [ app_end ] --START--
INFO: Run Behavior\ShowPageTraceBehavior [ RunTime:0.000715s ]
INFO: [ app_end ] --END-- [ RunTime:0.000806s ]

[ 2015-10-13T13:20:10+08:00 ] 127.0.0.1 /library/library/index.php/Admin/Reader/readerModify/re_id/Images/line.gif
INFO: [ app_init ] --START--
INFO: Run Behavior\BuildLiteBehavior [ RunTime:0.000026s ]
INFO: [ app_init ] --END-- [ RunTime:0.000760s ]

[ 2015-10-13T13:20:33+08:00 ] 127.0.0.1 /library/library/index.php/Admin/Reader/readerModify/re_id/18/0.6570594026793082
INFO: [ app_init ] --START--
INFO: Run Behavior\BuildLiteBehavior [ RunTime:0.000019s ]
INFO: [ app_init ] --END-- [ RunTime:0.000419s ]
INFO: [ app_begin ] --START--
INFO: Run Behavior\ReadHtmlCacheBehavior [ RunTime:0.000594s ]
INFO: [ app_begin ] --END-- [ RunTime:0.000675s ]
SQL: SHOW COLUMNS FROM `li_reader` [ RunTime:0.0042s ]
SQL: UPDATE `li_reader` SET `re_username`='叫我银蛋超人',`re_pwd`='202cb962ac59075b964b07152d234b70',`re_name`='银蛋',`re_sex`='男',`re_code`='100001',`re_typeid`='12',`re_work`='计算机',`re_birthday`='1990-01-01',`re_paperid`='1',`re_number`='2147483647',`re_tel`='13695223655',`re_email`='611121@qq.com',`re_remark`='' WHERE `re_id` = 18 [ RunTime:0.1547s ]
INFO: [ app_end ] --START--
INFO: Run Behavior\ShowPageTraceBehavior [ RunTime:0.000821s ]
INFO: [ app_end ] --END-- [ RunTime:0.000895s ]

[ 2015-10-13T13:20:35+08:00 ] 127.0.0.1 /library/library/index.php/Admin/Reader/reader
INFO: [ app_init ] --START--
INFO: Run Behavior\BuildLiteBehavior [ RunTime:0.000016s ]
INFO: [ app_init ] --END-- [ RunTime:0.000344s ]
INFO: [ app_begin ] --START--
INFO: Run Behavior\ReadHtmlCacheBehavior [ RunTime:0.001247s ]
INFO: [ app_begin ] --END-- [ RunTime:0.001332s ]
SQL: SHOW COLUMNS FROM `li_reader` [ RunTime:0.0039s ]
SQL: SELECT COUNT(*) AS tp_count FROM `li_reader` LIMIT 1   [ RunTime:0.0007s ]
SQL: select a.re_id,a.re_name,a.re_code,b.rt_name,c.pa_type,a.re_number,a.re_tel,a.re_email from li_reader as a left join li_readertype as b on a.re_typeid=b.rt_id left join li_papers as c on a.re_paperid=c.pa_id Limit 0, 3 [ RunTime:0.0004s ]
INFO: [ view_parse ] --START--
NOTIC: [8] Undefined index: admin_name F:\homework\library\library\Runtime\Cache\d129012fcefb8faa6ff3cef3072120030c133e90.file.navigation.html.php 第 275 行.
INFO: Run Behavior\ParseTemplateBehavior [ RunTime:0.013242s ]
INFO: [ view_parse ] --END-- [ RunTime:0.013338s ]
INFO: [ view_filter ] --START--
INFO: Run Behavior\WriteHtmlCacheBehavior [ RunTime:0.000263s ]
INFO: [ view_filter ] --END-- [ RunTime:0.000331s ]
INFO: [ app_end ] --START--
INFO: Run Behavior\ShowPageTraceBehavior [ RunTime:0.000664s ]
INFO: [ app_end ] --END-- [ RunTime:0.000745s ]

[ 2015-10-13T13:20:35+08:00 ] 127.0.0.1 /library/library/index.php/Admin/Reader/Images/line.gif
INFO: [ app_init ] --START--
INFO: Run Behavior\BuildLiteBehavior [ RunTime:0.000017s ]
INFO: [ app_init ] --END-- [ RunTime:0.000450s ]

[ 2015-10-13T13:20:38+08:00 ] 127.0.0.1 /library/library/index.php/Admin/Reader/reader?&page=2
INFO: [ app_init ] --START--
INFO: Run Behavior\BuildLiteBehavior [ RunTime:0.000018s ]
INFO: [ app_init ] --END-- [ RunTime:0.000458s ]
INFO: [ app_begin ] --START--
INFO: Run Behavior\ReadHtmlCacheBehavior [ RunTime:0.000584s ]
INFO: [ app_begin ] --END-- [ RunTime:0.000657s ]
SQL: SHOW COLUMNS FROM `li_reader` [ RunTime:0.0041s ]
SQL: SELECT COUNT(*) AS tp_count FROM `li_reader` LIMIT 1   [ RunTime:0.0002s ]
SQL: select a.re_id,a.re_name,a.re_code,b.rt_name,c.pa_type,a.re_number,a.re_tel,a.re_email from li_reader as a left join li_readertype as b on a.re_typeid=b.rt_id left join li_papers as c on a.re_paperid=c.pa_id Limit 3, 3 [ RunTime:0.0004s ]
INFO: [ view_parse ] --START--
NOTIC: [8] Undefined index: admin_name F:\homework\library\library\Runtime\Cache\d129012fcefb8faa6ff3cef3072120030c133e90.file.navigation.html.php 第 275 行.
INFO: Run Behavior\ParseTemplateBehavior [ RunTime:0.014478s ]
INFO: [ view_parse ] --END-- [ RunTime:0.014575s ]
INFO: [ view_filter ] --START--
INFO: Run Behavior\WriteHtmlCacheBehavior [ RunTime:0.000245s ]
INFO: [ view_filter ] --END-- [ RunTime:0.000371s ]
INFO: [ app_end ] --START--
INFO: Run Behavior\ShowPageTraceBehavior [ RunTime:0.000855s ]
INFO: [ app_end ] --END-- [ RunTime:0.000930s ]

[ 2015-10-13T13:20:38+08:00 ] 127.0.0.1 /library/library/index.php/Admin/Reader/reader?&page=2
INFO: [ app_init ] --START--
INFO: Run Behavior\BuildLiteBehavior [ RunTime:0.000018s ]
INFO: [ app_init ] --END-- [ RunTime:0.000392s ]
INFO: [ app_begin ] --START--
INFO: Run Behavior\ReadHtmlCacheBehavior [ RunTime:0.000572s ]
INFO: [ app_begin ] --END-- [ RunTime:0.000642s ]
SQL: SHOW COLUMNS FROM `li_reader` [ RunTime:0.0043s ]
SQL: SELECT COUNT(*) AS tp_count FROM `li_reader` LIMIT 1   [ RunTime:0.0002s ]
SQL: select a.re_id,a.re_name,a.re_code,b.rt_name,c.pa_type,a.re_number,a.re_tel,a.re_email from li_reader as a left join li_readertype as b on a.re_typeid=b.rt_id left join li_papers as c on a.re_paperid=c.pa_id Limit 3, 3 [ RunTime:0.0002s ]
INFO: [ view_parse ] --START--
NOTIC: [8] Undefined index: admin_name F:\homework\library\library\Runtime\Cache\d129012fcefb8faa6ff3cef3072120030c133e90.file.navigation.html.php 第 275 行.
INFO: Run Behavior\ParseTemplateBehavior [ RunTime:0.012608s ]
INFO: [ view_parse ] --END-- [ RunTime:0.012701s ]
INFO: [ view_filter ] --START--
INFO: Run Behavior\WriteHtmlCacheBehavior [ RunTime:0.000257s ]
INFO: [ view_filter ] --END-- [ RunTime:0.000323s ]
INFO: [ app_end ] --START--
INFO: Run Behavior\ShowPageTraceBehavior [ RunTime:0.000703s ]
INFO: [ app_end ] --END-- [ RunTime:0.000796s ]

[ 2015-10-13T13:20:38+08:00 ] 127.0.0.1 /library/library/index.php/Admin/Reader/Images/line.gif
INFO: [ app_init ] --START--
INFO: Run Behavior\BuildLiteBehavior [ RunTime:0.000019s ]
INFO: [ app_init ] --END-- [ RunTime:0.000444s ]

[ 2015-10-13T13:25:08+08:00 ] 127.0.0.1 /library/library/index.php/admin/
INFO: [ app_init ] --START--
INFO: Run Behavior\BuildLiteBehavior [ RunTime:0.000025s ]
INFO: [ app_init ] --END-- [ RunTime:0.000582s ]
INFO: [ app_begin ] --START--
INFO: Run Behavior\ReadHtmlCacheBehavior [ RunTime:0.000582s ]
INFO: [ app_begin ] --END-- [ RunTime:0.000658s ]
SQL: SHOW COLUMNS FROM `li_book` [ RunTime:0.0042s ]
SQL: SELECT COUNT(*) AS tp_count FROM `li_book` LIMIT 1   [ RunTime:0.0003s ]
SQL: SELECT a.bo_id,a.bo_code,a.bo_name,a.bo_author,a.bo_price,a.bo_borrowtimes,b.by_name,c.pr_name,d.ca_name FROM `li_book`as a left join li_booktype as b on a.bo_typeid=b.by_id left join li_press as c on a.bo_pressid=c.pr_id left join li_bookcase as d on a.bo_bookcaseid=d.ca_id order by bo_borrowtimes desc Limit 0, 10 [ RunTime:0.0009s ]
INFO: [ view_parse ] --START--
NOTIC: [8] Undefined index: admin_name F:\homework\library\library\Runtime\Cache\d129012fcefb8faa6ff3cef3072120030c133e90.file.navigation.html.php 第 275 行.
INFO: Run Behavior\ParseTemplateBehavior [ RunTime:0.013922s ]
INFO: [ view_parse ] --END-- [ RunTime:0.014028s ]
INFO: [ view_filter ] --START--
INFO: Run Behavior\WriteHtmlCacheBehavior [ RunTime:0.000365s ]
INFO: [ view_filter ] --END-- [ RunTime:0.000464s ]
INFO: [ app_end ] --START--
INFO: Run Behavior\ShowPageTraceBehavior [ RunTime:0.000757s ]
INFO: [ app_end ] --END-- [ RunTime:0.000854s ]

[ 2015-10-13T13:25:09+08:00 ] 127.0.0.1 /library/library/index.php/admin/Images/line.gif
INFO: [ app_init ] --START--
INFO: Run Behavior\BuildLiteBehavior [ RunTime:0.000017s ]
INFO: [ app_init ] --END-- [ RunTime:0.000366s ]

[ 2015-10-13T13:25:11+08:00 ] 127.0.0.1 /library/library/index.php/admin/Images/item_over.gif
INFO: [ app_init ] --START--
INFO: Run Behavior\BuildLiteBehavior [ RunTime:0.000018s ]
INFO: [ app_init ] --END-- [ RunTime:0.000395s ]

[ 2015-10-13T13:25:11+08:00 ] 127.0.0.1 /library/library/index.php/admin/Images/item_over.gif
INFO: [ app_init ] --START--
INFO: Run Behavior\BuildLiteBehavior [ RunTime:0.000018s ]
INFO: [ app_init ] --END-- [ RunTime:0.000415s ]

[ 2015-10-13T13:25:11+08:00 ] 127.0.0.1 /library/library/index.php/admin/.Images/item_out.gif
INFO: [ app_init ] --START--
INFO: Run Behavior\BuildLiteBehavior [ RunTime:0.000021s ]
INFO: [ app_init ] --END-- [ RunTime:0.000432s ]

[ 2015-10-13T13:25:11+08:00 ] 127.0.0.1 /library/library/index.php/admin/Images/item_over.gif
INFO: [ app_init ] --START--
INFO: Run Behavior\BuildLiteBehavior [ RunTime:0.000018s ]
INFO: [ app_init ] --END-- [ RunTime:0.000458s ]

[ 2015-10-13T13:25:11+08:00 ] 127.0.0.1 /library/library/index.php/admin/Images/item_over.gif
INFO: [ app_init ] --START--
INFO: Run Behavior\BuildLiteBehavior [ RunTime:0.000017s ]
INFO: [ app_init ] --END-- [ RunTime:0.000502s ]

[ 2015-10-13T13:25:11+08:00 ] 127.0.0.1 /library/library/index.php/admin/.Images/item_out.gif
INFO: [ app_init ] --START--
INFO: Run Behavior\BuildLiteBehavior [ RunTime:0.000021s ]
INFO: [ app_init ] --END-- [ RunTime:0.000420s ]

[ 2015-10-13T13:25:11+08:00 ] 127.0.0.1 /library/library/index.php/Admin/Reader/reader
INFO: [ app_init ] --START--
INFO: Run Behavior\BuildLiteBehavior [ RunTime:0.000017s ]
INFO: [ app_init ] --END-- [ RunTime:0.000396s ]
INFO: [ app_begin ] --START--
INFO: Run Behavior\ReadHtmlCacheBehavior [ RunTime:0.000570s ]
INFO: [ app_begin ] --END-- [ RunTime:0.000652s ]
SQL: SHOW COLUMNS FROM `li_reader` [ RunTime:0.0079s ]
SQL: SELECT COUNT(*) AS tp_count FROM `li_reader` LIMIT 1   [ RunTime:0.0003s ]
SQL: select a.re_id,a.re_name,a.re_code,b.rt_name,c.pa_type,a.re_number,a.re_tel,a.re_email from li_reader as a left join li_readertype as b on a.re_typeid=b.rt_id left join li_papers as c on a.re_paperid=c.pa_id Limit 0, 3 [ RunTime:0.0004s ]
INFO: [ view_parse ] --START--
NOTIC: [8] Undefined index: admin_name F:\homework\library\library\Runtime\Cache\d129012fcefb8faa6ff3cef3072120030c133e90.file.navigation.html.php 第 275 行.
INFO: Run Behavior\ParseTemplateBehavior [ RunTime:0.012234s ]
INFO: [ view_parse ] --END-- [ RunTime:0.012321s ]
INFO: [ view_filter ] --START--
INFO: Run Behavior\WriteHtmlCacheBehavior [ RunTime:0.000257s ]
INFO: [ view_filter ] --END-- [ RunTime:0.000325s ]
INFO: [ app_end ] --START--
INFO: Run Behavior\ShowPageTraceBehavior [ RunTime:0.000609s ]
INFO: [ app_end ] --END-- [ RunTime:0.000689s ]

[ 2015-10-13T13:25:11+08:00 ] 127.0.0.1 /library/library/index.php/Admin/Reader/Images/line.gif
INFO: [ app_init ] --START--
INFO: Run Behavior\BuildLiteBehavior [ RunTime:0.000024s ]
INFO: [ app_init ] --END-- [ RunTime:0.000544s ]

[ 2015-10-13T13:25:24+08:00 ] 127.0.0.1 /library/library/index.php/Admin/Reader/Images/item_over.gif
INFO: [ app_init ] --START--
INFO: Run Behavior\BuildLiteBehavior [ RunTime:0.000023s ]
INFO: [ app_init ] --END-- [ RunTime:0.000472s ]

[ 2015-10-13T13:25:24+08:00 ] 127.0.0.1 /library/library/index.php/Admin/Reader/Images/item_over.gif
INFO: [ app_init ] --START--
INFO: Run Behavior\BuildLiteBehavior [ RunTime:0.000019s ]
INFO: [ app_init ] --END-- [ RunTime:0.000493s ]

[ 2015-10-13T13:25:24+08:00 ] 127.0.0.1 /library/library/index.php/Admin/Reader/.Images/item_out.gif
INFO: [ app_init ] --START--
INFO: Run Behavior\BuildLiteBehavior [ RunTime:0.000018s ]
INFO: [ app_init ] --END-- [ RunTime:0.000387s ]

[ 2015-10-13T13:25:24+08:00 ] 127.0.0.1 /library/library/index.php/Admin/Reader/Images/item_over.gif
INFO: [ app_init ] --START--
INFO: Run Behavior\BuildLiteBehavior [ RunTime:0.000021s ]
INFO: [ app_init ] --END-- [ RunTime:0.000484s ]

[ 2015-10-13T13:25:27+08:00 ] 127.0.0.1 /library/library/index.php/Admin/Reader/.Images/item_out.gif
INFO: [ app_init ] --START--
INFO: Run Behavior\BuildLiteBehavior [ RunTime:0.000039s ]
INFO: [ app_init ] --END-- [ RunTime:0.000653s ]

[ 2015-10-13T13:25:27+08:00 ] 127.0.0.1 /library/library/index.php/Admin/Reader/reader
INFO: [ app_init ] --START--
INFO: Run Behavior\BuildLiteBehavior [ RunTime:0.000018s ]
INFO: [ app_init ] --END-- [ RunTime:0.000382s ]
INFO: [ app_begin ] --START--
INFO: Run Behavior\ReadHtmlCacheBehavior [ RunTime:0.000777s ]
INFO: [ app_begin ] --END-- [ RunTime:0.000856s ]
SQL: SHOW COLUMNS FROM `li_reader` [ RunTime:0.0039s ]
SQL: SELECT COUNT(*) AS tp_count FROM `li_reader` LIMIT 1   [ RunTime:0.0002s ]
SQL: select a.re_id,a.re_name,a.re_code,b.rt_name,c.pa_type,a.re_number,a.re_tel,a.re_email from li_reader as a left join li_readertype as b on a.re_typeid=b.rt_id left join li_papers as c on a.re_paperid=c.pa_id Limit 0, 3 [ RunTime:0.0002s ]
INFO: [ view_parse ] --START--
NOTIC: [8] Undefined index: admin_name F:\homework\library\library\Runtime\Cache\d129012fcefb8faa6ff3cef3072120030c133e90.file.navigation.html.php 第 275 行.
INFO: Run Behavior\ParseTemplateBehavior [ RunTime:0.013010s ]
INFO: [ view_parse ] --END-- [ RunTime:0.013100s ]
INFO: [ view_filter ] --START--
INFO: Run Behavior\WriteHtmlCacheBehavior [ RunTime:0.000347s ]
INFO: [ view_filter ] --END-- [ RunTime:0.000410s ]
INFO: [ app_end ] --START--
INFO: Run Behavior\ShowPageTraceBehavior [ RunTime:0.001027s ]
INFO: [ app_end ] --END-- [ RunTime:0.001130s ]

[ 2015-10-13T13:25:27+08:00 ] 127.0.0.1 /library/library/index.php/Admin/Reader/Images/line.gif
INFO: [ app_init ] --START--
INFO: Run Behavior\BuildLiteBehavior [ RunTime:0.000016s ]
INFO: [ app_init ] --END-- [ RunTime:0.000362s ]

[ 2015-10-13T13:26:43+08:00 ] 127.0.0.1 /library/library/index.php/Admin/Reader/reader
INFO: [ app_init ] --START--
INFO: Run Behavior\BuildLiteBehavior [ RunTime:0.000019s ]
INFO: [ app_init ] --END-- [ RunTime:0.000457s ]
INFO: [ app_begin ] --START--
INFO: Run Behavior\ReadHtmlCacheBehavior [ RunTime:0.000884s ]
INFO: [ app_begin ] --END-- [ RunTime:0.001017s ]
SQL: SHOW COLUMNS FROM `li_reader` [ RunTime:0.0036s ]
SQL: SELECT COUNT(*) AS tp_count FROM `li_reader` LIMIT 1   [ RunTime:0.0001s ]
SQL: select a.re_id,a.re_name,a.re_code,b.rt_name,c.pa_type,a.re_number,a.re_tel,a.re_email from li_reader as a left join li_readertype as b on a.re_typeid=b.rt_id left join li_papers as c on a.re_paperid=c.pa_id Limit 0, 3 [ RunTime:0.0002s ]
INFO: [ view_parse ] --START--
NOTIC: [8] Undefined index: admin_name F:\homework\library\library\Runtime\Cache\d129012fcefb8faa6ff3cef3072120030c133e90.file.navigation.html.php 第 275 行.
INFO: Run Behavior\ParseTemplateBehavior [ RunTime:0.079953s ]
INFO: [ view_parse ] --END-- [ RunTime:0.080027s ]
INFO: [ view_filter ] --START--
INFO: Run Behavior\WriteHtmlCacheBehavior [ RunTime:0.000495s ]
INFO: [ view_filter ] --END-- [ RunTime:0.000556s ]
INFO: [ app_end ] --START--
INFO: Run Behavior\ShowPageTraceBehavior [ RunTime:0.000654s ]
INFO: [ app_end ] --END-- [ RunTime:0.000748s ]

[ 2015-10-13T13:26:43+08:00 ] 127.0.0.1 /library/library/index.php/Admin/Reader/Images/line.gif
INFO: [ app_init ] --START--
INFO: Run Behavior\BuildLiteBehavior [ RunTime:0.000020s ]
INFO: [ app_init ] --END-- [ RunTime:0.000535s ]

[ 2015-10-13T13:27:27+08:00 ] 127.0.0.1 /library/library/index.php/Admin/Reader/reader
INFO: [ app_init ] --START--
INFO: Run Behavior\BuildLiteBehavior [ RunTime:0.000018s ]
INFO: [ app_init ] --END-- [ RunTime:0.000495s ]
INFO: [ app_begin ] --START--
INFO: Run Behavior\ReadHtmlCacheBehavior [ RunTime:0.000825s ]
INFO: [ app_begin ] --END-- [ RunTime:0.000913s ]
SQL: SHOW COLUMNS FROM `li_reader` [ RunTime:0.0044s ]
SQL: SELECT COUNT(*) AS tp_count FROM `li_reader` LIMIT 1   [ RunTime:0.0002s ]
SQL: select a.re_id,a.re_name,a.re_code,b.rt_name,c.pa_type,a.re_number,a.re_tel,a.re_email from li_reader as a left join li_readertype as b on a.re_typeid=b.rt_id left join li_papers as c on a.re_paperid=c.pa_id Limit 0, 3 [ RunTime:0.0002s ]
INFO: [ view_parse ] --START--
NOTIC: [8] Undefined index: admin_name F:\homework\library\library\Runtime\Cache\d129012fcefb8faa6ff3cef3072120030c133e90.file.navigation.html.php 第 275 行.
INFO: Run Behavior\ParseTemplateBehavior [ RunTime:0.084039s ]
INFO: [ view_parse ] --END-- [ RunTime:0.084119s ]
INFO: [ view_filter ] --START--
INFO: Run Behavior\WriteHtmlCacheBehavior [ RunTime:0.000499s ]
INFO: [ view_filter ] --END-- [ RunTime:0.000561s ]
INFO: [ app_end ] --START--
INFO: Run Behavior\ShowPageTraceBehavior [ RunTime:0.000773s ]
INFO: [ app_end ] --END-- [ RunTime:0.000881s ]

[ 2015-10-13T13:27:27+08:00 ] 127.0.0.1 /library/library/index.php/Admin/Reader/Images/line.gif
INFO: [ app_init ] --START--
INFO: Run Behavior\BuildLiteBehavior [ RunTime:0.000016s ]
INFO: [ app_init ] --END-- [ RunTime:0.000445s ]

[ 2015-10-13T13:27:55+08:00 ] 127.0.0.1 /library/library/index.php/Admin/Reader/reader
INFO: [ app_init ] --START--
INFO: Run Behavior\BuildLiteBehavior [ RunTime:0.000016s ]
INFO: [ app_init ] --END-- [ RunTime:0.000414s ]
INFO: [ app_begin ] --START--
INFO: Run Behavior\ReadHtmlCacheBehavior [ RunTime:0.000581s ]
INFO: [ app_begin ] --END-- [ RunTime:0.000644s ]
SQL: SHOW COLUMNS FROM `li_reader` [ RunTime:0.0038s ]
SQL: SELECT COUNT(*) AS tp_count FROM `li_reader` LIMIT 1   [ RunTime:0.0002s ]
SQL: select a.re_id,a.re_name,a.re_code,b.rt_name,c.pa_type,a.re_number,a.re_tel,a.re_email from li_reader as a left join li_readertype as b on a.re_typeid=b.rt_id left join li_papers as c on a.re_paperid=c.pa_id Limit 0, 3 [ RunTime:0.0003s ]
INFO: [ view_parse ] --START--
ERR: Syntax Error in template "F:/homework/library/library/Admin/View\Reader\reader.html"  on line 57 "&lt;td align=&quot;left&quot;&gt;&amp;nbsp;{$v.}&lt;/td&gt;"  - Unexpected "}", expected one of: "{" , "$" , "identifier" , INTEGER

[ 2015-10-13T13:28:54+08:00 ] 127.0.0.1 /library/library/index.php/Admin/Reader/reader
INFO: [ app_init ] --START--
INFO: Run Behavior\BuildLiteBehavior [ RunTime:0.000016s ]
INFO: [ app_init ] --END-- [ RunTime:0.000340s ]
INFO: [ app_begin ] --START--
INFO: Run Behavior\ReadHtmlCacheBehavior [ RunTime:0.000466s ]
INFO: [ app_begin ] --END-- [ RunTime:0.000528s ]
SQL: SHOW COLUMNS FROM `li_reader` [ RunTime:0.0039s ]
SQL: SELECT COUNT(*) AS tp_count FROM `li_reader` LIMIT 1   [ RunTime:0.0002s ]
SQL: select a.re_id,a.re_name,a.re_code,b.rt_name,c.pa_type,a.re_number,a.re_tel,a.re_email,a.re_num from li_reader as a left join li_readertype as b on a.re_typeid=b.rt_id left join li_papers as c on a.re_paperid=c.pa_id Limit 0, 3 [ RunTime:0.0005s ]
INFO: [ view_parse ] --START--
NOTIC: [8] Undefined index: admin_name F:\homework\library\library\Runtime\Cache\d129012fcefb8faa6ff3cef3072120030c133e90.file.navigation.html.php 第 275 行.
INFO: Run Behavior\ParseTemplateBehavior [ RunTime:0.080998s ]
INFO: [ view_parse ] --END-- [ RunTime:0.081082s ]
INFO: [ view_filter ] --START--
INFO: Run Behavior\WriteHtmlCacheBehavior [ RunTime:0.000499s ]
INFO: [ view_filter ] --END-- [ RunTime:0.000573s ]
INFO: [ app_end ] --START--
INFO: Run Behavior\ShowPageTraceBehavior [ RunTime:0.000865s ]
INFO: [ app_end ] --END-- [ RunTime:0.000948s ]

[ 2015-10-13T13:28:55+08:00 ] 127.0.0.1 /library/library/index.php/Admin/Reader/Images/line.gif
INFO: [ app_init ] --START--
INFO: Run Behavior\BuildLiteBehavior [ RunTime:0.000019s ]
INFO: [ app_init ] --END-- [ RunTime:0.000464s ]

[ 2015-10-13T13:29:35+08:00 ] 127.0.0.1 /library/library/index.php/Admin/Reader/reader
INFO: [ app_init ] --START--
INFO: Run Behavior\BuildLiteBehavior [ RunTime:0.000023s ]
INFO: [ app_init ] --END-- [ RunTime:0.000903s ]
INFO: [ app_begin ] --START--
INFO: Run Behavior\ReadHtmlCacheBehavior [ RunTime:0.000949s ]
INFO: [ app_begin ] --END-- [ RunTime:0.001050s ]
SQL: SHOW COLUMNS FROM `li_reader` [ RunTime:0.0047s ]
SQL: SELECT COUNT(*) AS tp_count FROM `li_reader` LIMIT 1   [ RunTime:0.0002s ]
SQL: select a.re_id,a.re_name,a.re_code,b.rt_name,c.pa_type,a.re_number,a.re_tel,a.re_email,a.re_num from li_reader as a left join li_readertype as b on a.re_typeid=b.rt_id left join li_papers as c on a.re_paperid=c.pa_id Limit 0, 3 [ RunTime:0.0002s ]
INFO: [ view_parse ] --START--
NOTIC: [8] Undefined index: admin_name F:\homework\library\library\Runtime\Cache\d129012fcefb8faa6ff3cef3072120030c133e90.file.navigation.html.php 第 275 行.
INFO: Run Behavior\ParseTemplateBehavior [ RunTime:0.082258s ]
INFO: [ view_parse ] --END-- [ RunTime:0.082337s ]
INFO: [ view_filter ] --START--
INFO: Run Behavior\WriteHtmlCacheBehavior [ RunTime:0.000491s ]
INFO: [ view_filter ] --END-- [ RunTime:0.000553s ]
INFO: [ app_end ] --START--
INFO: Run Behavior\ShowPageTraceBehavior [ RunTime:0.000689s ]
INFO: [ app_end ] --END-- [ RunTime:0.000765s ]

[ 2015-10-13T13:29:35+08:00 ] 127.0.0.1 /library/library/index.php/Admin/Reader/Images/line.gif
INFO: [ app_init ] --START--
INFO: Run Behavior\BuildLiteBehavior [ RunTime:0.000018s ]
INFO: [ app_init ] --END-- [ RunTime:0.000473s ]

[ 2015-10-13T13:30:01+08:00 ] 127.0.0.1 /library/library/index.php/Admin/Reader/reader
INFO: [ app_init ] --START--
INFO: Run Behavior\BuildLiteBehavior [ RunTime:0.000022s ]
INFO: [ app_init ] --END-- [ RunTime:0.000461s ]
INFO: [ app_begin ] --START--
INFO: Run Behavior\ReadHtmlCacheBehavior [ RunTime:0.000763s ]
INFO: [ app_begin ] --END-- [ RunTime:0.000853s ]
SQL: SHOW COLUMNS FROM `li_reader` [ RunTime:0.0068s ]
SQL: SELECT COUNT(*) AS tp_count FROM `li_reader` LIMIT 1   [ RunTime:0.0003s ]
SQL: select a.re_id,a.re_name,a.re_code,b.rt_name,c.pa_type,a.re_number,a.re_tel,a.re_email,a.re_num from li_reader as a left join li_readertype as b on a.re_typeid=b.rt_id left join li_papers as c on a.re_paperid=c.pa_id Limit 0, 3 [ RunTime:0.0003s ]
INFO: [ view_parse ] --START--
NOTIC: [8] Undefined index: admin_name F:\homework\library\library\Runtime\Cache\d129012fcefb8faa6ff3cef3072120030c133e90.file.navigation.html.php 第 275 行.
INFO: Run Behavior\ParseTemplateBehavior [ RunTime:0.101325s ]
INFO: [ view_parse ] --END-- [ RunTime:0.101435s ]
INFO: [ view_filter ] --START--
INFO: Run Behavior\WriteHtmlCacheBehavior [ RunTime:0.000815s ]
INFO: [ view_filter ] --END-- [ RunTime:0.000931s ]
INFO: [ app_end ] --START--
INFO: Run Behavior\ShowPageTraceBehavior [ RunTime:0.000956s ]
INFO: [ app_end ] --END-- [ RunTime:0.001062s ]

[ 2015-10-13T13:30:01+08:00 ] 127.0.0.1 /library/library/index.php/Admin/Reader/Images/line.gif
INFO: [ app_init ] --START--
INFO: Run Behavior\BuildLiteBehavior [ RunTime:0.000016s ]
INFO: [ app_init ] --END-- [ RunTime:0.000380s ]

[ 2015-10-13T13:30:24+08:00 ] 127.0.0.1 /library/library/index.php/Admin/Reader/reader
INFO: [ app_init ] --START--
INFO: Run Behavior\BuildLiteBehavior [ RunTime:0.000018s ]
INFO: [ app_init ] --END-- [ RunTime:0.000374s ]
INFO: [ app_begin ] --START--
INFO: Run Behavior\ReadHtmlCacheBehavior [ RunTime:0.000581s ]
INFO: [ app_begin ] --END-- [ RunTime:0.000644s ]
SQL: SHOW COLUMNS FROM `li_reader` [ RunTime:0.0038s ]
SQL: SELECT COUNT(*) AS tp_count FROM `li_reader` LIMIT 1   [ RunTime:0.0002s ]
SQL: select a.re_id,a.re_name,a.re_code,b.rt_name,c.pa_type,a.re_number,a.re_tel,a.re_email,a.re_num from li_reader as a left join li_readertype as b on a.re_typeid=b.rt_id left join li_papers as c on a.re_paperid=c.pa_id Limit 0, 3 [ RunTime:0.0002s ]
INFO: [ view_parse ] --START--
NOTIC: [8] Undefined index: admin_name F:\homework\library\library\Runtime\Cache\d129012fcefb8faa6ff3cef3072120030c133e90.file.navigation.html.php 第 275 行.
INFO: Run Behavior\ParseTemplateBehavior [ RunTime:0.087627s ]
INFO: [ view_parse ] --END-- [ RunTime:0.087732s ]
INFO: [ view_filter ] --START--
INFO: Run Behavior\WriteHtmlCacheBehavior [ RunTime:0.000704s ]
INFO: [ view_filter ] --END-- [ RunTime:0.000813s ]
INFO: [ app_end ] --START--
INFO: Run Behavior\ShowPageTraceBehavior [ RunTime:0.000966s ]
INFO: [ app_end ] --END-- [ RunTime:0.001090s ]

[ 2015-10-13T13:30:24+08:00 ] 127.0.0.1 /library/library/index.php/Admin/Reader/Images/line.gif
INFO: [ app_init ] --START--
INFO: Run Behavior\BuildLiteBehavior [ RunTime:0.000019s ]
INFO: [ app_init ] --END-- [ RunTime:0.000508s ]

[ 2015-10-13T13:30:37+08:00 ] 127.0.0.1 /library/library/index.php/Admin/Reader/reader
INFO: [ app_init ] --START--
INFO: Run Behavior\BuildLiteBehavior [ RunTime:0.000018s ]
INFO: [ app_init ] --END-- [ RunTime:0.000439s ]
INFO: [ app_begin ] --START--
INFO: Run Behavior\ReadHtmlCacheBehavior [ RunTime:0.000812s ]
INFO: [ app_begin ] --END-- [ RunTime:0.000915s ]
SQL: SHOW COLUMNS FROM `li_reader` [ RunTime:0.0038s ]
SQL: SELECT COUNT(*) AS tp_count FROM `li_reader` LIMIT 1   [ RunTime:0.0002s ]
SQL: select a.re_id,a.re_name,a.re_code,b.rt_name,c.pa_type,a.re_number,a.re_tel,a.re_email,a.re_num from li_reader as a left join li_readertype as b on a.re_typeid=b.rt_id left join li_papers as c on a.re_paperid=c.pa_id Limit 0, 3 [ RunTime:0.0002s ]
INFO: [ view_parse ] --START--
NOTIC: [8] Undefined index: admin_name F:\homework\library\library\Runtime\Cache\d129012fcefb8faa6ff3cef3072120030c133e90.file.navigation.html.php 第 275 行.
INFO: Run Behavior\ParseTemplateBehavior [ RunTime:0.081195s ]
INFO: [ view_parse ] --END-- [ RunTime:0.081272s ]
INFO: [ view_filter ] --START--
INFO: Run Behavior\WriteHtmlCacheBehavior [ RunTime:0.000441s ]
INFO: [ view_filter ] --END-- [ RunTime:0.000500s ]
INFO: [ app_end ] --START--
INFO: Run Behavior\ShowPageTraceBehavior [ RunTime:0.000822s ]
INFO: [ app_end ] --END-- [ RunTime:0.000913s ]

[ 2015-10-13T13:30:37+08:00 ] 127.0.0.1 /library/library/index.php/Admin/Reader/Images/line.gif
INFO: [ app_init ] --START--
INFO: Run Behavior\BuildLiteBehavior [ RunTime:0.000017s ]
INFO: [ app_init ] --END-- [ RunTime:0.000407s ]

[ 2015-10-13T13:30:56+08:00 ] 127.0.0.1 /library/library/index.php/Admin/Reader/reader
INFO: [ app_init ] --START--
INFO: Run Behavior\BuildLiteBehavior [ RunTime:0.000017s ]
INFO: [ app_init ] --END-- [ RunTime:0.000416s ]
INFO: [ app_begin ] --START--
INFO: Run Behavior\ReadHtmlCacheBehavior [ RunTime:0.000605s ]
INFO: [ app_begin ] --END-- [ RunTime:0.000673s ]
SQL: SHOW COLUMNS FROM `li_reader` [ RunTime:0.0049s ]
SQL: SELECT COUNT(*) AS tp_count FROM `li_reader` LIMIT 1   [ RunTime:0.0002s ]
SQL: select a.re_id,a.re_name,a.re_code,b.rt_name,c.pa_type,a.re_number,a.re_tel,a.re_email,a.re_num from li_reader as a left join li_readertype as b on a.re_typeid=b.rt_id left join li_papers as c on a.re_paperid=c.pa_id Limit 0, 3 [ RunTime:0.0002s ]
INFO: [ view_parse ] --START--
NOTIC: [8] Undefined index: admin_name F:\homework\library\library\Runtime\Cache\d129012fcefb8faa6ff3cef3072120030c133e90.file.navigation.html.php 第 275 行.
INFO: Run Behavior\ParseTemplateBehavior [ RunTime:0.094563s ]
INFO: [ view_parse ] --END-- [ RunTime:0.094675s ]
INFO: [ view_filter ] --START--
INFO: Run Behavior\WriteHtmlCacheBehavior [ RunTime:0.000594s ]
INFO: [ view_filter ] --END-- [ RunTime:0.000664s ]
INFO: [ app_end ] --START--
INFO: Run Behavior\ShowPageTraceBehavior [ RunTime:0.000882s ]
INFO: [ app_end ] --END-- [ RunTime:0.000980s ]

[ 2015-10-13T13:30:56+08:00 ] 127.0.0.1 /library/library/index.php/Admin/Reader/Images/line.gif
INFO: [ app_init ] --START--
INFO: Run Behavior\BuildLiteBehavior [ RunTime:0.000017s ]
INFO: [ app_init ] --END-- [ RunTime:0.000437s ]

[ 2015-10-13T13:31:01+08:00 ] 127.0.0.1 /library/library/index.php/Admin/Reader/reader?&page=2
INFO: [ app_init ] --START--
INFO: Run Behavior\BuildLiteBehavior [ RunTime:0.000018s ]
INFO: [ app_init ] --END-- [ RunTime:0.000406s ]
INFO: [ app_begin ] --START--
INFO: Run Behavior\ReadHtmlCacheBehavior [ RunTime:0.000825s ]
INFO: [ app_begin ] --END-- [ RunTime:0.000928s ]
SQL: SHOW COLUMNS FROM `li_reader` [ RunTime:0.0039s ]
SQL: SELECT COUNT(*) AS tp_count FROM `li_reader` LIMIT 1   [ RunTime:0.0002s ]
SQL: select a.re_id,a.re_name,a.re_code,b.rt_name,c.pa_type,a.re_number,a.re_tel,a.re_email,a.re_num from li_reader as a left join li_readertype as b on a.re_typeid=b.rt_id left join li_papers as c on a.re_paperid=c.pa_id Limit 3, 3 [ RunTime:0.0005s ]
INFO: [ view_parse ] --START--
NOTIC: [8] Undefined index: admin_name F:\homework\library\library\Runtime\Cache\d129012fcefb8faa6ff3cef3072120030c133e90.file.navigation.html.php 第 275 行.
INFO: Run Behavior\ParseTemplateBehavior [ RunTime:0.011730s ]
INFO: [ view_parse ] --END-- [ RunTime:0.011865s ]
INFO: [ view_filter ] --START--
INFO: Run Behavior\WriteHtmlCacheBehavior [ RunTime:0.000358s ]
INFO: [ view_filter ] --END-- [ RunTime:0.000417s ]
INFO: [ app_end ] --START--
INFO: Run Behavior\ShowPageTraceBehavior [ RunTime:0.000772s ]
INFO: [ app_end ] --END-- [ RunTime:0.000846s ]

[ 2015-10-13T13:31:01+08:00 ] 127.0.0.1 /library/library/index.php/Admin/Reader/reader?&page=2
INFO: [ app_init ] --START--
INFO: Run Behavior\BuildLiteBehavior [ RunTime:0.000019s ]
INFO: [ app_init ] --END-- [ RunTime:0.000396s ]
INFO: [ app_begin ] --START--
INFO: Run Behavior\ReadHtmlCacheBehavior [ RunTime:0.000659s ]
INFO: [ app_begin ] --END-- [ RunTime:0.000748s ]
SQL: SHOW COLUMNS FROM `li_reader` [ RunTime:0.0037s ]
SQL: SELECT COUNT(*) AS tp_count FROM `li_reader` LIMIT 1   [ RunTime:0.0002s ]
SQL: select a.re_id,a.re_name,a.re_code,b.rt_name,c.pa_type,a.re_number,a.re_tel,a.re_email,a.re_num from li_reader as a left join li_readertype as b on a.re_typeid=b.rt_id left join li_papers as c on a.re_paperid=c.pa_id Limit 3, 3 [ RunTime:0.0002s ]
INFO: [ view_parse ] --START--
NOTIC: [8] Undefined index: admin_name F:\homework\library\library\Runtime\Cache\d129012fcefb8faa6ff3cef3072120030c133e90.file.navigation.html.php 第 275 行.
INFO: Run Behavior\ParseTemplateBehavior [ RunTime:0.011796s ]
INFO: [ view_parse ] --END-- [ RunTime:0.011891s ]
INFO: [ view_filter ] --START--
INFO: Run Behavior\WriteHtmlCacheBehavior [ RunTime:0.000224s ]
INFO: [ view_filter ] --END-- [ RunTime:0.000283s ]
INFO: [ app_end ] --START--
INFO: Run Behavior\ShowPageTraceBehavior [ RunTime:0.000757s ]
INFO: [ app_end ] --END-- [ RunTime:0.000852s ]

[ 2015-10-13T13:31:01+08:00 ] 127.0.0.1 /library/library/index.php/Admin/Reader/Images/line.gif
INFO: [ app_init ] --START--
INFO: Run Behavior\BuildLiteBehavior [ RunTime:0.000016s ]
INFO: [ app_init ] --END-- [ RunTime:0.000330s ]

[ 2015-10-13T13:31:02+08:00 ] 127.0.0.1 /library/library/index.php/Admin/Reader/reader?&page=1
INFO: [ app_init ] --START--
INFO: Run Behavior\BuildLiteBehavior [ RunTime:0.000016s ]
INFO: [ app_init ] --END-- [ RunTime:0.000390s ]
INFO: [ app_begin ] --START--
INFO: Run Behavior\ReadHtmlCacheBehavior [ RunTime:0.000562s ]
INFO: [ app_begin ] --END-- [ RunTime:0.000631s ]
SQL: SHOW COLUMNS FROM `li_reader` [ RunTime:0.0039s ]
SQL: SELECT COUNT(*) AS tp_count FROM `li_reader` LIMIT 1   [ RunTime:0.0002s ]
SQL: select a.re_id,a.re_name,a.re_code,b.rt_name,c.pa_type,a.re_number,a.re_tel,a.re_email,a.re_num from li_reader as a left join li_readertype as b on a.re_typeid=b.rt_id left join li_papers as c on a.re_paperid=c.pa_id Limit 0, 3 [ RunTime:0.0002s ]
INFO: [ view_parse ] --START--
NOTIC: [8] Undefined index: admin_name F:\homework\library\library\Runtime\Cache\d129012fcefb8faa6ff3cef3072120030c133e90.file.navigation.html.php 第 275 行.
INFO: Run Behavior\ParseTemplateBehavior [ RunTime:0.011712s ]
INFO: [ view_parse ] --END-- [ RunTime:0.011784s ]
INFO: [ view_filter ] --START--
INFO: Run Behavior\WriteHtmlCacheBehavior [ RunTime:0.000220s ]
INFO: [ view_filter ] --END-- [ RunTime:0.000279s ]
INFO: [ app_end ] --START--
INFO: Run Behavior\ShowPageTraceBehavior [ RunTime:0.000644s ]
INFO: [ app_end ] --END-- [ RunTime:0.000717s ]

[ 2015-10-13T13:31:02+08:00 ] 127.0.0.1 /library/library/index.php/Admin/Reader/reader?&page=1
INFO: [ app_init ] --START--
INFO: Run Behavior\BuildLiteBehavior [ RunTime:0.000017s ]
INFO: [ app_init ] --END-- [ RunTime:0.000338s ]
INFO: [ app_begin ] --START--
INFO: Run Behavior\ReadHtmlCacheBehavior [ RunTime:0.000471s ]
INFO: [ app_begin ] --END-- [ RunTime:0.000534s ]
SQL: SHOW COLUMNS FROM `li_reader` [ RunTime:0.0053s ]
SQL: SELECT COUNT(*) AS tp_count FROM `li_reader` LIMIT 1   [ RunTime:0.0002s ]
SQL: select a.re_id,a.re_name,a.re_code,b.rt_name,c.pa_type,a.re_number,a.re_tel,a.re_email,a.re_num from li_reader as a left join li_readertype as b on a.re_typeid=b.rt_id left join li_papers as c on a.re_paperid=c.pa_id Limit 0, 3 [ RunTime:0.0003s ]
INFO: [ view_parse ] --START--
NOTIC: [8] Undefined index: admin_name F:\homework\library\library\Runtime\Cache\d129012fcefb8faa6ff3cef3072120030c133e90.file.navigation.html.php 第 275 行.
INFO: Run Behavior\ParseTemplateBehavior [ RunTime:0.010919s ]
INFO: [ view_parse ] --END-- [ RunTime:0.010997s ]
INFO: [ view_filter ] --START--
INFO: Run Behavior\WriteHtmlCacheBehavior [ RunTime:0.000232s ]
INFO: [ view_filter ] --END-- [ RunTime:0.000292s ]
INFO: [ app_end ] --START--
INFO: Run Behavior\ShowPageTraceBehavior [ RunTime:0.000584s ]
INFO: [ app_end ] --END-- [ RunTime:0.000659s ]

[ 2015-10-13T13:31:02+08:00 ] 127.0.0.1 /library/library/index.php/Admin/Reader/Images/line.gif
INFO: [ app_init ] --START--
INFO: Run Behavior\BuildLiteBehavior [ RunTime:0.000041s ]
INFO: [ app_init ] --END-- [ RunTime:0.000561s ]

[ 2015-10-13T13:31:03+08:00 ] 127.0.0.1 /library/library/index.php/Admin/Reader/reader?&page=2
INFO: [ app_init ] --START--
INFO: Run Behavior\BuildLiteBehavior [ RunTime:0.000017s ]
INFO: [ app_init ] --END-- [ RunTime:0.000361s ]
INFO: [ app_begin ] --START--
INFO: Run Behavior\ReadHtmlCacheBehavior [ RunTime:0.000511s ]
INFO: [ app_begin ] --END-- [ RunTime:0.000582s ]
SQL: SHOW COLUMNS FROM `li_reader` [ RunTime:0.0038s ]
SQL: SELECT COUNT(*) AS tp_count FROM `li_reader` LIMIT 1   [ RunTime:0.0002s ]
SQL: select a.re_id,a.re_name,a.re_code,b.rt_name,c.pa_type,a.re_number,a.re_tel,a.re_email,a.re_num from li_reader as a left join li_readertype as b on a.re_typeid=b.rt_id left join li_papers as c on a.re_paperid=c.pa_id Limit 3, 3 [ RunTime:0.0003s ]
INFO: [ view_parse ] --START--
NOTIC: [8] Undefined index: admin_name F:\homework\library\library\Runtime\Cache\d129012fcefb8faa6ff3cef3072120030c133e90.file.navigation.html.php 第 275 行.
INFO: Run Behavior\ParseTemplateBehavior [ RunTime:0.011098s ]
INFO: [ view_parse ] --END-- [ RunTime:0.011171s ]
INFO: [ view_filter ] --START--
INFO: Run Behavior\WriteHtmlCacheBehavior [ RunTime:0.000217s ]
INFO: [ view_filter ] --END-- [ RunTime:0.000275s ]
INFO: [ app_end ] --START--
INFO: Run Behavior\ShowPageTraceBehavior [ RunTime:0.000745s ]
INFO: [ app_end ] --END-- [ RunTime:0.000813s ]

[ 2015-10-13T13:31:03+08:00 ] 127.0.0.1 /library/library/index.php/Admin/Reader/reader?&page=2
INFO: [ app_init ] --START--
INFO: Run Behavior\BuildLiteBehavior [ RunTime:0.000019s ]
INFO: [ app_init ] --END-- [ RunTime:0.000461s ]
INFO: [ app_begin ] --START--
INFO: Run Behavior\ReadHtmlCacheBehavior [ RunTime:0.000541s ]
INFO: [ app_begin ] --END-- [ RunTime:0.000628s ]
SQL: SHOW COLUMNS FROM `li_reader` [ RunTime:0.0037s ]
SQL: SELECT COUNT(*) AS tp_count FROM `li_reader` LIMIT 1   [ RunTime:0.0002s ]
SQL: select a.re_id,a.re_name,a.re_code,b.rt_name,c.pa_type,a.re_number,a.re_tel,a.re_email,a.re_num from li_reader as a left join li_readertype as b on a.re_typeid=b.rt_id left join li_papers as c on a.re_paperid=c.pa_id Limit 3, 3 [ RunTime:0.0002s ]
INFO: [ view_parse ] --START--
NOTIC: [8] Undefined index: admin_name F:\homework\library\library\Runtime\Cache\d129012fcefb8faa6ff3cef3072120030c133e90.file.navigation.html.php 第 275 行.
INFO: Run Behavior\ParseTemplateBehavior [ RunTime:0.011712s ]
INFO: [ view_parse ] --END-- [ RunTime:0.011790s ]
INFO: [ view_filter ] --START--
INFO: Run Behavior\WriteHtmlCacheBehavior [ RunTime:0.000251s ]
INFO: [ view_filter ] --END-- [ RunTime:0.000318s ]
INFO: [ app_end ] --START--
INFO: Run Behavior\ShowPageTraceBehavior [ RunTime:0.000569s ]
INFO: [ app_end ] --END-- [ RunTime:0.000644s ]

[ 2015-10-13T13:31:03+08:00 ] 127.0.0.1 /library/library/index.php/Admin/Reader/Images/line.gif
INFO: [ app_init ] --START--
INFO: Run Behavior\BuildLiteBehavior [ RunTime:0.000017s ]
INFO: [ app_init ] --END-- [ RunTime:0.000378s ]

[ 2015-10-13T13:31:04+08:00 ] 127.0.0.1 /library/library/index.php/Admin/Reader/reader?&page=1
INFO: [ app_init ] --START--
INFO: Run Behavior\BuildLiteBehavior [ RunTime:0.000017s ]
INFO: [ app_init ] --END-- [ RunTime:0.000432s ]
INFO: [ app_begin ] --START--
INFO: Run Behavior\ReadHtmlCacheBehavior [ RunTime:0.000532s ]
INFO: [ app_begin ] --END-- [ RunTime:0.000598s ]
SQL: SHOW COLUMNS FROM `li_reader` [ RunTime:0.0039s ]
SQL: SELECT COUNT(*) AS tp_count FROM `li_reader` LIMIT 1   [ RunTime:0.0002s ]
SQL: select a.re_id,a.re_name,a.re_code,b.rt_name,c.pa_type,a.re_number,a.re_tel,a.re_email,a.re_num from li_reader as a left join li_readertype as b on a.re_typeid=b.rt_id left join li_papers as c on a.re_paperid=c.pa_id Limit 0, 3 [ RunTime:0.0002s ]
INFO: [ view_parse ] --START--
NOTIC: [8] Undefined index: admin_name F:\homework\library\library\Runtime\Cache\d129012fcefb8faa6ff3cef3072120030c133e90.file.navigation.html.php 第 275 行.
INFO: Run Behavior\ParseTemplateBehavior [ RunTime:0.011986s ]
INFO: [ view_parse ] --END-- [ RunTime:0.012063s ]
INFO: [ view_filter ] --START--
INFO: Run Behavior\WriteHtmlCacheBehavior [ RunTime:0.000237s ]
INFO: [ view_filter ] --END-- [ RunTime:0.000298s ]
INFO: [ app_end ] --START--
INFO: Run Behavior\ShowPageTraceBehavior [ RunTime:0.000644s ]
INFO: [ app_end ] --END-- [ RunTime:0.000714s ]

[ 2015-10-13T13:31:04+08:00 ] 127.0.0.1 /library/library/index.php/Admin/Reader/reader?&page=1
INFO: [ app_init ] --START--
INFO: Run Behavior\BuildLiteBehavior [ RunTime:0.000017s ]
INFO: [ app_init ] --END-- [ RunTime:0.000368s ]
INFO: [ app_begin ] --START--
INFO: Run Behavior\ReadHtmlCacheBehavior [ RunTime:0.000536s ]
INFO: [ app_begin ] --END-- [ RunTime:0.000604s ]
SQL: SHOW COLUMNS FROM `li_reader` [ RunTime:0.0039s ]
SQL: SELECT COUNT(*) AS tp_count FROM `li_reader` LIMIT 1   [ RunTime:0.0002s ]
SQL: select a.re_id,a.re_name,a.re_code,b.rt_name,c.pa_type,a.re_number,a.re_tel,a.re_email,a.re_num from li_reader as a left join li_readertype as b on a.re_typeid=b.rt_id left join li_papers as c on a.re_paperid=c.pa_id Limit 0, 3 [ RunTime:0.0002s ]
INFO: [ view_parse ] --START--
NOTIC: [8] Undefined index: admin_name F:\homework\library\library\Runtime\Cache\d129012fcefb8faa6ff3cef3072120030c133e90.file.navigation.html.php 第 275 行.
INFO: Run Behavior\ParseTemplateBehavior [ RunTime:0.011375s ]
INFO: [ view_parse ] --END-- [ RunTime:0.011458s ]
INFO: [ view_filter ] --START--
INFO: Run Behavior\WriteHtmlCacheBehavior [ RunTime:0.000221s ]
INFO: [ view_filter ] --END-- [ RunTime:0.000278s ]
INFO: [ app_end ] --START--
INFO: Run Behavior\ShowPageTraceBehavior [ RunTime:0.000588s ]
INFO: [ app_end ] --END-- [ RunTime:0.000663s ]

[ 2015-10-13T13:31:04+08:00 ] 127.0.0.1 /library/library/index.php/Admin/Reader/Images/line.gif
INFO: [ app_init ] --START--
INFO: Run Behavior\BuildLiteBehavior [ RunTime:0.000017s ]
INFO: [ app_init ] --END-- [ RunTime:0.000379s ]

[ 2015-10-13T13:31:16+08:00 ] 127.0.0.1 /library/library/index.php/Admin/Reader/readerAdd
INFO: [ app_init ] --START--
INFO: Run Behavior\BuildLiteBehavior [ RunTime:0.000019s ]
INFO: [ app_init ] --END-- [ RunTime:0.000604s ]
INFO: [ app_begin ] --START--
INFO: Run Behavior\ReadHtmlCacheBehavior [ RunTime:0.000618s ]
INFO: [ app_begin ] --END-- [ RunTime:0.000686s ]
SQL: SHOW COLUMNS FROM `li_reader` [ RunTime:0.0041s ]
SQL: SHOW COLUMNS FROM `li_readertype` [ RunTime:0.0046s ]
SQL: SHOW COLUMNS FROM `li_papers` [ RunTime:0.0034s ]
SQL: SELECT `pa_id`,`pa_type` FROM `li_papers`  [ RunTime:0.0002s ]
SQL: SELECT `rt_name`,`rt_id` FROM `li_readertype`  [ RunTime:0.0003s ]
INFO: [ view_parse ] --START--
NOTIC: [2] filemtime() [<a href='function.filemtime'>function.filemtime</a>]: stat failed for F:/homework/library/library/Runtime/Cache\7a7c078e15d8f52c8db9dabb4446b80ee83d8f4e.file.reader_add.html.php F:\homework\library\ThinkPHP\Library\Vendor\Smarty\sysplugins\smarty_resource.php 第 683 行.
NOTIC: [2] unlink(F:/homework/library/library/Runtime/Cache\7a7c078e15d8f52c8db9dabb4446b80ee83d8f4e.file.reader_add.html.php) [<a href='function.unlink'>function.unlink</a>]: No such file or directory F:\homework\library\ThinkPHP\Library\Vendor\Smarty\sysplugins\smarty_internal_write_file.php 第 49 行.
NOTIC: [8] Undefined index: admin_name F:\homework\library\library\Runtime\Cache\d129012fcefb8faa6ff3cef3072120030c133e90.file.navigation.html.php 第 275 行.
INFO: Run Behavior\ParseTemplateBehavior [ RunTime:0.105794s ]
INFO: [ view_parse ] --END-- [ RunTime:0.105871s ]
INFO: [ view_filter ] --START--
INFO: Run Behavior\WriteHtmlCacheBehavior [ RunTime:0.000661s ]
INFO: [ view_filter ] --END-- [ RunTime:0.000757s ]
INFO: [ app_end ] --START--
INFO: Run Behavior\ShowPageTraceBehavior [ RunTime:0.000843s ]
INFO: [ app_end ] --END-- [ RunTime:0.000948s ]

[ 2015-10-13T13:31:16+08:00 ] 127.0.0.1 /library/library/index.php/Admin/Reader/Images/line.gif
INFO: [ app_init ] --START--
INFO: Run Behavior\BuildLiteBehavior [ RunTime:0.000017s ]
INFO: [ app_init ] --END-- [ RunTime:0.000481s ]

[ 2015-10-13T13:32:02+08:00 ] 127.0.0.1 /library/library/index.php/Admin/Reader/readerAdd
INFO: [ app_init ] --START--
INFO: Run Behavior\BuildLiteBehavior [ RunTime:0.000019s ]
INFO: [ app_init ] --END-- [ RunTime:0.000444s ]
INFO: [ app_begin ] --START--
INFO: Run Behavior\ReadHtmlCacheBehavior [ RunTime:0.000767s ]
INFO: [ app_begin ] --END-- [ RunTime:0.000869s ]
SQL: SHOW COLUMNS FROM `li_reader` [ RunTime:0.0039s ]
SQL: SHOW COLUMNS FROM `li_readertype` [ RunTime:0.0036s ]
SQL: SHOW COLUMNS FROM `li_papers` [ RunTime:0.0043s ]
SQL: SELECT `pa_id`,`pa_type` FROM `li_papers`  [ RunTime:0.0002s ]
SQL: SELECT `rt_name`,`rt_id` FROM `li_readertype`  [ RunTime:0.0002s ]
INFO: [ view_parse ] --START--
NOTIC: [8] Undefined index: admin_name F:\homework\library\library\Runtime\Cache\d129012fcefb8faa6ff3cef3072120030c133e90.file.navigation.html.php 第 275 行.
INFO: Run Behavior\ParseTemplateBehavior [ RunTime:0.117653s ]
INFO: [ view_parse ] --END-- [ RunTime:0.117729s ]
INFO: [ view_filter ] --START--
INFO: Run Behavior\WriteHtmlCacheBehavior [ RunTime:0.000440s ]
INFO: [ view_filter ] --END-- [ RunTime:0.000498s ]
INFO: [ app_end ] --START--
INFO: Run Behavior\ShowPageTraceBehavior [ RunTime:0.000858s ]
INFO: [ app_end ] --END-- [ RunTime:0.000952s ]

[ 2015-10-13T13:32:02+08:00 ] 127.0.0.1 /library/library/index.php/Admin/Reader/Images/line.gif
INFO: [ app_init ] --START--
INFO: Run Behavior\BuildLiteBehavior [ RunTime:0.000028s ]
INFO: [ app_init ] --END-- [ RunTime:0.000654s ]

[ 2015-10-13T13:32:17+08:00 ] 127.0.0.1 /library/library/index.php/Admin/Reader/Images/item_over.gif
INFO: [ app_init ] --START--
INFO: Run Behavior\BuildLiteBehavior [ RunTime:0.000020s ]
INFO: [ app_init ] --END-- [ RunTime:0.000453s ]

[ 2015-10-13T13:32:17+08:00 ] 127.0.0.1 /library/library/index.php/Admin/Reader/Images/item_over.gif
INFO: [ app_init ] --START--
INFO: Run Behavior\BuildLiteBehavior [ RunTime:0.000018s ]
INFO: [ app_init ] --END-- [ RunTime:0.000489s ]

[ 2015-10-13T13:32:17+08:00 ] 127.0.0.1 /library/library/index.php/Admin/Reader/.Images/item_out.gif
INFO: [ app_init ] --START--
INFO: Run Behavior\BuildLiteBehavior [ RunTime:0.000028s ]
INFO: [ app_init ] --END-- [ RunTime:0.000671s ]

[ 2015-10-13T13:32:17+08:00 ] 127.0.0.1 /library/library/index.php/Admin/Reader/Images/item_over.gif
INFO: [ app_init ] --START--
INFO: Run Behavior\BuildLiteBehavior [ RunTime:0.000043s ]
INFO: [ app_init ] --END-- [ RunTime:0.000440s ]

[ 2015-10-13T13:32:18+08:00 ] 127.0.0.1 /library/library/index.php/Admin/Reader/Images/item_over.gif
INFO: [ app_init ] --START--
INFO: Run Behavior\BuildLiteBehavior [ RunTime:0.000017s ]
INFO: [ app_init ] --END-- [ RunTime:0.000339s ]

[ 2015-10-13T13:32:18+08:00 ] 127.0.0.1 /library/library/index.php/Admin/Reader/.Images/item_out.gif
INFO: [ app_init ] --START--
INFO: Run Behavior\BuildLiteBehavior [ RunTime:0.000019s ]
INFO: [ app_init ] --END-- [ RunTime:0.000443s ]

[ 2015-10-13T13:32:18+08:00 ] 127.0.0.1 /library/library/index.php/Admin/Reader/reader
INFO: [ app_init ] --START--
INFO: Run Behavior\BuildLiteBehavior [ RunTime:0.000019s ]
INFO: [ app_init ] --END-- [ RunTime:0.000452s ]
INFO: [ app_begin ] --START--
INFO: Run Behavior\ReadHtmlCacheBehavior [ RunTime:0.001070s ]
INFO: [ app_begin ] --END-- [ RunTime:0.001198s ]
SQL: SHOW COLUMNS FROM `li_reader` [ RunTime:0.0048s ]
SQL: SELECT COUNT(*) AS tp_count FROM `li_reader` LIMIT 1   [ RunTime:0.0007s ]
SQL: select a.re_id,a.re_name,a.re_code,b.rt_name,c.pa_type,a.re_number,a.re_tel,a.re_email,a.re_num from li_reader as a left join li_readertype as b on a.re_typeid=b.rt_id left join li_papers as c on a.re_paperid=c.pa_id Limit 0, 3 [ RunTime:0.0003s ]
INFO: [ view_parse ] --START--
NOTIC: [8] Undefined index: admin_name F:\homework\library\library\Runtime\Cache\d129012fcefb8faa6ff3cef3072120030c133e90.file.navigation.html.php 第 275 行.
INFO: Run Behavior\ParseTemplateBehavior [ RunTime:0.012193s ]
INFO: [ view_parse ] --END-- [ RunTime:0.012280s ]
INFO: [ view_filter ] --START--
INFO: Run Behavior\WriteHtmlCacheBehavior [ RunTime:0.000357s ]
INFO: [ view_filter ] --END-- [ RunTime:0.000424s ]
INFO: [ app_end ] --START--
INFO: Run Behavior\ShowPageTraceBehavior [ RunTime:0.001131s ]
INFO: [ app_end ] --END-- [ RunTime:0.001274s ]

[ 2015-10-13T13:32:18+08:00 ] 127.0.0.1 /library/library/index.php/Admin/Reader/Images/line.gif
INFO: [ app_init ] --START--
INFO: Run Behavior\BuildLiteBehavior [ RunTime:0.000019s ]
INFO: [ app_init ] --END-- [ RunTime:0.000425s ]

[ 2015-10-13T13:32:23+08:00 ] 127.0.0.1 /library/library/index.php/Admin/Reader/reader?&page=2
INFO: [ app_init ] --START--
INFO: Run Behavior\BuildLiteBehavior [ RunTime:0.000016s ]
INFO: [ app_init ] --END-- [ RunTime:0.000330s ]
INFO: [ app_begin ] --START--
INFO: Run Behavior\ReadHtmlCacheBehavior [ RunTime:0.000449s ]
INFO: [ app_begin ] --END-- [ RunTime:0.000510s ]
SQL: SHOW COLUMNS FROM `li_reader` [ RunTime:0.0039s ]
SQL: SELECT COUNT(*) AS tp_count FROM `li_reader` LIMIT 1   [ RunTime:0.0002s ]
SQL: select a.re_id,a.re_name,a.re_code,b.rt_name,c.pa_type,a.re_number,a.re_tel,a.re_email,a.re_num from li_reader as a left join li_readertype as b on a.re_typeid=b.rt_id left join li_papers as c on a.re_paperid=c.pa_id Limit 3, 3 [ RunTime:0.0002s ]
INFO: [ view_parse ] --START--
NOTIC: [8] Undefined index: admin_name F:\homework\library\library\Runtime\Cache\d129012fcefb8faa6ff3cef3072120030c133e90.file.navigation.html.php 第 275 行.
INFO: Run Behavior\ParseTemplateBehavior [ RunTime:0.010283s ]
INFO: [ view_parse ] --END-- [ RunTime:0.010355s ]
INFO: [ view_filter ] --START--
INFO: Run Behavior\WriteHtmlCacheBehavior [ RunTime:0.000216s ]
INFO: [ view_filter ] --END-- [ RunTime:0.000274s ]
INFO: [ app_end ] --START--
INFO: Run Behavior\ShowPageTraceBehavior [ RunTime:0.000864s ]
INFO: [ app_end ] --END-- [ RunTime:0.000959s ]

[ 2015-10-13T13:32:23+08:00 ] 127.0.0.1 /library/library/index.php/Admin/Reader/reader?&page=2
INFO: [ app_init ] --START--
INFO: Run Behavior\BuildLiteBehavior [ RunTime:0.000015s ]
INFO: [ app_init ] --END-- [ RunTime:0.000357s ]
INFO: [ app_begin ] --START--
INFO: Run Behavior\ReadHtmlCacheBehavior [ RunTime:0.000454s ]
INFO: [ app_begin ] --END-- [ RunTime:0.000516s ]
SQL: SHOW COLUMNS FROM `li_reader` [ RunTime:0.0039s ]
SQL: SELECT COUNT(*) AS tp_count FROM `li_reader` LIMIT 1   [ RunTime:0.0002s ]
SQL: select a.re_id,a.re_name,a.re_code,b.rt_name,c.pa_type,a.re_number,a.re_tel,a.re_email,a.re_num from li_reader as a left join li_readertype as b on a.re_typeid=b.rt_id left join li_papers as c on a.re_paperid=c.pa_id Limit 3, 3 [ RunTime:0.0002s ]
INFO: [ view_parse ] --START--
NOTIC: [8] Undefined index: admin_name F:\homework\library\library\Runtime\Cache\d129012fcefb8faa6ff3cef3072120030c133e90.file.navigation.html.php 第 275 行.
INFO: Run Behavior\ParseTemplateBehavior [ RunTime:0.011409s ]
INFO: [ view_parse ] --END-- [ RunTime:0.011494s ]
INFO: [ view_filter ] --START--
INFO: Run Behavior\WriteHtmlCacheBehavior [ RunTime:0.000270s ]
INFO: [ view_filter ] --END-- [ RunTime:0.000334s ]
INFO: [ app_end ] --START--
INFO: Run Behavior\ShowPageTraceBehavior [ RunTime:0.000586s ]
INFO: [ app_end ] --END-- [ RunTime:0.000662s ]

[ 2015-10-13T13:32:23+08:00 ] 127.0.0.1 /library/library/index.php/Admin/Reader/Images/line.gif
INFO: [ app_init ] --START--
INFO: Run Behavior\BuildLiteBehavior [ RunTime:0.000019s ]
INFO: [ app_init ] --END-- [ RunTime:0.000474s ]

[ 2015-10-13T13:33:01+08:00 ] 127.0.0.1 /library/library/index.php/Admin/Reader/reader?&page=2
INFO: [ app_init ] --START--
INFO: Run Behavior\BuildLiteBehavior [ RunTime:0.000018s ]
INFO: [ app_init ] --END-- [ RunTime:0.000469s ]
INFO: [ app_begin ] --START--
INFO: Run Behavior\ReadHtmlCacheBehavior [ RunTime:0.000672s ]
INFO: [ app_begin ] --END-- [ RunTime:0.001053s ]
SQL: SHOW COLUMNS FROM `li_reader` [ RunTime:0.0043s ]
SQL: SELECT COUNT(*) AS tp_count FROM `li_reader` LIMIT 1   [ RunTime:0.0005s ]
SQL: select a.re_id,a.re_name,a.re_code,b.rt_name,c.pa_type,a.re_number,a.re_tel,a.re_email,a.re_num from li_reader as a left join li_readertype as b on a.re_typeid=b.rt_id left join li_papers as c on a.re_paperid=c.pa_id Limit 3, 3 [ RunTime:0.0005s ]
INFO: [ view_parse ] --START--
NOTIC: [8] Undefined index: admin_name F:\homework\library\library\Runtime\Cache\d129012fcefb8faa6ff3cef3072120030c133e90.file.navigation.html.php 第 275 行.
INFO: Run Behavior\ParseTemplateBehavior [ RunTime:0.011987s ]
INFO: [ view_parse ] --END-- [ RunTime:0.012065s ]
INFO: [ view_filter ] --START--
INFO: Run Behavior\WriteHtmlCacheBehavior [ RunTime:0.000383s ]
INFO: [ view_filter ] --END-- [ RunTime:0.000457s ]
INFO: [ app_end ] --START--
INFO: Run Behavior\ShowPageTraceBehavior [ RunTime:0.000988s ]
INFO: [ app_end ] --END-- [ RunTime:0.001079s ]

[ 2015-10-13T13:33:01+08:00 ] 127.0.0.1 /library/library/index.php/Admin/Reader/Images/line.gif
INFO: [ app_init ] --START--
INFO: Run Behavior\BuildLiteBehavior [ RunTime:0.000017s ]
INFO: [ app_init ] --END-- [ RunTime:0.000385s ]

